2016-09-14 08:44:36,637 DEBUG [braunimmobilien.server.beantojson.Spring3YahpConfigTest.main()] org.springframework.core.env.StandardEnvironment: Initializing new StandardEnvironment
2016-09-14 08:44:36,639 DEBUG [braunimmobilien.server.beantojson.Spring3YahpConfigTest.main()] org.springframework.core.env.StandardEnvironment: Adding [systemProperties] PropertySource with lowest search precedence
2016-09-14 08:44:36,639 DEBUG [braunimmobilien.server.beantojson.Spring3YahpConfigTest.main()] org.springframework.core.env.StandardEnvironment: Adding [systemEnvironment] PropertySource with lowest search precedence
2016-09-14 08:44:36,639 DEBUG [braunimmobilien.server.beantojson.Spring3YahpConfigTest.main()] org.springframework.core.env.StandardEnvironment: Initialized StandardEnvironment with PropertySources [systemProperties,systemEnvironment]
2016-09-14 08:44:36,641 INFO  [braunimmobilien.server.beantojson.Spring3YahpConfigTest.main()] org.springframework.context.support.ClassPathXmlApplicationContext: Refreshing org.springframework.context.support.ClassPathXmlApplicationContext@70415924: startup date [Wed Sep 14 08:44:36 CEST 2016]; root of context hierarchy
2016-09-14 08:44:36,667 DEBUG [braunimmobilien.server.beantojson.Spring3YahpConfigTest.main()] org.springframework.core.env.StandardEnvironment: Initializing new StandardEnvironment
2016-09-14 08:44:36,667 DEBUG [braunimmobilien.server.beantojson.Spring3YahpConfigTest.main()] org.springframework.core.env.StandardEnvironment: Adding [systemProperties] PropertySource with lowest search precedence
2016-09-14 08:44:36,667 DEBUG [braunimmobilien.server.beantojson.Spring3YahpConfigTest.main()] org.springframework.core.env.StandardEnvironment: Adding [systemEnvironment] PropertySource with lowest search precedence
2016-09-14 08:44:36,667 DEBUG [braunimmobilien.server.beantojson.Spring3YahpConfigTest.main()] org.springframework.core.env.StandardEnvironment: Initialized StandardEnvironment with PropertySources [systemProperties,systemEnvironment]
2016-09-14 08:44:36,668 DEBUG [braunimmobilien.server.beantojson.Spring3YahpConfigTest.main()] org.springframework.core.env.StandardEnvironment: Initializing new StandardEnvironment
2016-09-14 08:44:36,668 DEBUG [braunimmobilien.server.beantojson.Spring3YahpConfigTest.main()] org.springframework.core.env.StandardEnvironment: Adding [systemProperties] PropertySource with lowest search precedence
2016-09-14 08:44:36,668 DEBUG [braunimmobilien.server.beantojson.Spring3YahpConfigTest.main()] org.springframework.core.env.StandardEnvironment: Adding [systemEnvironment] PropertySource with lowest search precedence
2016-09-14 08:44:36,668 DEBUG [braunimmobilien.server.beantojson.Spring3YahpConfigTest.main()] org.springframework.core.env.StandardEnvironment: Initialized StandardEnvironment with PropertySources [systemProperties,systemEnvironment]
2016-09-14 08:44:36,676 INFO  [braunimmobilien.server.beantojson.Spring3YahpConfigTest.main()] org.springframework.beans.factory.xml.XmlBeanDefinitionReader: Loading XML bean definitions from class path resource [applicationContext-resources.xml]
2016-09-14 08:47:28,562 DEBUG [braunimmobilien.server.beantojson.Spring3YahpConfigTest.main()] org.springframework.core.env.StandardEnvironment: Initializing new StandardEnvironment
2016-09-14 08:47:28,564 DEBUG [braunimmobilien.server.beantojson.Spring3YahpConfigTest.main()] org.springframework.core.env.StandardEnvironment: Adding [systemProperties] PropertySource with lowest search precedence
2016-09-14 08:47:28,565 DEBUG [braunimmobilien.server.beantojson.Spring3YahpConfigTest.main()] org.springframework.core.env.StandardEnvironment: Adding [systemEnvironment] PropertySource with lowest search precedence
2016-09-14 08:47:28,565 DEBUG [braunimmobilien.server.beantojson.Spring3YahpConfigTest.main()] org.springframework.core.env.StandardEnvironment: Initialized StandardEnvironment with PropertySources [systemProperties,systemEnvironment]
2016-09-14 08:47:28,566 INFO  [braunimmobilien.server.beantojson.Spring3YahpConfigTest.main()] org.springframework.context.support.ClassPathXmlApplicationContext: Refreshing org.springframework.context.support.ClassPathXmlApplicationContext@11247416: startup date [Wed Sep 14 08:47:28 CEST 2016]; root of context hierarchy
2016-09-14 08:47:28,593 DEBUG [braunimmobilien.server.beantojson.Spring3YahpConfigTest.main()] org.springframework.core.env.StandardEnvironment: Initializing new StandardEnvironment
2016-09-14 08:47:28,593 DEBUG [braunimmobilien.server.beantojson.Spring3YahpConfigTest.main()] org.springframework.core.env.StandardEnvironment: Adding [systemProperties] PropertySource with lowest search precedence
2016-09-14 08:47:28,593 DEBUG [braunimmobilien.server.beantojson.Spring3YahpConfigTest.main()] org.springframework.core.env.StandardEnvironment: Adding [systemEnvironment] PropertySource with lowest search precedence
2016-09-14 08:47:28,593 DEBUG [braunimmobilien.server.beantojson.Spring3YahpConfigTest.main()] org.springframework.core.env.StandardEnvironment: Initialized StandardEnvironment with PropertySources [systemProperties,systemEnvironment]
2016-09-14 08:47:28,594 DEBUG [braunimmobilien.server.beantojson.Spring3YahpConfigTest.main()] org.springframework.core.env.StandardEnvironment: Initializing new StandardEnvironment
2016-09-14 08:47:28,594 DEBUG [braunimmobilien.server.beantojson.Spring3YahpConfigTest.main()] org.springframework.core.env.StandardEnvironment: Adding [systemProperties] PropertySource with lowest search precedence
2016-09-14 08:47:28,594 DEBUG [braunimmobilien.server.beantojson.Spring3YahpConfigTest.main()] org.springframework.core.env.StandardEnvironment: Adding [systemEnvironment] PropertySource with lowest search precedence
2016-09-14 08:47:28,594 DEBUG [braunimmobilien.server.beantojson.Spring3YahpConfigTest.main()] org.springframework.core.env.StandardEnvironment: Initialized StandardEnvironment with PropertySources [systemProperties,systemEnvironment]
2016-09-14 08:47:28,602 INFO  [braunimmobilien.server.beantojson.Spring3YahpConfigTest.main()] org.springframework.beans.factory.xml.XmlBeanDefinitionReader: Loading XML bean definitions from class path resource [applicationContext-resources.xml]
