2016-06-19 08:03:19,350 [Worker-4] INFO  o.e.m.c.i.l.LifecycleMappingFactory - Using NULL lifecycle mapping for MavenProject: braunimmobilien:project:1.0 @ /home/braun/gitclone/braunimmobilien/project/pom.xml.
2016-06-19 08:03:19,371 [Worker-4] WARN  o.e.m.c.i.embedder.EclipseLogger - The metadata /home/braun/.m2/repository/org/mortbay/jetty/jetty-maven-plugin/maven-metadata-agilejava.xml is invalid: no more data available - expected end tag </body> to close start tag <body> from line 1, parser stopped on END_TAG seen ...</iframe></body></html>... @1:295
2016-06-19 08:03:20,794 [Worker-4] INFO  o.e.m.c.i.l.LifecycleMappingFactory - Using org.eclipse.m2e.jdt.JarLifecycleMapping lifecycle mapping for MavenProject: braunimmobilien:model:1.0 @ /home/braun/gitclone/braunimmobilien/project/model/pom.xml.
2016-06-19 08:03:21,547 [Worker-4] WARN  o.e.m.c.i.embedder.EclipseLogger - The metadata /home/braun/.m2/repository/org/mortbay/jetty/maven-jetty-plugin/maven-metadata-agilejava.xml is invalid: no more data available - expected end tag </body> to close start tag <body> from line 1, parser stopped on END_TAG seen ...</iframe></body></html>... @1:295
2016-06-19 08:03:23,673 [Worker-4] INFO  o.e.m.c.i.l.LifecycleMappingFactory - Using org.eclipse.m2e.jdt.JarLifecycleMapping lifecycle mapping for MavenProject: braunimmobilien:cocoon:1.0 @ /home/braun/gitclone/braunimmobilien/project/cocoon/pom.xml.
2016-06-19 08:03:24,369 [Worker-4] WARN  o.e.m.c.i.embedder.EclipseLogger - The POM for velocity-tools:velocity-tools-generic:jar:2.0-beta1 is missing, no dependency information available
2016-06-19 08:03:24,913 [Worker-4] INFO  o.e.m.c.i.l.LifecycleMappingFactory - Using org.eclipse.m2e.jdt.JarLifecycleMapping lifecycle mapping for MavenProject: braunimmobilien:webapp-bootstrap:1.0 @ /home/braun/gitclone/braunimmobilien/project/webapp-bootstrap/pom.xml.
2016-06-19 08:03:27,049 [Worker-4] INFO  o.e.m.j.i.AbstractJavaProjectConfigurator - Adding source folder /model/src/main/java
2016-06-19 08:03:27,050 [Worker-4] INFO  o.e.m.j.i.AbstractJavaProjectConfigurator - Adding resource folder /model/src/main/resources
2016-06-19 08:03:27,050 [Worker-4] INFO  o.e.m.j.i.AbstractJavaProjectConfigurator - Adding resource folder /model/src/main/resources
2016-06-19 08:03:27,051 [Worker-4] INFO  o.e.m.j.i.AbstractJavaProjectConfigurator - Resources folder /model/src/main/java overlaps with sources folder /model/src/main/java
2016-06-19 08:03:27,055 [Worker-4] INFO  o.e.m.j.i.AbstractJavaProjectConfigurator - Adding source folder /model/src/test/java
2016-06-19 08:03:27,055 [Worker-4] INFO  o.e.m.j.i.AbstractJavaProjectConfigurator - Adding resource folder /model/src/test/resources
2016-06-19 08:03:27,205 [Worker-4] INFO  o.e.m.j.i.AbstractJavaProjectConfigurator - Adding source folder /cocoon/src/main/java
2016-06-19 08:03:27,205 [Worker-4] INFO  o.e.m.j.i.AbstractJavaProjectConfigurator - Adding resource folder /cocoon/src/main/resources
2016-06-19 08:03:27,221 [Worker-4] INFO  o.e.m.j.i.AbstractJavaProjectConfigurator - Resources folder /cocoon/src/main/resources/META-INF/cocoon/spring overlaps with sources folder /cocoon/src/main/resources
2016-06-19 08:03:27,222 [Worker-4] INFO  o.e.m.j.i.AbstractJavaProjectConfigurator - Adding source folder /cocoon/src/test/java
2016-06-19 08:03:27,222 [Worker-4] INFO  o.e.m.j.i.AbstractJavaProjectConfigurator - Adding resource folder /cocoon/src/test/resources
2016-06-19 08:03:27,353 [Worker-4] INFO  o.e.m.j.i.AbstractJavaProjectConfigurator - Adding source folder /webapp-bootstrap/src/main/java
2016-06-19 08:03:27,353 [Worker-4] INFO  o.e.m.j.i.AbstractJavaProjectConfigurator - Adding resource folder /webapp-bootstrap/src/main/resources
2016-06-19 08:03:27,357 [Worker-4] INFO  o.e.m.j.i.AbstractJavaProjectConfigurator - Resources folder /webapp-bootstrap/src/main/java overlaps with sources folder /webapp-bootstrap/src/main/java
2016-06-19 08:03:27,360 [Worker-4] INFO  o.e.m.j.i.AbstractJavaProjectConfigurator - Adding resource folder /webapp-bootstrap/src/main/resources
2016-06-19 08:03:27,365 [Worker-4] INFO  o.e.m.j.i.AbstractJavaProjectConfigurator - Adding source folder /webapp-bootstrap/src/test/java
2016-06-19 08:03:27,365 [Worker-4] INFO  o.e.m.j.i.AbstractJavaProjectConfigurator - Adding resource folder /webapp-bootstrap/src/test/resources
2016-06-19 08:03:27,365 [Worker-4] INFO  o.e.m.j.i.AbstractJavaProjectConfigurator - Adding resource folder /webapp-bootstrap/src/main/webapp
2016-06-19 08:03:27,482 [Worker-4] INFO  o.e.m.c.i.p.ProjectConfigurationManager - Imported and configured 4 project(s) in 10 sec
2016-06-19 08:03:29,254 [Worker-1] INFO  o.e.m.i.discovery.MavenDiscovery - No lifecyle mapping found at jar:file:/tmp/RemoteBundleDiscoveryStrategy6578295737632906388.tmp/org.eclipse.m2e.discovery.oss_catalog_1.6.jar_645519497118781216.jar!/lifecycle%2Forg.eclipse.m2e.discovery.lifecyclemapping.m2e-egit.xml
2016-06-19 08:03:29,254 [Worker-1] WARN  o.e.m.i.discovery.MavenDiscovery - CatalogItem org.eclipse.m2e.discovery.lifecyclemapping.m2e-egit does not contain lifecycle mapping metadata
2016-06-19 08:03:29,255 [Worker-1] INFO  o.e.m.i.discovery.MavenDiscovery - No lifecyle mapping found at jar:file:/tmp/RemoteBundleDiscoveryStrategy6578295737632906388.tmp/org.eclipse.m2e.discovery.oss_catalog_1.6.jar_645519497118781216.jar!/lifecycle%2Forg.eclipse.m2e.discovery.lifecyclemapping.m2e-subversive.xml
2016-06-19 08:03:29,255 [Worker-1] WARN  o.e.m.i.discovery.MavenDiscovery - CatalogItem org.eclipse.m2e.discovery.lifecyclemapping.m2e-subversive does not contain lifecycle mapping metadata
2016-06-19 08:03:33,394 [Worker-4] WARN  o.e.m.c.i.embedder.EclipseLogger - The metadata /home/braun/.m2/repository/org/mortbay/jetty/jetty-maven-plugin/maven-metadata-agilejava.xml is invalid: no more data available - expected end tag </body> to close start tag <body> from line 1, parser stopped on END_TAG seen ...</iframe></body></html>... @1:295
2016-06-19 08:03:33,410 [Worker-4] INFO  o.e.m.c.i.embedder.EclipseLogger - Using 'UTF-8' encoding to copy filtered resources.
2016-06-19 08:03:33,413 [Worker-4] INFO  o.e.m.c.i.embedder.EclipseLogger - Copying 2 resources
2016-06-19 08:03:33,430 [Worker-4] INFO  o.e.m.c.i.embedder.EclipseLogger - Copying 1 resource
2016-06-19 08:03:33,433 [Worker-4] INFO  o.e.m.c.i.embedder.EclipseLogger - Copying 0 resource
2016-06-19 08:03:33,435 [Worker-4] INFO  o.e.m.c.i.embedder.EclipseLogger - Using 'UTF-8' encoding to copy filtered resources.
2016-06-19 08:03:33,436 [Worker-4] INFO  o.e.m.c.i.embedder.EclipseLogger - Copying 35 resources
2016-06-19 08:03:34,294 [Worker-4] WARN  o.e.m.c.i.embedder.EclipseLogger - The POM for velocity-tools:velocity-tools-generic:jar:2.0-beta1 is missing, no dependency information available
2016-06-19 08:03:34,435 [Worker-4] WARN  o.e.m.c.i.embedder.EclipseLogger - The metadata /home/braun/.m2/repository/org/mortbay/jetty/maven-jetty-plugin/maven-metadata-agilejava.xml is invalid: no more data available - expected end tag </body> to close start tag <body> from line 1, parser stopped on END_TAG seen ...</iframe></body></html>... @1:295
2016-06-19 08:03:34,447 [Worker-4] INFO  o.e.m.c.i.embedder.EclipseLogger - Using 'UTF-8' encoding to copy filtered resources.
2016-06-19 08:03:34,560 [Worker-4] INFO  o.e.m.c.i.embedder.EclipseLogger - Copying 766 resources
2016-06-19 08:03:34,925 [Worker-4] INFO  o.e.m.c.i.embedder.EclipseLogger - Copying 15 resources to /home/braun/gitclone/braunimmobilien/project/cocoon/target/classes/META-INF/cocoon/spring
2016-06-19 08:03:34,982 [Worker-4] INFO  o.e.m.c.i.embedder.EclipseLogger - Using 'UTF-8' encoding to copy filtered resources.
2016-06-19 08:03:34,982 [Worker-4] INFO  o.e.m.c.i.embedder.EclipseLogger - Copying 0 resource
2016-06-19 08:03:38,212 [Worker-4] INFO  o.e.m.c.i.embedder.EclipseLogger - Using 'UTF-8' encoding to copy filtered resources.
2016-06-19 08:03:38,213 [Worker-4] INFO  o.e.m.c.i.embedder.EclipseLogger - Copying 375 resources
2016-06-19 08:03:40,248 [Worker-4] INFO  o.e.m.c.i.embedder.EclipseLogger - Copying 151 resources
2016-06-19 08:03:40,261 [Worker-4] INFO  o.e.m.c.i.embedder.EclipseLogger - Copying 351 resources
2016-06-19 08:03:40,266 [Worker-4] INFO  o.e.m.c.i.embedder.EclipseLogger - Using 'UTF-8' encoding to copy filtered resources.
2016-06-19 08:03:40,267 [Worker-4] INFO  o.e.m.c.i.embedder.EclipseLogger - Copying 7 resources
2016-06-19 08:03:40,267 [Worker-4] INFO  o.e.m.c.i.embedder.EclipseLogger - Copying 2 resources
2016-06-19 08:12:36,083 [Worker-8] INFO  o.e.m.c.i.l.LifecycleMappingFactory - Using NULL lifecycle mapping for MavenProject: braunimmobilien:project:1.0 @ /home/braun/gitclone/braunimmobilien/project/pom.xml.
2016-06-19 08:12:36,086 [Worker-8] WARN  o.e.m.c.i.embedder.EclipseLogger - The metadata /home/braun/.m2/repository/org/mortbay/jetty/maven-jetty-plugin/maven-metadata-agilejava.xml is invalid: no more data available - expected end tag </body> to close start tag <body> from line 1, parser stopped on END_TAG seen ...</iframe></body></html>... @1:295
2016-06-19 08:12:36,282 [Worker-8] INFO  o.e.m.c.i.l.LifecycleMappingFactory - Using org.eclipse.m2e.jdt.JarLifecycleMapping lifecycle mapping for MavenProject: braunimmobilien:cocoon:1.0 @ /home/braun/gitclone/braunimmobilien/project/cocoon/pom.xml.
2016-06-19 08:12:36,516 [Worker-8] WARN  o.e.m.c.i.embedder.EclipseLogger - The POM for velocity-tools:velocity-tools-generic:jar:2.0-beta1 is missing, no dependency information available
2016-06-19 08:12:36,610 [Worker-8] WARN  o.e.m.c.i.embedder.EclipseLogger - The metadata /home/braun/.m2/repository/org/mortbay/jetty/jetty-maven-plugin/maven-metadata-agilejava.xml is invalid: no more data available - expected end tag </body> to close start tag <body> from line 1, parser stopped on END_TAG seen ...</iframe></body></html>... @1:295
2016-06-19 08:12:36,685 [Worker-8] INFO  o.e.m.c.i.l.LifecycleMappingFactory - Using org.eclipse.m2e.jdt.JarLifecycleMapping lifecycle mapping for MavenProject: braunimmobilien:model:1.0 @ /home/braun/gitclone/braunimmobilien/project/model/pom.xml.
2016-06-19 08:12:36,833 [Worker-8] INFO  o.e.m.c.i.l.LifecycleMappingFactory - Using org.eclipse.m2e.jdt.JarLifecycleMapping lifecycle mapping for MavenProject: braunimmobilien:webapp-bootstrap:1.0 @ /home/braun/gitclone/braunimmobilien/project/webapp-bootstrap/pom.xml.
2016-06-19 08:12:38,184 [Worker-8] INFO  o.e.m.c.i.embedder.EclipseLogger - Using 'UTF-8' encoding to copy filtered resources.
2016-06-19 08:12:38,185 [Worker-8] INFO  o.e.m.c.i.embedder.EclipseLogger - Copying 0 resource
2016-06-19 08:12:38,185 [Worker-8] INFO  o.e.m.c.i.embedder.EclipseLogger - Copying 0 resource
2016-06-19 08:12:38,186 [Worker-8] INFO  o.e.m.c.i.embedder.EclipseLogger - Copying 0 resource
2016-06-19 08:12:38,187 [Worker-8] INFO  o.e.m.c.i.embedder.EclipseLogger - Using 'UTF-8' encoding to copy filtered resources.
2016-06-19 08:12:38,188 [Worker-8] INFO  o.e.m.c.i.embedder.EclipseLogger - Copying 0 resource
2016-06-19 08:12:38,188 [Worker-8] INFO  o.e.m.c.i.embedder.EclipseLogger - Copying 0 resource
2016-06-19 08:12:39,446 [Worker-13] WARN  o.e.m.c.i.embedder.EclipseLogger - The metadata /home/braun/.m2/repository/org/mortbay/jetty/jetty-maven-plugin/maven-metadata-agilejava.xml is invalid: no more data available - expected end tag </body> to close start tag <body> from line 1, parser stopped on END_TAG seen ...</iframe></body></html>... @1:295
2016-06-19 08:12:39,514 [Worker-13] INFO  o.e.m.c.i.embedder.EclipseLogger - Using 'UTF-8' encoding to copy filtered resources.
2016-06-19 08:12:39,515 [Worker-13] INFO  o.e.m.c.i.embedder.EclipseLogger - Copying 0 resource
2016-06-19 08:12:39,515 [Worker-13] INFO  o.e.m.c.i.embedder.EclipseLogger - Copying 0 resource
2016-06-19 08:12:39,515 [Worker-13] INFO  o.e.m.c.i.embedder.EclipseLogger - Copying 0 resource
2016-06-19 08:12:39,517 [Worker-13] INFO  o.e.m.c.i.embedder.EclipseLogger - Using 'UTF-8' encoding to copy filtered resources.
2016-06-19 08:12:39,517 [Worker-13] INFO  o.e.m.c.i.embedder.EclipseLogger - Copying 0 resource
2016-06-19 08:12:39,744 [Worker-13] WARN  o.e.m.c.i.embedder.EclipseLogger - The POM for velocity-tools:velocity-tools-generic:jar:2.0-beta1 is missing, no dependency information available
2016-06-19 08:12:39,828 [Worker-13] WARN  o.e.m.c.i.embedder.EclipseLogger - The metadata /home/braun/.m2/repository/org/mortbay/jetty/maven-jetty-plugin/maven-metadata-agilejava.xml is invalid: no more data available - expected end tag </body> to close start tag <body> from line 1, parser stopped on END_TAG seen ...</iframe></body></html>... @1:295
2016-06-19 08:12:39,832 [Worker-13] INFO  o.e.m.c.i.embedder.EclipseLogger - Using 'UTF-8' encoding to copy filtered resources.
2016-06-19 08:12:39,833 [Worker-13] INFO  o.e.m.c.i.embedder.EclipseLogger - Copying 0 resource
2016-06-19 08:12:39,833 [Worker-13] INFO  o.e.m.c.i.embedder.EclipseLogger - Copying 0 resource to /home/braun/gitclone/braunimmobilien/project/cocoon/target/classes/META-INF/cocoon/spring
2016-06-19 08:12:39,834 [Worker-13] INFO  o.e.m.c.i.embedder.EclipseLogger - Using 'UTF-8' encoding to copy filtered resources.
2016-06-19 08:12:39,834 [Worker-13] INFO  o.e.m.c.i.embedder.EclipseLogger - Copying 0 resource
2016-06-19 08:18:37,311 [Worker-11] INFO  o.e.m.c.i.l.LifecycleMappingFactory - Using NULL lifecycle mapping for MavenProject: braunimmobilien:project:1.0 @ /home/braun/gitclone/braunimmobilien/project/pom.xml.
2016-06-19 08:18:37,335 [Worker-11] WARN  o.e.m.c.i.embedder.EclipseLogger - The metadata /home/braun/.m2/repository/org/mortbay/jetty/maven-jetty-plugin/maven-metadata-agilejava.xml is invalid: no more data available - expected end tag </body> to close start tag <body> from line 1, parser stopped on END_TAG seen ...</iframe></body></html>... @1:295
2016-06-19 08:18:37,926 [Worker-11] INFO  o.e.m.c.i.l.LifecycleMappingFactory - Using org.eclipse.m2e.jdt.JarLifecycleMapping lifecycle mapping for MavenProject: braunimmobilien:cocoon:1.0 @ /home/braun/gitclone/braunimmobilien/project/cocoon/pom.xml.
2016-06-19 08:18:38,542 [Worker-11] WARN  o.e.m.c.i.embedder.EclipseLogger - The POM for velocity-tools:velocity-tools-generic:jar:2.0-beta1 is missing, no dependency information available
2016-06-19 08:18:38,786 [Worker-11] WARN  o.e.m.c.i.embedder.EclipseLogger - The metadata /home/braun/.m2/repository/org/mortbay/jetty/jetty-maven-plugin/maven-metadata-agilejava.xml is invalid: no more data available - expected end tag </body> to close start tag <body> from line 1, parser stopped on END_TAG seen ...</iframe></body></html>... @1:295
2016-06-19 08:18:38,936 [Worker-11] INFO  o.e.m.c.i.l.LifecycleMappingFactory - Using org.eclipse.m2e.jdt.JarLifecycleMapping lifecycle mapping for MavenProject: braunimmobilien:model:1.0 @ /home/braun/gitclone/braunimmobilien/project/model/pom.xml.
2016-06-19 08:18:39,115 [Worker-11] INFO  o.e.m.c.i.l.LifecycleMappingFactory - Using org.eclipse.m2e.jdt.JarLifecycleMapping lifecycle mapping for MavenProject: braunimmobilien:webapp-bootstrap:1.0 @ /home/braun/gitclone/braunimmobilien/project/webapp-bootstrap/pom.xml.
2016-06-19 08:18:41,055 [Worker-11] INFO  o.e.m.c.i.embedder.EclipseLogger - Using 'UTF-8' encoding to copy filtered resources.
2016-06-19 08:18:41,118 [Worker-11] INFO  o.e.m.c.i.embedder.EclipseLogger - Copying 375 resources
2016-06-19 08:18:43,637 [Worker-11] INFO  o.e.m.c.i.embedder.EclipseLogger - Copying 151 resources
2016-06-19 08:18:43,668 [Worker-11] INFO  o.e.m.c.i.embedder.EclipseLogger - Copying 351 resources
2016-06-19 08:18:43,674 [Worker-11] INFO  o.e.m.c.i.embedder.EclipseLogger - Using 'UTF-8' encoding to copy filtered resources.
2016-06-19 08:18:43,675 [Worker-11] INFO  o.e.m.c.i.embedder.EclipseLogger - Copying 7 resources
2016-06-19 08:18:43,675 [Worker-11] INFO  o.e.m.c.i.embedder.EclipseLogger - Copying 2 resources
2016-06-19 08:18:45,272 [Worker-11] WARN  o.e.m.c.i.embedder.EclipseLogger - The metadata /home/braun/.m2/repository/org/mortbay/jetty/jetty-maven-plugin/maven-metadata-agilejava.xml is invalid: no more data available - expected end tag </body> to close start tag <body> from line 1, parser stopped on END_TAG seen ...</iframe></body></html>... @1:295
2016-06-19 08:18:45,358 [Worker-11] INFO  o.e.m.c.i.embedder.EclipseLogger - Using 'UTF-8' encoding to copy filtered resources.
2016-06-19 08:18:45,359 [Worker-11] INFO  o.e.m.c.i.embedder.EclipseLogger - Copying 2 resources
2016-06-19 08:18:45,371 [Worker-11] INFO  o.e.m.c.i.embedder.EclipseLogger - Copying 1 resource
2016-06-19 08:18:45,372 [Worker-11] INFO  o.e.m.c.i.embedder.EclipseLogger - Copying 0 resource
2016-06-19 08:18:45,374 [Worker-11] INFO  o.e.m.c.i.embedder.EclipseLogger - Using 'UTF-8' encoding to copy filtered resources.
2016-06-19 08:18:45,375 [Worker-11] INFO  o.e.m.c.i.embedder.EclipseLogger - Copying 35 resources
2016-06-19 08:18:45,650 [Worker-11] WARN  o.e.m.c.i.embedder.EclipseLogger - The POM for velocity-tools:velocity-tools-generic:jar:2.0-beta1 is missing, no dependency information available
2016-06-19 08:18:45,758 [Worker-11] WARN  o.e.m.c.i.embedder.EclipseLogger - The metadata /home/braun/.m2/repository/org/mortbay/jetty/maven-jetty-plugin/maven-metadata-agilejava.xml is invalid: no more data available - expected end tag </body> to close start tag <body> from line 1, parser stopped on END_TAG seen ...</iframe></body></html>... @1:295
2016-06-19 08:18:45,762 [Worker-11] INFO  o.e.m.c.i.embedder.EclipseLogger - Using 'UTF-8' encoding to copy filtered resources.
2016-06-19 08:18:45,864 [Worker-11] INFO  o.e.m.c.i.embedder.EclipseLogger - Copying 766 resources
2016-06-19 08:18:45,875 [Worker-11] INFO  o.e.m.c.i.embedder.EclipseLogger - Copying 15 resources to /home/braun/gitclone/braunimmobilien/project/cocoon/target/classes/META-INF/cocoon/spring
2016-06-19 08:18:45,882 [Worker-11] INFO  o.e.m.c.i.embedder.EclipseLogger - Using 'UTF-8' encoding to copy filtered resources.
2016-06-19 08:18:45,882 [Worker-11] INFO  o.e.m.c.i.embedder.EclipseLogger - Copying 0 resource
2016-06-19 08:20:05,031 [Worker-11] INFO  o.e.m.c.i.l.LifecycleMappingFactory - Using NULL lifecycle mapping for MavenProject: braunimmobilien:project:1.0 @ /home/braun/gitclone/braunimmobilien/project/pom.xml.
2016-06-19 08:20:05,033 [Worker-11] WARN  o.e.m.c.i.embedder.EclipseLogger - The metadata /home/braun/.m2/repository/org/mortbay/jetty/maven-jetty-plugin/maven-metadata-agilejava.xml is invalid: no more data available - expected end tag </body> to close start tag <body> from line 1, parser stopped on END_TAG seen ...</iframe></body></html>... @1:295
2016-06-19 08:20:05,189 [Worker-11] INFO  o.e.m.c.i.l.LifecycleMappingFactory - Using org.eclipse.m2e.jdt.JarLifecycleMapping lifecycle mapping for MavenProject: braunimmobilien:cocoon:1.0 @ /home/braun/gitclone/braunimmobilien/project/cocoon/pom.xml.
2016-06-19 08:20:05,422 [Worker-11] WARN  o.e.m.c.i.embedder.EclipseLogger - The POM for velocity-tools:velocity-tools-generic:jar:2.0-beta1 is missing, no dependency information available
2016-06-19 08:20:05,519 [Worker-11] WARN  o.e.m.c.i.embedder.EclipseLogger - The metadata /home/braun/.m2/repository/org/mortbay/jetty/jetty-maven-plugin/maven-metadata-agilejava.xml is invalid: no more data available - expected end tag </body> to close start tag <body> from line 1, parser stopped on END_TAG seen ...</iframe></body></html>... @1:295
2016-06-19 08:20:05,595 [Worker-11] INFO  o.e.m.c.i.l.LifecycleMappingFactory - Using org.eclipse.m2e.jdt.JarLifecycleMapping lifecycle mapping for MavenProject: braunimmobilien:model:1.0 @ /home/braun/gitclone/braunimmobilien/project/model/pom.xml.
2016-06-19 08:20:05,721 [Worker-11] INFO  o.e.m.c.i.l.LifecycleMappingFactory - Using org.eclipse.m2e.jdt.JarLifecycleMapping lifecycle mapping for MavenProject: braunimmobilien:webapp-bootstrap:1.0 @ /home/braun/gitclone/braunimmobilien/project/webapp-bootstrap/pom.xml.
2016-06-19 08:20:06,847 [Worker-11] INFO  o.e.m.c.i.embedder.EclipseLogger - Using 'UTF-8' encoding to copy filtered resources.
2016-06-19 08:20:06,848 [Worker-11] INFO  o.e.m.c.i.embedder.EclipseLogger - Copying 0 resource
2016-06-19 08:20:06,848 [Worker-11] INFO  o.e.m.c.i.embedder.EclipseLogger - Copying 0 resource
2016-06-19 08:20:06,848 [Worker-11] INFO  o.e.m.c.i.embedder.EclipseLogger - Copying 0 resource
2016-06-19 08:20:06,850 [Worker-11] INFO  o.e.m.c.i.embedder.EclipseLogger - Using 'UTF-8' encoding to copy filtered resources.
2016-06-19 08:20:06,850 [Worker-11] INFO  o.e.m.c.i.embedder.EclipseLogger - Copying 0 resource
2016-06-19 08:20:06,850 [Worker-11] INFO  o.e.m.c.i.embedder.EclipseLogger - Copying 0 resource
2016-06-19 08:20:08,071 [Worker-13] WARN  o.e.m.c.i.embedder.EclipseLogger - The metadata /home/braun/.m2/repository/org/mortbay/jetty/jetty-maven-plugin/maven-metadata-agilejava.xml is invalid: no more data available - expected end tag </body> to close start tag <body> from line 1, parser stopped on END_TAG seen ...</iframe></body></html>... @1:295
2016-06-19 08:20:08,137 [Worker-13] INFO  o.e.m.c.i.embedder.EclipseLogger - Using 'UTF-8' encoding to copy filtered resources.
2016-06-19 08:20:08,138 [Worker-13] INFO  o.e.m.c.i.embedder.EclipseLogger - Copying 0 resource
2016-06-19 08:20:08,138 [Worker-13] INFO  o.e.m.c.i.embedder.EclipseLogger - Copying 0 resource
2016-06-19 08:20:08,138 [Worker-13] INFO  o.e.m.c.i.embedder.EclipseLogger - Copying 0 resource
2016-06-19 08:20:08,140 [Worker-13] INFO  o.e.m.c.i.embedder.EclipseLogger - Using 'UTF-8' encoding to copy filtered resources.
2016-06-19 08:20:08,140 [Worker-13] INFO  o.e.m.c.i.embedder.EclipseLogger - Copying 0 resource
2016-06-19 08:20:08,388 [Worker-13] WARN  o.e.m.c.i.embedder.EclipseLogger - The POM for velocity-tools:velocity-tools-generic:jar:2.0-beta1 is missing, no dependency information available
2016-06-19 08:20:08,464 [Worker-13] WARN  o.e.m.c.i.embedder.EclipseLogger - The metadata /home/braun/.m2/repository/org/mortbay/jetty/maven-jetty-plugin/maven-metadata-agilejava.xml is invalid: no more data available - expected end tag </body> to close start tag <body> from line 1, parser stopped on END_TAG seen ...</iframe></body></html>... @1:295
2016-06-19 08:20:08,468 [Worker-13] INFO  o.e.m.c.i.embedder.EclipseLogger - Using 'UTF-8' encoding to copy filtered resources.
2016-06-19 08:20:08,468 [Worker-13] INFO  o.e.m.c.i.embedder.EclipseLogger - Copying 0 resource
2016-06-19 08:20:08,468 [Worker-13] INFO  o.e.m.c.i.embedder.EclipseLogger - Copying 0 resource to /home/braun/gitclone/braunimmobilien/project/cocoon/target/classes/META-INF/cocoon/spring
2016-06-19 08:20:08,469 [Worker-13] INFO  o.e.m.c.i.embedder.EclipseLogger - Using 'UTF-8' encoding to copy filtered resources.
2016-06-19 08:20:08,469 [Worker-13] INFO  o.e.m.c.i.embedder.EclipseLogger - Copying 0 resource
2016-06-19 08:35:22,097 [Worker-4] INFO  o.e.m.c.i.l.LifecycleMappingFactory - Using NULL lifecycle mapping for MavenProject: braunimmobilien:project:1.0 @ /home/braun/gitclone/braunimmobilien/project/pom.xml.
2016-06-19 08:35:22,100 [Worker-4] WARN  o.e.m.c.i.embedder.EclipseLogger - The metadata /home/braun/.m2/repository/org/mortbay/jetty/maven-jetty-plugin/maven-metadata-agilejava.xml is invalid: no more data available - expected end tag </body> to close start tag <body> from line 1, parser stopped on END_TAG seen ...</iframe></body></html>... @1:295
2016-06-19 08:35:22,223 [Worker-4] INFO  o.e.m.c.i.l.LifecycleMappingFactory - Using org.eclipse.m2e.jdt.JarLifecycleMapping lifecycle mapping for MavenProject: braunimmobilien:cocoon:1.0 @ /home/braun/gitclone/braunimmobilien/project/cocoon/pom.xml.
2016-06-19 08:35:22,409 [Worker-4] WARN  o.e.m.c.i.embedder.EclipseLogger - The POM for velocity-tools:velocity-tools-generic:jar:2.0-beta1 is missing, no dependency information available
2016-06-19 08:35:22,487 [Worker-4] WARN  o.e.m.c.i.embedder.EclipseLogger - The metadata /home/braun/.m2/repository/org/mortbay/jetty/jetty-maven-plugin/maven-metadata-agilejava.xml is invalid: no more data available - expected end tag </body> to close start tag <body> from line 1, parser stopped on END_TAG seen ...</iframe></body></html>... @1:295
2016-06-19 08:35:22,548 [Worker-4] INFO  o.e.m.c.i.l.LifecycleMappingFactory - Using org.eclipse.m2e.jdt.JarLifecycleMapping lifecycle mapping for MavenProject: braunimmobilien:model:1.0 @ /home/braun/gitclone/braunimmobilien/project/model/pom.xml.
2016-06-19 08:35:22,627 [Worker-4] INFO  o.e.m.c.i.l.LifecycleMappingFactory - Using org.eclipse.m2e.jdt.JarLifecycleMapping lifecycle mapping for MavenProject: braunimmobilien:webapp-bootstrap:1.0 @ /home/braun/gitclone/braunimmobilien/project/webapp-bootstrap/pom.xml.
2016-06-19 08:35:23,552 [Worker-4] INFO  o.e.m.c.i.embedder.EclipseLogger - Using 'UTF-8' encoding to copy filtered resources.
2016-06-19 08:35:23,553 [Worker-4] INFO  o.e.m.c.i.embedder.EclipseLogger - Copying 0 resource
2016-06-19 08:35:23,553 [Worker-4] INFO  o.e.m.c.i.embedder.EclipseLogger - Copying 0 resource
2016-06-19 08:35:23,553 [Worker-4] INFO  o.e.m.c.i.embedder.EclipseLogger - Copying 0 resource
2016-06-19 08:35:23,555 [Worker-4] INFO  o.e.m.c.i.embedder.EclipseLogger - Using 'UTF-8' encoding to copy filtered resources.
2016-06-19 08:35:23,555 [Worker-4] INFO  o.e.m.c.i.embedder.EclipseLogger - Copying 0 resource
2016-06-19 08:35:23,555 [Worker-4] INFO  o.e.m.c.i.embedder.EclipseLogger - Copying 0 resource
2016-06-19 08:35:24,764 [Worker-16] WARN  o.e.m.c.i.embedder.EclipseLogger - The metadata /home/braun/.m2/repository/org/mortbay/jetty/jetty-maven-plugin/maven-metadata-agilejava.xml is invalid: no more data available - expected end tag </body> to close start tag <body> from line 1, parser stopped on END_TAG seen ...</iframe></body></html>... @1:295
2016-06-19 08:35:24,842 [Worker-16] INFO  o.e.m.c.i.embedder.EclipseLogger - Using 'UTF-8' encoding to copy filtered resources.
2016-06-19 08:35:24,843 [Worker-16] INFO  o.e.m.c.i.embedder.EclipseLogger - Copying 0 resource
2016-06-19 08:35:24,843 [Worker-16] INFO  o.e.m.c.i.embedder.EclipseLogger - Copying 0 resource
2016-06-19 08:35:24,843 [Worker-16] INFO  o.e.m.c.i.embedder.EclipseLogger - Copying 0 resource
2016-06-19 08:35:24,845 [Worker-16] INFO  o.e.m.c.i.embedder.EclipseLogger - Using 'UTF-8' encoding to copy filtered resources.
2016-06-19 08:35:24,845 [Worker-16] INFO  o.e.m.c.i.embedder.EclipseLogger - Copying 0 resource
2016-06-19 08:35:25,080 [Worker-16] WARN  o.e.m.c.i.embedder.EclipseLogger - The POM for velocity-tools:velocity-tools-generic:jar:2.0-beta1 is missing, no dependency information available
2016-06-19 08:35:25,147 [Worker-16] WARN  o.e.m.c.i.embedder.EclipseLogger - The metadata /home/braun/.m2/repository/org/mortbay/jetty/maven-jetty-plugin/maven-metadata-agilejava.xml is invalid: no more data available - expected end tag </body> to close start tag <body> from line 1, parser stopped on END_TAG seen ...</iframe></body></html>... @1:295
2016-06-19 08:35:25,153 [Worker-16] INFO  o.e.m.c.i.embedder.EclipseLogger - Using 'UTF-8' encoding to copy filtered resources.
2016-06-19 08:35:25,153 [Worker-16] INFO  o.e.m.c.i.embedder.EclipseLogger - Copying 0 resource
2016-06-19 08:35:25,153 [Worker-16] INFO  o.e.m.c.i.embedder.EclipseLogger - Copying 0 resource to /home/braun/gitclone/braunimmobilien/project/cocoon/target/classes/META-INF/cocoon/spring
2016-06-19 08:35:25,154 [Worker-16] INFO  o.e.m.c.i.embedder.EclipseLogger - Using 'UTF-8' encoding to copy filtered resources.
2016-06-19 08:35:25,155 [Worker-16] INFO  o.e.m.c.i.embedder.EclipseLogger - Copying 0 resource
2016-06-19 08:35:56,074 [Worker-11] INFO  o.e.m.c.i.l.LifecycleMappingFactory - Using NULL lifecycle mapping for MavenProject: braunimmobilien:project:1.0 @ /home/braun/gitclone/braunimmobilien/project/pom.xml.
2016-06-19 08:35:56,076 [Worker-11] WARN  o.e.m.c.i.embedder.EclipseLogger - The metadata /home/braun/.m2/repository/org/mortbay/jetty/maven-jetty-plugin/maven-metadata-agilejava.xml is invalid: no more data available - expected end tag </body> to close start tag <body> from line 1, parser stopped on END_TAG seen ...</iframe></body></html>... @1:295
2016-06-19 08:35:56,210 [Worker-11] INFO  o.e.m.c.i.l.LifecycleMappingFactory - Using org.eclipse.m2e.jdt.JarLifecycleMapping lifecycle mapping for MavenProject: braunimmobilien:cocoon:1.0 @ /home/braun/gitclone/braunimmobilien/project/cocoon/pom.xml.
2016-06-19 08:35:56,425 [Worker-11] WARN  o.e.m.c.i.embedder.EclipseLogger - The POM for velocity-tools:velocity-tools-generic:jar:2.0-beta1 is missing, no dependency information available
2016-06-19 08:35:56,553 [Worker-11] WARN  o.e.m.c.i.embedder.EclipseLogger - The metadata /home/braun/.m2/repository/org/mortbay/jetty/jetty-maven-plugin/maven-metadata-agilejava.xml is invalid: no more data available - expected end tag </body> to close start tag <body> from line 1, parser stopped on END_TAG seen ...</iframe></body></html>... @1:295
2016-06-19 08:35:56,606 [Worker-11] INFO  o.e.m.c.i.l.LifecycleMappingFactory - Using org.eclipse.m2e.jdt.JarLifecycleMapping lifecycle mapping for MavenProject: braunimmobilien:model:1.0 @ /home/braun/gitclone/braunimmobilien/project/model/pom.xml.
2016-06-19 08:35:56,675 [Worker-11] INFO  o.e.m.c.i.l.LifecycleMappingFactory - Using org.eclipse.m2e.jdt.JarLifecycleMapping lifecycle mapping for MavenProject: braunimmobilien:webapp-bootstrap:1.0 @ /home/braun/gitclone/braunimmobilien/project/webapp-bootstrap/pom.xml.
2016-06-19 08:35:57,443 [Worker-11] INFO  o.e.m.c.i.embedder.EclipseLogger - Using 'UTF-8' encoding to copy filtered resources.
2016-06-19 08:35:57,444 [Worker-11] INFO  o.e.m.c.i.embedder.EclipseLogger - Copying 0 resource
2016-06-19 08:35:57,444 [Worker-11] INFO  o.e.m.c.i.embedder.EclipseLogger - Copying 0 resource
2016-06-19 08:35:57,444 [Worker-11] INFO  o.e.m.c.i.embedder.EclipseLogger - Copying 0 resource
2016-06-19 08:35:57,446 [Worker-11] INFO  o.e.m.c.i.embedder.EclipseLogger - Using 'UTF-8' encoding to copy filtered resources.
2016-06-19 08:35:57,446 [Worker-11] INFO  o.e.m.c.i.embedder.EclipseLogger - Copying 0 resource
2016-06-19 08:35:57,446 [Worker-11] INFO  o.e.m.c.i.embedder.EclipseLogger - Copying 0 resource
2016-06-19 08:35:58,642 [Worker-17] WARN  o.e.m.c.i.embedder.EclipseLogger - The metadata /home/braun/.m2/repository/org/mortbay/jetty/jetty-maven-plugin/maven-metadata-agilejava.xml is invalid: no more data available - expected end tag </body> to close start tag <body> from line 1, parser stopped on END_TAG seen ...</iframe></body></html>... @1:295
2016-06-19 08:35:58,706 [Worker-17] INFO  o.e.m.c.i.embedder.EclipseLogger - Using 'UTF-8' encoding to copy filtered resources.
2016-06-19 08:35:58,707 [Worker-17] INFO  o.e.m.c.i.embedder.EclipseLogger - Copying 0 resource
2016-06-19 08:35:58,707 [Worker-17] INFO  o.e.m.c.i.embedder.EclipseLogger - Copying 0 resource
2016-06-19 08:35:58,707 [Worker-17] INFO  o.e.m.c.i.embedder.EclipseLogger - Copying 0 resource
2016-06-19 08:35:58,709 [Worker-17] INFO  o.e.m.c.i.embedder.EclipseLogger - Using 'UTF-8' encoding to copy filtered resources.
2016-06-19 08:35:58,709 [Worker-17] INFO  o.e.m.c.i.embedder.EclipseLogger - Copying 0 resource
2016-06-19 08:35:58,904 [Worker-17] WARN  o.e.m.c.i.embedder.EclipseLogger - The POM for velocity-tools:velocity-tools-generic:jar:2.0-beta1 is missing, no dependency information available
2016-06-19 08:35:58,970 [Worker-17] WARN  o.e.m.c.i.embedder.EclipseLogger - The metadata /home/braun/.m2/repository/org/mortbay/jetty/maven-jetty-plugin/maven-metadata-agilejava.xml is invalid: no more data available - expected end tag </body> to close start tag <body> from line 1, parser stopped on END_TAG seen ...</iframe></body></html>... @1:295
2016-06-19 08:35:58,974 [Worker-17] INFO  o.e.m.c.i.embedder.EclipseLogger - Using 'UTF-8' encoding to copy filtered resources.
2016-06-19 08:35:58,974 [Worker-17] INFO  o.e.m.c.i.embedder.EclipseLogger - Copying 0 resource
2016-06-19 08:35:58,974 [Worker-17] INFO  o.e.m.c.i.embedder.EclipseLogger - Copying 0 resource to /home/braun/gitclone/braunimmobilien/project/cocoon/target/classes/META-INF/cocoon/spring
2016-06-19 08:35:58,975 [Worker-17] INFO  o.e.m.c.i.embedder.EclipseLogger - Using 'UTF-8' encoding to copy filtered resources.
2016-06-19 08:35:58,975 [Worker-17] INFO  o.e.m.c.i.embedder.EclipseLogger - Copying 0 resource
2016-06-19 08:36:46,471 [Worker-17] INFO  o.e.m.c.i.l.LifecycleMappingFactory - Using NULL lifecycle mapping for MavenProject: braunimmobilien:project:1.0 @ /home/braun/gitclone/braunimmobilien/project/pom.xml.
2016-06-19 08:36:46,478 [Worker-17] WARN  o.e.m.c.i.embedder.EclipseLogger - The metadata /home/braun/.m2/repository/org/mortbay/jetty/maven-jetty-plugin/maven-metadata-agilejava.xml is invalid: no more data available - expected end tag </body> to close start tag <body> from line 1, parser stopped on END_TAG seen ...</iframe></body></html>... @1:295
2016-06-19 08:36:46,588 [Worker-17] INFO  o.e.m.c.i.l.LifecycleMappingFactory - Using org.eclipse.m2e.jdt.JarLifecycleMapping lifecycle mapping for MavenProject: braunimmobilien:cocoon:1.0 @ /home/braun/gitclone/braunimmobilien/project/cocoon/pom.xml.
2016-06-19 08:36:46,750 [Worker-17] WARN  o.e.m.c.i.embedder.EclipseLogger - The POM for velocity-tools:velocity-tools-generic:jar:2.0-beta1 is missing, no dependency information available
2016-06-19 08:36:46,812 [Worker-17] WARN  o.e.m.c.i.embedder.EclipseLogger - The metadata /home/braun/.m2/repository/org/mortbay/jetty/jetty-maven-plugin/maven-metadata-agilejava.xml is invalid: no more data available - expected end tag </body> to close start tag <body> from line 1, parser stopped on END_TAG seen ...</iframe></body></html>... @1:295
2016-06-19 08:36:46,865 [Worker-17] INFO  o.e.m.c.i.l.LifecycleMappingFactory - Using org.eclipse.m2e.jdt.JarLifecycleMapping lifecycle mapping for MavenProject: braunimmobilien:model:1.0 @ /home/braun/gitclone/braunimmobilien/project/model/pom.xml.
2016-06-19 08:36:46,932 [Worker-17] INFO  o.e.m.c.i.l.LifecycleMappingFactory - Using org.eclipse.m2e.jdt.JarLifecycleMapping lifecycle mapping for MavenProject: braunimmobilien:webapp-bootstrap:1.0 @ /home/braun/gitclone/braunimmobilien/project/webapp-bootstrap/pom.xml.
2016-06-19 08:36:47,666 [Worker-17] INFO  o.e.m.c.i.embedder.EclipseLogger - Using 'UTF-8' encoding to copy filtered resources.
2016-06-19 08:36:47,667 [Worker-17] INFO  o.e.m.c.i.embedder.EclipseLogger - Copying 0 resource
2016-06-19 08:36:47,667 [Worker-17] INFO  o.e.m.c.i.embedder.EclipseLogger - Copying 0 resource
2016-06-19 08:36:47,668 [Worker-17] INFO  o.e.m.c.i.embedder.EclipseLogger - Copying 0 resource
2016-06-19 08:36:47,669 [Worker-17] INFO  o.e.m.c.i.embedder.EclipseLogger - Using 'UTF-8' encoding to copy filtered resources.
2016-06-19 08:36:47,670 [Worker-17] INFO  o.e.m.c.i.embedder.EclipseLogger - Copying 0 resource
2016-06-19 08:36:47,670 [Worker-17] INFO  o.e.m.c.i.embedder.EclipseLogger - Copying 0 resource
2016-06-19 08:36:48,822 [Worker-0] WARN  o.e.m.c.i.embedder.EclipseLogger - The metadata /home/braun/.m2/repository/org/mortbay/jetty/jetty-maven-plugin/maven-metadata-agilejava.xml is invalid: no more data available - expected end tag </body> to close start tag <body> from line 1, parser stopped on END_TAG seen ...</iframe></body></html>... @1:295
2016-06-19 08:36:48,879 [Worker-0] INFO  o.e.m.c.i.embedder.EclipseLogger - Using 'UTF-8' encoding to copy filtered resources.
2016-06-19 08:36:48,880 [Worker-0] INFO  o.e.m.c.i.embedder.EclipseLogger - Copying 0 resource
2016-06-19 08:36:48,880 [Worker-0] INFO  o.e.m.c.i.embedder.EclipseLogger - Copying 0 resource
2016-06-19 08:36:48,880 [Worker-0] INFO  o.e.m.c.i.embedder.EclipseLogger - Copying 0 resource
2016-06-19 08:36:48,882 [Worker-0] INFO  o.e.m.c.i.embedder.EclipseLogger - Using 'UTF-8' encoding to copy filtered resources.
2016-06-19 08:36:48,882 [Worker-0] INFO  o.e.m.c.i.embedder.EclipseLogger - Copying 0 resource
2016-06-19 08:36:49,061 [Worker-0] WARN  o.e.m.c.i.embedder.EclipseLogger - The POM for velocity-tools:velocity-tools-generic:jar:2.0-beta1 is missing, no dependency information available
2016-06-19 08:36:49,121 [Worker-0] WARN  o.e.m.c.i.embedder.EclipseLogger - The metadata /home/braun/.m2/repository/org/mortbay/jetty/maven-jetty-plugin/maven-metadata-agilejava.xml is invalid: no more data available - expected end tag </body> to close start tag <body> from line 1, parser stopped on END_TAG seen ...</iframe></body></html>... @1:295
2016-06-19 08:36:49,125 [Worker-0] INFO  o.e.m.c.i.embedder.EclipseLogger - Using 'UTF-8' encoding to copy filtered resources.
2016-06-19 08:36:49,125 [Worker-0] INFO  o.e.m.c.i.embedder.EclipseLogger - Copying 0 resource
2016-06-19 08:36:49,125 [Worker-0] INFO  o.e.m.c.i.embedder.EclipseLogger - Copying 0 resource to /home/braun/gitclone/braunimmobilien/project/cocoon/target/classes/META-INF/cocoon/spring
2016-06-19 08:36:49,126 [Worker-0] INFO  o.e.m.c.i.embedder.EclipseLogger - Using 'UTF-8' encoding to copy filtered resources.
2016-06-19 08:36:49,126 [Worker-0] INFO  o.e.m.c.i.embedder.EclipseLogger - Copying 0 resource
2016-06-19 08:40:09,576 [Worker-0] INFO  o.e.m.c.i.l.LifecycleMappingFactory - Using NULL lifecycle mapping for MavenProject: braunimmobilien:project:1.0 @ /home/braun/gitclone/braunimmobilien/project/pom.xml.
2016-06-19 08:40:09,578 [Worker-0] WARN  o.e.m.c.i.embedder.EclipseLogger - The metadata /home/braun/.m2/repository/org/mortbay/jetty/maven-jetty-plugin/maven-metadata-agilejava.xml is invalid: no more data available - expected end tag </body> to close start tag <body> from line 1, parser stopped on END_TAG seen ...</iframe></body></html>... @1:295
2016-06-19 08:40:09,685 [Worker-0] INFO  o.e.m.c.i.l.LifecycleMappingFactory - Using org.eclipse.m2e.jdt.JarLifecycleMapping lifecycle mapping for MavenProject: braunimmobilien:cocoon:1.0 @ /home/braun/gitclone/braunimmobilien/project/cocoon/pom.xml.
2016-06-19 08:40:09,865 [Worker-0] WARN  o.e.m.c.i.embedder.EclipseLogger - The POM for velocity-tools:velocity-tools-generic:jar:2.0-beta1 is missing, no dependency information available
2016-06-19 08:40:09,927 [Worker-0] WARN  o.e.m.c.i.embedder.EclipseLogger - The metadata /home/braun/.m2/repository/org/mortbay/jetty/jetty-maven-plugin/maven-metadata-agilejava.xml is invalid: no more data available - expected end tag </body> to close start tag <body> from line 1, parser stopped on END_TAG seen ...</iframe></body></html>... @1:295
2016-06-19 08:40:09,978 [Worker-0] INFO  o.e.m.c.i.l.LifecycleMappingFactory - Using org.eclipse.m2e.jdt.JarLifecycleMapping lifecycle mapping for MavenProject: braunimmobilien:model:1.0 @ /home/braun/gitclone/braunimmobilien/project/model/pom.xml.
2016-06-19 08:40:10,040 [Worker-0] INFO  o.e.m.c.i.l.LifecycleMappingFactory - Using org.eclipse.m2e.jdt.JarLifecycleMapping lifecycle mapping for MavenProject: braunimmobilien:webapp-bootstrap:1.0 @ /home/braun/gitclone/braunimmobilien/project/webapp-bootstrap/pom.xml.
2016-06-19 08:40:10,764 [Worker-0] INFO  o.e.m.c.i.embedder.EclipseLogger - Using 'UTF-8' encoding to copy filtered resources.
2016-06-19 08:40:10,765 [Worker-0] INFO  o.e.m.c.i.embedder.EclipseLogger - Copying 0 resource
2016-06-19 08:40:10,765 [Worker-0] INFO  o.e.m.c.i.embedder.EclipseLogger - Copying 0 resource
2016-06-19 08:40:10,765 [Worker-0] INFO  o.e.m.c.i.embedder.EclipseLogger - Copying 0 resource
2016-06-19 08:40:10,767 [Worker-0] INFO  o.e.m.c.i.embedder.EclipseLogger - Using 'UTF-8' encoding to copy filtered resources.
2016-06-19 08:40:10,767 [Worker-0] INFO  o.e.m.c.i.embedder.EclipseLogger - Copying 0 resource
2016-06-19 08:40:10,767 [Worker-0] INFO  o.e.m.c.i.embedder.EclipseLogger - Copying 0 resource
2016-06-19 08:40:11,935 [Worker-0] WARN  o.e.m.c.i.embedder.EclipseLogger - The metadata /home/braun/.m2/repository/org/mortbay/jetty/jetty-maven-plugin/maven-metadata-agilejava.xml is invalid: no more data available - expected end tag </body> to close start tag <body> from line 1, parser stopped on END_TAG seen ...</iframe></body></html>... @1:295
2016-06-19 08:40:11,990 [Worker-0] INFO  o.e.m.c.i.embedder.EclipseLogger - Using 'UTF-8' encoding to copy filtered resources.
2016-06-19 08:40:11,991 [Worker-0] INFO  o.e.m.c.i.embedder.EclipseLogger - Copying 0 resource
2016-06-19 08:40:11,991 [Worker-0] INFO  o.e.m.c.i.embedder.EclipseLogger - Copying 0 resource
2016-06-19 08:40:11,991 [Worker-0] INFO  o.e.m.c.i.embedder.EclipseLogger - Copying 0 resource
2016-06-19 08:40:11,993 [Worker-0] INFO  o.e.m.c.i.embedder.EclipseLogger - Using 'UTF-8' encoding to copy filtered resources.
2016-06-19 08:40:11,993 [Worker-0] INFO  o.e.m.c.i.embedder.EclipseLogger - Copying 0 resource
2016-06-19 08:40:12,173 [Worker-0] WARN  o.e.m.c.i.embedder.EclipseLogger - The POM for velocity-tools:velocity-tools-generic:jar:2.0-beta1 is missing, no dependency information available
2016-06-19 08:40:12,267 [Worker-0] WARN  o.e.m.c.i.embedder.EclipseLogger - The metadata /home/braun/.m2/repository/org/mortbay/jetty/maven-jetty-plugin/maven-metadata-agilejava.xml is invalid: no more data available - expected end tag </body> to close start tag <body> from line 1, parser stopped on END_TAG seen ...</iframe></body></html>... @1:295
2016-06-19 08:40:12,271 [Worker-0] INFO  o.e.m.c.i.embedder.EclipseLogger - Using 'UTF-8' encoding to copy filtered resources.
2016-06-19 08:40:12,271 [Worker-0] INFO  o.e.m.c.i.embedder.EclipseLogger - Copying 0 resource
2016-06-19 08:40:12,271 [Worker-0] INFO  o.e.m.c.i.embedder.EclipseLogger - Copying 0 resource to /home/braun/gitclone/braunimmobilien/project/cocoon/target/classes/META-INF/cocoon/spring
2016-06-19 08:40:12,272 [Worker-0] INFO  o.e.m.c.i.embedder.EclipseLogger - Using 'UTF-8' encoding to copy filtered resources.
2016-06-19 08:40:12,272 [Worker-0] INFO  o.e.m.c.i.embedder.EclipseLogger - Copying 0 resource
2016-06-19 08:41:39,566 [Worker-0] INFO  o.e.m.c.i.p.ProjectConfigurationManager - Update started
2016-06-19 08:41:39,720 [Worker-0] INFO  o.e.m.c.i.l.LifecycleMappingFactory - Using NULL lifecycle mapping for MavenProject: braunimmobilien:project:1.0 @ /home/braun/gitclone/braunimmobilien/project/pom.xml.
2016-06-19 08:41:39,722 [Worker-0] WARN  o.e.m.c.i.embedder.EclipseLogger - The metadata /home/braun/.m2/repository/org/mortbay/jetty/maven-jetty-plugin/maven-metadata-agilejava.xml is invalid: no more data available - expected end tag </body> to close start tag <body> from line 1, parser stopped on END_TAG seen ...</iframe></body></html>... @1:295
2016-06-19 08:41:39,824 [Worker-0] INFO  o.e.m.c.i.l.LifecycleMappingFactory - Using org.eclipse.m2e.jdt.JarLifecycleMapping lifecycle mapping for MavenProject: braunimmobilien:cocoon:1.0 @ /home/braun/gitclone/braunimmobilien/project/cocoon/pom.xml.
2016-06-19 08:41:39,985 [Worker-0] WARN  o.e.m.c.i.embedder.EclipseLogger - The POM for velocity-tools:velocity-tools-generic:jar:2.0-beta1 is missing, no dependency information available
2016-06-19 08:41:40,047 [Worker-0] WARN  o.e.m.c.i.embedder.EclipseLogger - The metadata /home/braun/.m2/repository/org/mortbay/jetty/jetty-maven-plugin/maven-metadata-agilejava.xml is invalid: no more data available - expected end tag </body> to close start tag <body> from line 1, parser stopped on END_TAG seen ...</iframe></body></html>... @1:295
2016-06-19 08:41:40,095 [Worker-0] INFO  o.e.m.c.i.l.LifecycleMappingFactory - Using org.eclipse.m2e.jdt.JarLifecycleMapping lifecycle mapping for MavenProject: braunimmobilien:model:1.0 @ /home/braun/gitclone/braunimmobilien/project/model/pom.xml.
2016-06-19 08:41:40,159 [Worker-0] INFO  o.e.m.c.i.l.LifecycleMappingFactory - Using org.eclipse.m2e.jdt.JarLifecycleMapping lifecycle mapping for MavenProject: braunimmobilien:webapp-bootstrap:1.0 @ /home/braun/gitclone/braunimmobilien/project/webapp-bootstrap/pom.xml.
2016-06-19 08:41:40,594 [Worker-0] INFO  o.e.m.j.i.AbstractJavaProjectConfigurator - Adding source folder /cocoon/src/main/java
2016-06-19 08:41:40,594 [Worker-0] INFO  o.e.m.j.i.AbstractJavaProjectConfigurator - Adding resource folder /cocoon/src/main/resources
2016-06-19 08:41:40,601 [Worker-0] INFO  o.e.m.j.i.AbstractJavaProjectConfigurator - Resources folder /cocoon/src/main/resources/META-INF/cocoon/spring overlaps with sources folder /cocoon/src/main/resources
2016-06-19 08:41:40,601 [Worker-0] INFO  o.e.m.j.i.AbstractJavaProjectConfigurator - Adding source folder /cocoon/src/test/java
2016-06-19 08:41:40,601 [Worker-0] INFO  o.e.m.j.i.AbstractJavaProjectConfigurator - Adding resource folder /cocoon/src/test/resources
2016-06-19 08:41:40,709 [Worker-0] INFO  o.e.m.j.i.AbstractJavaProjectConfigurator - Adding source folder /model/src/main/java
2016-06-19 08:41:40,710 [Worker-0] INFO  o.e.m.j.i.AbstractJavaProjectConfigurator - Adding resource folder /model/src/main/resources
2016-06-19 08:41:40,710 [Worker-0] INFO  o.e.m.j.i.AbstractJavaProjectConfigurator - Adding resource folder /model/src/main/resources
2016-06-19 08:41:40,710 [Worker-0] INFO  o.e.m.j.i.AbstractJavaProjectConfigurator - Resources folder /model/src/main/java overlaps with sources folder /model/src/main/java
2016-06-19 08:41:40,712 [Worker-0] INFO  o.e.m.j.i.AbstractJavaProjectConfigurator - Adding source folder /model/src/test/java
2016-06-19 08:41:40,712 [Worker-0] INFO  o.e.m.j.i.AbstractJavaProjectConfigurator - Adding resource folder /model/src/test/resources
2016-06-19 08:41:40,774 [Worker-0] INFO  o.e.m.j.i.AbstractJavaProjectConfigurator - Adding source folder /webapp-bootstrap/src/main/java
2016-06-19 08:41:40,774 [Worker-0] INFO  o.e.m.j.i.AbstractJavaProjectConfigurator - Adding resource folder /webapp-bootstrap/src/main/resources
2016-06-19 08:41:40,777 [Worker-0] INFO  o.e.m.j.i.AbstractJavaProjectConfigurator - Resources folder /webapp-bootstrap/src/main/java overlaps with sources folder /webapp-bootstrap/src/main/java
2016-06-19 08:41:40,779 [Worker-0] INFO  o.e.m.j.i.AbstractJavaProjectConfigurator - Adding resource folder /webapp-bootstrap/src/main/resources
2016-06-19 08:41:40,781 [Worker-0] INFO  o.e.m.j.i.AbstractJavaProjectConfigurator - Adding source folder /webapp-bootstrap/src/test/java
2016-06-19 08:41:40,782 [Worker-0] INFO  o.e.m.j.i.AbstractJavaProjectConfigurator - Adding resource folder /webapp-bootstrap/src/test/resources
2016-06-19 08:41:40,782 [Worker-0] INFO  o.e.m.j.i.AbstractJavaProjectConfigurator - Adding resource folder /webapp-bootstrap/src/main/webapp
2016-06-19 08:41:41,366 [Worker-0] INFO  o.e.m.c.i.p.ProjectConfigurationManager - Update completed: 1 sec
2016-06-19 08:41:44,987 [Worker-0] WARN  o.e.m.c.i.embedder.EclipseLogger - The metadata /home/braun/.m2/repository/org/mortbay/jetty/jetty-maven-plugin/maven-metadata-agilejava.xml is invalid: no more data available - expected end tag </body> to close start tag <body> from line 1, parser stopped on END_TAG seen ...</iframe></body></html>... @1:295
2016-06-19 08:41:44,999 [Worker-0] INFO  o.e.m.c.i.embedder.EclipseLogger - Using 'UTF-8' encoding to copy filtered resources.
2016-06-19 08:41:44,999 [Worker-0] INFO  o.e.m.c.i.embedder.EclipseLogger - Copying 2 resources
2016-06-19 08:41:45,013 [Worker-0] INFO  o.e.m.c.i.embedder.EclipseLogger - Copying 1 resource
2016-06-19 08:41:45,014 [Worker-0] INFO  o.e.m.c.i.embedder.EclipseLogger - Copying 0 resource
2016-06-19 08:41:45,015 [Worker-0] INFO  o.e.m.c.i.embedder.EclipseLogger - Using 'UTF-8' encoding to copy filtered resources.
2016-06-19 08:41:45,016 [Worker-0] INFO  o.e.m.c.i.embedder.EclipseLogger - Copying 35 resources
2016-06-19 08:41:45,939 [Worker-0] WARN  o.e.m.c.i.embedder.EclipseLogger - The POM for velocity-tools:velocity-tools-generic:jar:2.0-beta1 is missing, no dependency information available
2016-06-19 08:41:46,001 [Worker-0] WARN  o.e.m.c.i.embedder.EclipseLogger - The metadata /home/braun/.m2/repository/org/mortbay/jetty/maven-jetty-plugin/maven-metadata-agilejava.xml is invalid: no more data available - expected end tag </body> to close start tag <body> from line 1, parser stopped on END_TAG seen ...</iframe></body></html>... @1:295
2016-06-19 08:41:46,010 [Worker-0] INFO  o.e.m.c.i.embedder.EclipseLogger - Using 'UTF-8' encoding to copy filtered resources.
2016-06-19 08:41:46,015 [Worker-0] INFO  o.e.m.c.i.embedder.EclipseLogger - Copying 766 resources
2016-06-19 08:41:46,363 [Worker-0] INFO  o.e.m.c.i.embedder.EclipseLogger - Copying 15 resources to /home/braun/gitclone/braunimmobilien/project/cocoon/target/classes/META-INF/cocoon/spring
2016-06-19 08:41:46,396 [Worker-0] INFO  o.e.m.c.i.embedder.EclipseLogger - Using 'UTF-8' encoding to copy filtered resources.
2016-06-19 08:41:46,397 [Worker-0] INFO  o.e.m.c.i.embedder.EclipseLogger - Copying 0 resource
2016-06-19 08:41:49,460 [Worker-0] INFO  o.e.m.c.i.embedder.EclipseLogger - Using 'UTF-8' encoding to copy filtered resources.
2016-06-19 08:41:49,461 [Worker-0] INFO  o.e.m.c.i.embedder.EclipseLogger - Copying 375 resources
2016-06-19 08:41:51,310 [Worker-0] INFO  o.e.m.c.i.embedder.EclipseLogger - Copying 151 resources
2016-06-19 08:41:51,342 [Worker-0] INFO  o.e.m.c.i.embedder.EclipseLogger - Copying 351 resources
2016-06-19 08:41:51,347 [Worker-0] INFO  o.e.m.c.i.embedder.EclipseLogger - Using 'UTF-8' encoding to copy filtered resources.
2016-06-19 08:41:51,348 [Worker-0] INFO  o.e.m.c.i.embedder.EclipseLogger - Copying 7 resources
2016-06-19 08:41:51,349 [Worker-0] INFO  o.e.m.c.i.embedder.EclipseLogger - Copying 2 resources
2016-06-19 09:21:26,911 [Worker-7] INFO  o.e.m.c.i.l.LifecycleMappingFactory - Using NULL lifecycle mapping for MavenProject: braunimmobilien:project:1.0 @ /home/braun/gitclone/braunimmobilien/project/pom.xml.
2016-06-19 09:21:26,937 [Worker-7] WARN  o.e.m.c.i.embedder.EclipseLogger - The metadata /home/braun/.m2/repository/org/mortbay/jetty/maven-jetty-plugin/maven-metadata-agilejava.xml is invalid: no more data available - expected end tag </body> to close start tag <body> from line 1, parser stopped on END_TAG seen ...</iframe></body></html>... @1:295
2016-06-19 09:21:27,733 [Worker-7] INFO  o.e.m.c.i.l.LifecycleMappingFactory - Using org.eclipse.m2e.jdt.JarLifecycleMapping lifecycle mapping for MavenProject: braunimmobilien:cocoon:1.0 @ /home/braun/gitclone/braunimmobilien/project/cocoon/pom.xml.
2016-06-19 09:21:28,731 [Worker-7] WARN  o.e.m.c.i.embedder.EclipseLogger - The POM for velocity-tools:velocity-tools-generic:jar:2.0-beta1 is missing, no dependency information available
2016-06-19 09:21:29,062 [Worker-7] WARN  o.e.m.c.i.embedder.EclipseLogger - The metadata /home/braun/.m2/repository/org/mortbay/jetty/jetty-maven-plugin/maven-metadata-agilejava.xml is invalid: no more data available - expected end tag </body> to close start tag <body> from line 1, parser stopped on END_TAG seen ...</iframe></body></html>... @1:295
2016-06-19 09:21:29,207 [Worker-7] INFO  o.e.m.c.i.l.LifecycleMappingFactory - Using org.eclipse.m2e.jdt.JarLifecycleMapping lifecycle mapping for MavenProject: braunimmobilien:model:1.0 @ /home/braun/gitclone/braunimmobilien/project/model/pom.xml.
2016-06-19 09:21:29,398 [Worker-7] INFO  o.e.m.c.i.l.LifecycleMappingFactory - Using org.eclipse.m2e.jdt.JarLifecycleMapping lifecycle mapping for MavenProject: braunimmobilien:webapp-bootstrap:1.0 @ /home/braun/gitclone/braunimmobilien/project/webapp-bootstrap/pom.xml.
2016-06-19 09:21:31,449 [Worker-7] INFO  o.e.m.c.i.embedder.EclipseLogger - Using 'UTF-8' encoding to copy filtered resources.
2016-06-19 09:21:31,506 [Worker-7] INFO  o.e.m.c.i.embedder.EclipseLogger - Copying 375 resources
2016-06-19 09:21:33,880 [Worker-7] INFO  o.e.m.c.i.embedder.EclipseLogger - Copying 151 resources
2016-06-19 09:21:33,905 [Worker-7] INFO  o.e.m.c.i.embedder.EclipseLogger - Copying 351 resources
2016-06-19 09:21:33,912 [Worker-7] INFO  o.e.m.c.i.embedder.EclipseLogger - Using 'UTF-8' encoding to copy filtered resources.
2016-06-19 09:21:33,913 [Worker-7] INFO  o.e.m.c.i.embedder.EclipseLogger - Copying 7 resources
2016-06-19 09:21:33,913 [Worker-7] INFO  o.e.m.c.i.embedder.EclipseLogger - Copying 2 resources
2016-06-19 09:21:35,432 [Worker-21] WARN  o.e.m.c.i.embedder.EclipseLogger - The metadata /home/braun/.m2/repository/org/mortbay/jetty/jetty-maven-plugin/maven-metadata-agilejava.xml is invalid: no more data available - expected end tag </body> to close start tag <body> from line 1, parser stopped on END_TAG seen ...</iframe></body></html>... @1:295
2016-06-19 09:21:35,518 [Worker-21] INFO  o.e.m.c.i.embedder.EclipseLogger - Using 'UTF-8' encoding to copy filtered resources.
2016-06-19 09:21:35,519 [Worker-21] INFO  o.e.m.c.i.embedder.EclipseLogger - Copying 2 resources
2016-06-19 09:21:35,533 [Worker-21] INFO  o.e.m.c.i.embedder.EclipseLogger - Copying 1 resource
2016-06-19 09:21:35,534 [Worker-21] INFO  o.e.m.c.i.embedder.EclipseLogger - Copying 0 resource
2016-06-19 09:21:35,536 [Worker-21] INFO  o.e.m.c.i.embedder.EclipseLogger - Using 'UTF-8' encoding to copy filtered resources.
2016-06-19 09:21:35,538 [Worker-21] INFO  o.e.m.c.i.embedder.EclipseLogger - Copying 35 resources
2016-06-19 09:21:35,874 [Worker-21] WARN  o.e.m.c.i.embedder.EclipseLogger - The POM for velocity-tools:velocity-tools-generic:jar:2.0-beta1 is missing, no dependency information available
2016-06-19 09:21:35,986 [Worker-21] WARN  o.e.m.c.i.embedder.EclipseLogger - The metadata /home/braun/.m2/repository/org/mortbay/jetty/maven-jetty-plugin/maven-metadata-agilejava.xml is invalid: no more data available - expected end tag </body> to close start tag <body> from line 1, parser stopped on END_TAG seen ...</iframe></body></html>... @1:295
2016-06-19 09:21:35,990 [Worker-21] INFO  o.e.m.c.i.embedder.EclipseLogger - Using 'UTF-8' encoding to copy filtered resources.
2016-06-19 09:21:36,097 [Worker-21] INFO  o.e.m.c.i.embedder.EclipseLogger - Copying 766 resources
2016-06-19 09:21:36,121 [Worker-21] INFO  o.e.m.c.i.embedder.EclipseLogger - Copying 15 resources to /home/braun/gitclone/braunimmobilien/project/cocoon/target/classes/META-INF/cocoon/spring
2016-06-19 09:21:36,127 [Worker-21] INFO  o.e.m.c.i.embedder.EclipseLogger - Using 'UTF-8' encoding to copy filtered resources.
2016-06-19 09:21:36,127 [Worker-21] INFO  o.e.m.c.i.embedder.EclipseLogger - Copying 0 resource
2016-06-19 09:21:55,870 [Worker-0] INFO  o.e.m.c.i.embedder.EclipseLogger - Using 'UTF-8' encoding to copy filtered resources.
2016-06-19 09:21:55,872 [Worker-0] INFO  o.e.m.c.i.embedder.EclipseLogger - Copying 1 resource
2016-06-19 09:21:55,873 [Worker-0] INFO  o.e.m.c.i.embedder.EclipseLogger - Copying 1 resource
2016-06-19 09:21:55,873 [Worker-0] INFO  o.e.m.c.i.embedder.EclipseLogger - Copying 0 resource
2016-06-19 09:21:55,874 [Worker-0] INFO  o.e.m.c.i.embedder.EclipseLogger - Using 'UTF-8' encoding to copy filtered resources.
2016-06-19 09:21:55,875 [Worker-0] INFO  o.e.m.c.i.embedder.EclipseLogger - Copying 0 resource
2016-06-19 20:15:11,781 [Worker-5] WARN  o.e.m.c.i.embedder.EclipseLogger - The metadata /home/braun/.m2/repository/org/mortbay/jetty/maven-jetty-plugin/maven-metadata-agilejava.xml is invalid: no more data available - expected end tag </body> to close start tag <body> from line 1, parser stopped on END_TAG seen ...</iframe></body></html>... @1:295
2016-06-19 20:15:12,623 [Worker-5] INFO  o.e.m.c.i.l.LifecycleMappingFactory - Using org.eclipse.m2e.jdt.JarLifecycleMapping lifecycle mapping for MavenProject: braunimmobilien:cocoon:1.0 @ /home/braun/gitclone/braunimmobilien/project/cocoon/pom.xml.
2016-06-19 20:15:13,209 [Worker-5] WARN  o.e.m.c.i.embedder.EclipseLogger - The POM for velocity-tools:velocity-tools-generic:jar:2.0-beta1 is missing, no dependency information available
2016-06-19 20:15:14,119 [Worker-5] INFO  o.e.m.c.i.embedder.EclipseLogger - Using 'UTF-8' encoding to copy filtered resources.
2016-06-19 20:15:14,221 [Worker-5] INFO  o.e.m.c.i.embedder.EclipseLogger - Copying 766 resources
2016-06-19 20:15:14,338 [Worker-5] INFO  o.e.m.c.i.embedder.EclipseLogger - Copying 15 resources to /home/braun/gitclone/braunimmobilien/project/cocoon/target/classes/META-INF/cocoon/spring
2016-06-19 20:15:14,414 [Worker-5] INFO  o.e.m.c.i.embedder.EclipseLogger - Using 'UTF-8' encoding to copy filtered resources.
2016-06-19 20:15:14,414 [Worker-5] INFO  o.e.m.c.i.embedder.EclipseLogger - Copying 0 resource
2016-06-19 20:19:21,889 [Worker-5] WARN  o.e.m.c.i.embedder.EclipseLogger - The metadata /home/braun/.m2/repository/org/mortbay/jetty/jetty-maven-plugin/maven-metadata-agilejava.xml is invalid: no more data available - expected end tag </body> to close start tag <body> from line 1, parser stopped on END_TAG seen ...</iframe></body></html>... @1:295
2016-06-19 20:19:22,143 [Worker-5] INFO  o.e.m.c.i.embedder.EclipseLogger - Using 'UTF-8' encoding to copy filtered resources.
2016-06-19 20:19:22,155 [Worker-5] INFO  o.e.m.c.i.embedder.EclipseLogger - Copying 3 resources
2016-06-19 20:19:22,203 [Worker-5] INFO  o.e.m.c.i.embedder.EclipseLogger - Copying 2 resources
2016-06-19 20:19:22,204 [Worker-5] INFO  o.e.m.c.i.embedder.EclipseLogger - Copying 0 resource
2016-06-19 20:19:22,211 [Worker-5] INFO  o.e.m.c.i.embedder.EclipseLogger - Using 'UTF-8' encoding to copy filtered resources.
2016-06-19 20:19:22,211 [Worker-5] INFO  o.e.m.c.i.embedder.EclipseLogger - Copying 35 resources
2016-06-19 20:19:32,747 [Worker-7] INFO  o.e.m.c.i.embedder.EclipseLogger - Using 'UTF-8' encoding to copy filtered resources.
2016-06-19 20:19:32,749 [Worker-7] INFO  o.e.m.c.i.embedder.EclipseLogger - Copying 3 resources
2016-06-19 20:19:32,751 [Worker-7] INFO  o.e.m.c.i.embedder.EclipseLogger - Copying 2 resources
2016-06-19 20:19:32,761 [Worker-7] INFO  o.e.m.c.i.embedder.EclipseLogger - Copying 0 resource
2016-06-19 20:19:32,763 [Worker-7] INFO  o.e.m.c.i.embedder.EclipseLogger - Using 'UTF-8' encoding to copy filtered resources.
2016-06-19 20:19:32,765 [Worker-7] INFO  o.e.m.c.i.embedder.EclipseLogger - Copying 35 resources
2016-06-19 20:29:51,084 [Worker-6] WARN  o.e.m.c.i.embedder.EclipseLogger - The metadata /home/braun/.m2/repository/org/mortbay/jetty/jetty-maven-plugin/maven-metadata-agilejava.xml is invalid: no more data available - expected end tag </body> to close start tag <body> from line 1, parser stopped on END_TAG seen ...</iframe></body></html>... @1:295
2016-06-19 20:29:51,276 [Worker-6] INFO  o.e.m.c.i.l.LifecycleMappingFactory - Using org.eclipse.m2e.jdt.JarLifecycleMapping lifecycle mapping for MavenProject: braunimmobilien:webapp-bootstrap:1.0 @ /home/braun/gitclone/braunimmobilien/project/webapp-bootstrap/pom.xml.
2016-06-19 20:29:52,098 [Worker-6] INFO  o.e.m.c.i.embedder.EclipseLogger - Using 'UTF-8' encoding to copy filtered resources.
2016-06-19 20:29:52,111 [Worker-6] INFO  o.e.m.c.i.embedder.EclipseLogger - Copying 375 resources
2016-06-19 20:29:54,187 [Worker-6] INFO  o.e.m.c.i.embedder.EclipseLogger - Copying 151 resources
2016-06-19 20:29:54,191 [Worker-6] INFO  o.e.m.c.i.embedder.EclipseLogger - Copying 351 resources
2016-06-19 20:29:54,197 [Worker-6] INFO  o.e.m.c.i.embedder.EclipseLogger - Using 'UTF-8' encoding to copy filtered resources.
2016-06-19 20:29:54,197 [Worker-6] INFO  o.e.m.c.i.embedder.EclipseLogger - Copying 7 resources
2016-06-19 20:29:54,197 [Worker-6] INFO  o.e.m.c.i.embedder.EclipseLogger - Copying 2 resources
2016-06-19 20:35:23,936 [Worker-6] WARN  o.e.m.c.i.embedder.EclipseLogger - The metadata /home/braun/.m2/repository/org/mortbay/jetty/jetty-maven-plugin/maven-metadata-agilejava.xml is invalid: no more data available - expected end tag </body> to close start tag <body> from line 1, parser stopped on END_TAG seen ...</iframe></body></html>... @1:295
2016-06-19 20:35:24,054 [Worker-6] INFO  o.e.m.c.i.l.LifecycleMappingFactory - Using org.eclipse.m2e.jdt.JarLifecycleMapping lifecycle mapping for MavenProject: braunimmobilien:webapp-bootstrap:1.0 @ /home/braun/gitclone/braunimmobilien/project/webapp-bootstrap/pom.xml.
2016-06-19 20:35:24,702 [Worker-6] INFO  o.e.m.c.i.embedder.EclipseLogger - Using 'UTF-8' encoding to copy filtered resources.
2016-06-19 20:35:24,706 [Worker-6] INFO  o.e.m.c.i.embedder.EclipseLogger - Copying 0 resource
2016-06-19 20:35:24,706 [Worker-6] INFO  o.e.m.c.i.embedder.EclipseLogger - Copying 0 resource
2016-06-19 20:35:24,706 [Worker-6] INFO  o.e.m.c.i.embedder.EclipseLogger - Copying 0 resource
2016-06-19 20:35:24,708 [Worker-6] INFO  o.e.m.c.i.embedder.EclipseLogger - Using 'UTF-8' encoding to copy filtered resources.
2016-06-19 20:35:24,708 [Worker-6] INFO  o.e.m.c.i.embedder.EclipseLogger - Copying 0 resource
2016-06-19 20:35:24,708 [Worker-6] INFO  o.e.m.c.i.embedder.EclipseLogger - Copying 0 resource
2016-06-19 20:38:59,532 [Worker-6] WARN  o.e.m.c.i.embedder.EclipseLogger - The metadata /home/braun/.m2/repository/org/mortbay/jetty/jetty-maven-plugin/maven-metadata-agilejava.xml is invalid: no more data available - expected end tag </body> to close start tag <body> from line 1, parser stopped on END_TAG seen ...</iframe></body></html>... @1:295
2016-06-19 20:38:59,642 [Worker-6] INFO  o.e.m.c.i.l.LifecycleMappingFactory - Using org.eclipse.m2e.jdt.JarLifecycleMapping lifecycle mapping for MavenProject: braunimmobilien:webapp-bootstrap:1.0 @ /home/braun/gitclone/braunimmobilien/project/webapp-bootstrap/pom.xml.
2016-06-19 20:39:00,240 [Worker-6] INFO  o.e.m.c.i.embedder.EclipseLogger - Using 'UTF-8' encoding to copy filtered resources.
2016-06-19 20:39:00,241 [Worker-6] INFO  o.e.m.c.i.embedder.EclipseLogger - Copying 0 resource
2016-06-19 20:39:00,241 [Worker-6] INFO  o.e.m.c.i.embedder.EclipseLogger - Copying 0 resource
2016-06-19 20:39:00,241 [Worker-6] INFO  o.e.m.c.i.embedder.EclipseLogger - Copying 0 resource
2016-06-19 20:39:00,242 [Worker-6] INFO  o.e.m.c.i.embedder.EclipseLogger - Using 'UTF-8' encoding to copy filtered resources.
2016-06-19 20:39:00,243 [Worker-6] INFO  o.e.m.c.i.embedder.EclipseLogger - Copying 0 resource
2016-06-19 20:39:00,243 [Worker-6] INFO  o.e.m.c.i.embedder.EclipseLogger - Copying 0 resource
2016-06-19 21:26:35,486 [Worker-25] WARN  o.e.m.c.i.embedder.EclipseLogger - The metadata /home/braun/.m2/repository/org/mortbay/jetty/jetty-maven-plugin/maven-metadata-agilejava.xml is invalid: no more data available - expected end tag </body> to close start tag <body> from line 1, parser stopped on END_TAG seen ...</iframe></body></html>... @1:295
2016-06-19 21:26:35,493 [Worker-25] INFO  o.e.m.c.i.embedder.EclipseLogger - Using 'UTF-8' encoding to copy filtered resources.
2016-06-19 21:26:35,496 [Worker-25] INFO  o.e.m.c.i.embedder.EclipseLogger - Copying 375 resources
2016-06-19 21:26:37,335 [Worker-25] INFO  o.e.m.c.i.embedder.EclipseLogger - Copying 151 resources
2016-06-19 21:26:37,342 [Worker-25] INFO  o.e.m.c.i.embedder.EclipseLogger - Copying 351 resources
2016-06-19 21:26:37,348 [Worker-25] INFO  o.e.m.c.i.embedder.EclipseLogger - Using 'UTF-8' encoding to copy filtered resources.
2016-06-19 21:26:37,348 [Worker-25] INFO  o.e.m.c.i.embedder.EclipseLogger - Copying 7 resources
2016-06-19 21:26:37,349 [Worker-25] INFO  o.e.m.c.i.embedder.EclipseLogger - Copying 2 resources
2016-06-19 21:34:44,145 [Worker-38] WARN  o.e.m.c.i.embedder.EclipseLogger - The metadata /home/braun/.m2/repository/org/mortbay/jetty/jetty-maven-plugin/maven-metadata-agilejava.xml is invalid: no more data available - expected end tag </body> to close start tag <body> from line 1, parser stopped on END_TAG seen ...</iframe></body></html>... @1:295
2016-06-19 21:34:44,267 [Worker-38] INFO  o.e.m.c.i.l.LifecycleMappingFactory - Using org.eclipse.m2e.jdt.JarLifecycleMapping lifecycle mapping for MavenProject: braunimmobilien:webapp-bootstrap:1.0 @ /home/braun/gitclone/braunimmobilien/project/webapp-bootstrap/pom.xml.
2016-06-19 21:34:44,748 [Worker-38] INFO  o.e.m.c.i.embedder.EclipseLogger - Using 'UTF-8' encoding to copy filtered resources.
2016-06-19 21:34:44,749 [Worker-38] INFO  o.e.m.c.i.embedder.EclipseLogger - Copying 0 resource
2016-06-19 21:34:44,749 [Worker-38] INFO  o.e.m.c.i.embedder.EclipseLogger - Copying 0 resource
2016-06-19 21:34:44,749 [Worker-38] INFO  o.e.m.c.i.embedder.EclipseLogger - Copying 0 resource
2016-06-19 21:34:44,750 [Worker-38] INFO  o.e.m.c.i.embedder.EclipseLogger - Using 'UTF-8' encoding to copy filtered resources.
2016-06-19 21:34:44,750 [Worker-38] INFO  o.e.m.c.i.embedder.EclipseLogger - Copying 0 resource
2016-06-19 21:34:44,750 [Worker-38] INFO  o.e.m.c.i.embedder.EclipseLogger - Copying 0 resource
2016-06-19 21:37:00,142 [Worker-38] WARN  o.e.m.c.i.embedder.EclipseLogger - The metadata /home/braun/.m2/repository/org/mortbay/jetty/jetty-maven-plugin/maven-metadata-agilejava.xml is invalid: no more data available - expected end tag </body> to close start tag <body> from line 1, parser stopped on END_TAG seen ...</iframe></body></html>... @1:295
2016-06-19 21:37:00,246 [Worker-38] INFO  o.e.m.c.i.l.LifecycleMappingFactory - Using org.eclipse.m2e.jdt.JarLifecycleMapping lifecycle mapping for MavenProject: braunimmobilien:webapp-bootstrap:1.0 @ /home/braun/gitclone/braunimmobilien/project/webapp-bootstrap/pom.xml.
2016-06-19 21:37:00,736 [Worker-38] INFO  o.e.m.c.i.embedder.EclipseLogger - Using 'UTF-8' encoding to copy filtered resources.
2016-06-19 21:37:00,736 [Worker-38] INFO  o.e.m.c.i.embedder.EclipseLogger - Copying 0 resource
2016-06-19 21:37:00,736 [Worker-38] INFO  o.e.m.c.i.embedder.EclipseLogger - Copying 0 resource
2016-06-19 21:37:00,736 [Worker-38] INFO  o.e.m.c.i.embedder.EclipseLogger - Copying 0 resource
2016-06-19 21:37:00,738 [Worker-38] INFO  o.e.m.c.i.embedder.EclipseLogger - Using 'UTF-8' encoding to copy filtered resources.
2016-06-19 21:37:00,738 [Worker-38] INFO  o.e.m.c.i.embedder.EclipseLogger - Copying 0 resource
2016-06-19 21:37:00,738 [Worker-38] INFO  o.e.m.c.i.embedder.EclipseLogger - Copying 0 resource
2016-06-19 21:40:54,324 [Worker-38] WARN  o.e.m.c.i.embedder.EclipseLogger - The metadata /home/braun/.m2/repository/org/mortbay/jetty/jetty-maven-plugin/maven-metadata-agilejava.xml is invalid: no more data available - expected end tag </body> to close start tag <body> from line 1, parser stopped on END_TAG seen ...</iframe></body></html>... @1:295
2016-06-19 21:40:54,444 [Worker-38] INFO  o.e.m.c.i.l.LifecycleMappingFactory - Using org.eclipse.m2e.jdt.JarLifecycleMapping lifecycle mapping for MavenProject: braunimmobilien:webapp-bootstrap:1.0 @ /home/braun/gitclone/braunimmobilien/project/webapp-bootstrap/pom.xml.
2016-06-19 21:40:54,990 [Worker-38] INFO  o.e.m.c.i.embedder.EclipseLogger - Using 'UTF-8' encoding to copy filtered resources.
2016-06-19 21:40:54,990 [Worker-38] INFO  o.e.m.c.i.embedder.EclipseLogger - Copying 0 resource
2016-06-19 21:40:54,990 [Worker-38] INFO  o.e.m.c.i.embedder.EclipseLogger - Copying 0 resource
2016-06-19 21:40:54,990 [Worker-38] INFO  o.e.m.c.i.embedder.EclipseLogger - Copying 0 resource
2016-06-19 21:40:54,991 [Worker-38] INFO  o.e.m.c.i.embedder.EclipseLogger - Using 'UTF-8' encoding to copy filtered resources.
2016-06-19 21:40:54,991 [Worker-38] INFO  o.e.m.c.i.embedder.EclipseLogger - Copying 0 resource
2016-06-19 21:40:54,991 [Worker-38] INFO  o.e.m.c.i.embedder.EclipseLogger - Copying 0 resource
2016-06-19 21:44:31,662 [Worker-44] WARN  o.e.m.c.i.embedder.EclipseLogger - The metadata /home/braun/.m2/repository/org/mortbay/jetty/jetty-maven-plugin/maven-metadata-agilejava.xml is invalid: no more data available - expected end tag </body> to close start tag <body> from line 1, parser stopped on END_TAG seen ...</iframe></body></html>... @1:295
2016-06-19 21:44:31,666 [Worker-44] INFO  o.e.m.c.i.embedder.EclipseLogger - Using 'UTF-8' encoding to copy filtered resources.
2016-06-19 21:44:31,669 [Worker-44] INFO  o.e.m.c.i.embedder.EclipseLogger - Copying 375 resources
2016-06-19 21:44:33,483 [Worker-44] INFO  o.e.m.c.i.embedder.EclipseLogger - Copying 151 resources
2016-06-19 21:44:33,488 [Worker-44] INFO  o.e.m.c.i.embedder.EclipseLogger - Copying 351 resources
2016-06-19 21:44:33,493 [Worker-44] INFO  o.e.m.c.i.embedder.EclipseLogger - Using 'UTF-8' encoding to copy filtered resources.
2016-06-19 21:44:33,493 [Worker-44] INFO  o.e.m.c.i.embedder.EclipseLogger - Copying 7 resources
2016-06-19 21:44:33,494 [Worker-44] INFO  o.e.m.c.i.embedder.EclipseLogger - Copying 2 resources
