2016-08-15 15:38:15 WARN  DirectoryProviderHelper:258 - HSEARCH000041: Index directory not found, creating: '/home/braun/workbench/checkout/braunimmobilien-wicket-bootstrap/braunimmobilien/project/webapp-bootstrap/classes/search'
2016-08-15 15:38:15 WARN  DirectoryProviderHelper:258 - HSEARCH000041: Index directory not found, creating: '/home/braun/workbench/checkout/braunimmobilien-wicket-bootstrap/braunimmobilien/project/webapp-bootstrap/classes/search/braunimmobilien.model.Telefonart'
2016-08-15 15:38:15 WARN  DirectoryProviderHelper:258 - HSEARCH000041: Index directory not found, creating: '/home/braun/workbench/checkout/braunimmobilien-wicket-bootstrap/braunimmobilien/project/webapp-bootstrap/classes/search/braunimmobilien.model.Personen'
2016-08-15 15:38:15 WARN  DirectoryProviderHelper:258 - HSEARCH000041: Index directory not found, creating: '/home/braun/workbench/checkout/braunimmobilien-wicket-bootstrap/braunimmobilien/project/webapp-bootstrap/classes/search/braunimmobilien.model.Angstatus'
2016-08-15 15:38:15 WARN  DirectoryProviderHelper:258 - HSEARCH000041: Index directory not found, creating: '/home/braun/workbench/checkout/braunimmobilien-wicket-bootstrap/braunimmobilien/project/webapp-bootstrap/classes/search/braunimmobilien.model.Eigentuemermuster'
2016-08-15 15:38:16 WARN  DirectoryProviderHelper:258 - HSEARCH000041: Index directory not found, creating: '/home/braun/workbench/checkout/braunimmobilien-wicket-bootstrap/braunimmobilien/project/webapp-bootstrap/classes/search/braunimmobilien.model.Subjects'
2016-08-15 15:38:16 WARN  DirectoryProviderHelper:258 - HSEARCH000041: Index directory not found, creating: '/home/braun/workbench/checkout/braunimmobilien-wicket-bootstrap/braunimmobilien/project/webapp-bootstrap/classes/search/braunimmobilien.model.Objektsuch'
2016-08-15 15:38:16 WARN  DirectoryProviderHelper:258 - HSEARCH000041: Index directory not found, creating: '/home/braun/workbench/checkout/braunimmobilien-wicket-bootstrap/braunimmobilien/project/webapp-bootstrap/classes/search/braunimmobilien.model.Nachweise'
2016-08-15 15:38:16 WARN  DirectoryProviderHelper:258 - HSEARCH000041: Index directory not found, creating: '/home/braun/workbench/checkout/braunimmobilien-wicket-bootstrap/braunimmobilien/project/webapp-bootstrap/classes/search/braunimmobilien.model.Mitarbeiter'
2016-08-15 15:38:16 WARN  DirectoryProviderHelper:258 - HSEARCH000041: Index directory not found, creating: '/home/braun/workbench/checkout/braunimmobilien-wicket-bootstrap/braunimmobilien/project/webapp-bootstrap/classes/search/braunimmobilien.model.Eigentuemertyp'
2016-08-15 15:38:16 WARN  DirectoryProviderHelper:258 - HSEARCH000041: Index directory not found, creating: '/home/braun/workbench/checkout/braunimmobilien-wicket-bootstrap/braunimmobilien/project/webapp-bootstrap/classes/search/braunimmobilien.model.Objektart'
2016-08-15 15:38:16 WARN  DirectoryProviderHelper:258 - HSEARCH000041: Index directory not found, creating: '/home/braun/workbench/checkout/braunimmobilien-wicket-bootstrap/braunimmobilien/project/webapp-bootstrap/classes/search/braunimmobilien.model.Angebot'
2016-08-15 15:38:16 WARN  DirectoryProviderHelper:258 - HSEARCH000041: Index directory not found, creating: '/home/braun/workbench/checkout/braunimmobilien-wicket-bootstrap/braunimmobilien/project/webapp-bootstrap/classes/search/braunimmobilien.model.Emailbrief'
2016-08-15 15:38:16 WARN  DirectoryProviderHelper:258 - HSEARCH000041: Index directory not found, creating: '/home/braun/workbench/checkout/braunimmobilien-wicket-bootstrap/braunimmobilien/project/webapp-bootstrap/classes/search/braunimmobilien.model.Kunde'
2016-08-15 15:38:16 WARN  DirectoryProviderHelper:258 - HSEARCH000041: Index directory not found, creating: '/home/braun/workbench/checkout/braunimmobilien-wicket-bootstrap/braunimmobilien/project/webapp-bootstrap/classes/search/braunimmobilien.model.Land'
2016-08-15 15:38:16 WARN  DirectoryProviderHelper:258 - HSEARCH000041: Index directory not found, creating: '/home/braun/workbench/checkout/braunimmobilien-wicket-bootstrap/braunimmobilien/project/webapp-bootstrap/classes/search/braunimmobilien.model.Links'
2016-08-15 15:38:16 WARN  DirectoryProviderHelper:258 - HSEARCH000041: Index directory not found, creating: '/home/braun/workbench/checkout/braunimmobilien-wicket-bootstrap/braunimmobilien/project/webapp-bootstrap/classes/search/braunimmobilien.model.Angobjzuord'
2016-08-15 15:38:16 WARN  DirectoryProviderHelper:258 - HSEARCH000041: Index directory not found, creating: '/home/braun/workbench/checkout/braunimmobilien-wicket-bootstrap/braunimmobilien/project/webapp-bootstrap/classes/search/braunimmobilien.model.Objarttyp'
2016-08-15 15:38:16 WARN  DirectoryProviderHelper:258 - HSEARCH000041: Index directory not found, creating: '/home/braun/workbench/checkout/braunimmobilien-wicket-bootstrap/braunimmobilien/project/webapp-bootstrap/classes/search/braunimmobilien.model.Xtyp'
2016-08-15 15:38:16 WARN  DirectoryProviderHelper:258 - HSEARCH000041: Index directory not found, creating: '/home/braun/workbench/checkout/braunimmobilien-wicket-bootstrap/braunimmobilien/project/webapp-bootstrap/classes/search/braunimmobilien.model.Orte'
2016-08-15 15:38:16 WARN  DirectoryProviderHelper:258 - HSEARCH000041: Index directory not found, creating: '/home/braun/workbench/checkout/braunimmobilien-wicket-bootstrap/braunimmobilien/project/webapp-bootstrap/classes/search/braunimmobilien.model.Scout'
2016-08-15 15:38:16 WARN  DirectoryProviderHelper:258 - HSEARCH000041: Index directory not found, creating: '/home/braun/workbench/checkout/braunimmobilien-wicket-bootstrap/braunimmobilien/project/webapp-bootstrap/classes/search/braunimmobilien.model.Objekte'
2016-08-15 15:38:16 WARN  DirectoryProviderHelper:258 - HSEARCH000041: Index directory not found, creating: '/home/braun/workbench/checkout/braunimmobilien-wicket-bootstrap/braunimmobilien/project/webapp-bootstrap/classes/search/braunimmobilien.model.Strassen'
2016-08-15 15:38:16 WARN  DirectoryProviderHelper:258 - HSEARCH000041: Index directory not found, creating: '/home/braun/workbench/checkout/braunimmobilien-wicket-bootstrap/braunimmobilien/project/webapp-bootstrap/classes/search/braunimmobilien.model.Status'
2016-08-15 15:38:16 WARN  DirectoryProviderHelper:258 - HSEARCH000041: Index directory not found, creating: '/home/braun/workbench/checkout/braunimmobilien-wicket-bootstrap/braunimmobilien/project/webapp-bootstrap/classes/search/braunimmobilien.model.User'
2016-08-15 15:38:16 WARN  DirectoryProviderHelper:258 - HSEARCH000041: Index directory not found, creating: '/home/braun/workbench/checkout/braunimmobilien-wicket-bootstrap/braunimmobilien/project/webapp-bootstrap/classes/search/braunimmobilien.model.Objperszuord'
2016-08-15 15:38:17 WARN  DirectoryProviderHelper:258 - HSEARCH000041: Index directory not found, creating: '/home/braun/workbench/checkout/braunimmobilien-wicket-bootstrap/braunimmobilien/project/webapp-bootstrap/classes/search/braunimmobilien.model.Eigtstatus'
2016-08-15 15:38:17 WARN  DirectoryProviderHelper:258 - HSEARCH000041: Index directory not found, creating: '/home/braun/workbench/checkout/braunimmobilien-wicket-bootstrap/braunimmobilien/project/webapp-bootstrap/classes/search/braunimmobilien.model.Nutzer'
2016-08-15 15:38:17 WARN  DirectoryProviderHelper:258 - HSEARCH000041: Index directory not found, creating: '/home/braun/workbench/checkout/braunimmobilien-wicket-bootstrap/braunimmobilien/project/webapp-bootstrap/classes/search/braunimmobilien.model.Mitzuord'
2016-08-15 15:38:17 WARN  DirectoryProviderHelper:258 - HSEARCH000041: Index directory not found, creating: '/home/braun/workbench/checkout/braunimmobilien-wicket-bootstrap/braunimmobilien/project/webapp-bootstrap/classes/search/braunimmobilien.model.Kondition'
2016-08-15 15:38:17 WARN  DirectoryProviderHelper:258 - HSEARCH000041: Index directory not found, creating: '/home/braun/workbench/checkout/braunimmobilien-wicket-bootstrap/braunimmobilien/project/webapp-bootstrap/classes/search/braunimmobilien.model.Kundenart'
2016-08-15 15:38:17 WARN  DirectoryProviderHelper:258 - HSEARCH000041: Index directory not found, creating: '/home/braun/workbench/checkout/braunimmobilien-wicket-bootstrap/braunimmobilien/project/webapp-bootstrap/classes/search/braunimmobilien.model.Type'
2016-08-15 15:38:19 WARN  TemplateRenderer:103 - HHH000174: Function template anticipated 3 arguments, but 2 arguments encountered
