2016-09-05 09:53:24 DEBUG PersonPanel:563 - new PersonPanel responsepage ObjektTree PageParameters objid=[1], eigtid=[1]
2016-09-05 09:53:25 DEBUG PersonPanel:563 - new PersonPanel responsepage ObjektTree PageParameters objid=[1], eigtid=[1]
2016-09-05 09:53:25 DEBUG PersonPanel:563 - new PersonPanel responsepage ObjektTree PageParameters objid=[1], eigtid=[1]
2016-09-05 09:53:25 DEBUG PersonPanel:563 - new PersonPanel responsepage ObjektTree PageParameters objid=[1], eigtid=[1]
2016-09-05 09:53:25 DEBUG PersonPanel:563 - new PersonPanel responsepage ObjektTree PageParameters objid=[1], eigtid=[1]
2016-09-05 09:53:26 DEBUG PersonPanel:563 - new PersonPanel responsepage ObjektTree PageParameters objid=[1], eigtid=[1]
2016-09-05 09:53:26 DEBUG PersonPanel:563 - new PersonPanel responsepage ObjektTree PageParameters objid=[1], eigtid=[1]
2016-09-05 09:53:26 DEBUG PersonPanel:563 - new PersonPanel responsepage ObjektTree PageParameters objid=[1], eigtid=[1]
2016-09-05 09:53:26 DEBUG PersonPanel:563 - new PersonPanel responsepage ObjektTree PageParameters objid=[1], eigtid=[1]
2016-09-05 09:53:28 DEBUG PersonPanel:563 - new PersonPanel responsepage ObjektTree PageParameters objid=[1], eigtid=[1]
2016-09-05 09:53:28 DEBUG PersonPanel:563 - new PersonPanel responsepage ObjektTree PageParameters objid=[1], eigtid=[1]
2016-09-05 09:53:29 DEBUG PersonPanel:563 - new PersonPanel responsepage ObjektTree PageParameters objid=[1], eigtid=[1]
2016-09-05 09:53:29 DEBUG PersonPanel:563 - new PersonPanel responsepage ObjektTree PageParameters objid=[1], eigtid=[1]
2016-09-05 09:53:29 DEBUG PersonPanel:563 - new PersonPanel responsepage ObjektTree PageParameters objid=[1], eigtid=[1]
2016-09-05 09:53:29 DEBUG PersonPanel:563 - new PersonPanel responsepage ObjektTree PageParameters objid=[1], eigtid=[1]
2016-09-05 09:53:29 DEBUG PersonPanel:563 - new PersonPanel responsepage ObjektTree PageParameters objid=[1], eigtid=[1]
2016-09-05 09:53:30 DEBUG PersonPanel:563 - new PersonPanel responsepage ObjektTree PageParameters objid=[1], eigtid=[1]
2016-09-05 09:53:30 DEBUG PersonPanel:563 - new PersonPanel responsepage ObjektTree PageParameters objid=[1], eigtid=[1]
2016-09-05 09:53:31 DEBUG PersonPanel:563 - new PersonPanel responsepage AngebotTree PageParameters angnr=[RH996], objid=[1], eigtid=[1]
2016-09-05 09:53:36 DEBUG PersonPanel:563 - new PersonPanel responsepage AngebotTree PageParameters angnr=[RH996], objid=[1], eigtid=[1]
2016-09-05 09:53:36 DEBUG PersonPanel:563 - new PersonPanel responsepage AngebotTree PageParameters angnr=[RH996], objid=[1], eigtid=[1]
2016-09-05 09:53:37 DEBUG PersonPanel:563 - new PersonPanel responsepage AngebotTree PageParameters angnr=[RH996], objid=[1], eigtid=[1]
2016-09-05 09:53:37 DEBUG PersonPanel:563 - new PersonPanel responsepage AngebotTree PageParameters angnr=[RH996], objid=[1], eigtid=[1]
2016-09-05 09:53:37 DEBUG PersonPanel:563 - new PersonPanel responsepage AngebotTree PageParameters angnr=[RH996], objid=[1], eigtid=[1]
2016-09-05 09:53:37 DEBUG PersonPanel:563 - new PersonPanel responsepage AngebotTree PageParameters angnr=[RH996], objid=[1], eigtid=[1]
2016-09-05 09:53:37 DEBUG PersonPanel:563 - new PersonPanel responsepage AngebotTree PageParameters angnr=[RH996], objid=[1], eigtid=[1]
2016-09-05 09:53:39 DEBUG PersonPanel:563 - new PersonPanel responsepage AngebotTree PageParameters angnr=[RH996], objid=[1], eigtid=[1]
2016-09-05 09:53:40 DEBUG PersonPanel:563 - new PersonPanel responsepage AngebotTree PageParameters angnr=[RH996], objid=[1], eigtid=[1]
2016-09-05 09:53:40 DEBUG PersonPanel:563 - new PersonPanel responsepage AngebotTree PageParameters angnr=[RH996], objid=[1], eigtid=[1]
2016-09-05 09:53:46 DEBUG PersonPanel:563 - new PersonPanel responsepage AngebotTree PageParameters angnr=[RH996], objid=[1], eigtid=[1]
2016-09-05 09:53:46 DEBUG PersonPanel:563 - new PersonPanel responsepage AngebotTree PageParameters angnr=[RH996], objid=[1], eigtid=[1]
2016-09-05 09:53:46 DEBUG PersonPanel:563 - new PersonPanel responsepage AngebotTree PageParameters angnr=[RH996], objid=[1], eigtid=[1]
2016-09-05 09:53:46 DEBUG PersonPanel:563 - new PersonPanel responsepage AngebotTree PageParameters angnr=[RH996], objid=[1], eigtid=[1]
2016-09-05 09:53:47 DEBUG PersonPanel:563 - new PersonPanel responsepage AngebotTree PageParameters angnr=[RH996], objid=[1], eigtid=[1]
2016-09-05 09:53:47 DEBUG PersonPanel:563 - new PersonPanel responsepage AngebotTree PageParameters angnr=[RH996], objid=[1], eigtid=[1]
2016-09-05 09:53:47 DEBUG PersonPanel:563 - new PersonPanel responsepage AngebotTree PageParameters angnr=[RH996], objid=[1], eigtid=[1]
2016-09-05 09:53:53 DEBUG PersonPanel:563 - new PersonPanel responsepage AngebotTree PageParameters angnr=[RH996], objid=[1], eigtid=[1]
2016-09-05 09:53:53 DEBUG PersonPanel:563 - new PersonPanel responsepage AngebotTree PageParameters angnr=[RH996], objid=[1], eigtid=[1]
2016-09-05 09:53:53 DEBUG PersonPanel:563 - new PersonPanel responsepage AngebotTree PageParameters angnr=[RH996], objid=[1], eigtid=[1]
2016-09-05 09:53:53 DEBUG PersonPanel:563 - new PersonPanel responsepage AngebotTree PageParameters angnr=[RH996], objid=[1], eigtid=[1]
2016-09-05 09:53:53 DEBUG PersonPanel:563 - new PersonPanel responsepage AngebotTree PageParameters angnr=[RH996], objid=[1], eigtid=[1]
2016-09-05 09:53:53 DEBUG PersonPanel:563 - new PersonPanel responsepage AngebotTree PageParameters angnr=[RH996], objid=[1], eigtid=[1]
2016-09-05 09:53:54 DEBUG PersonPanel:563 - new PersonPanel responsepage AngebotTree PageParameters angnr=[RH1000], objid=[18], eigtid=[null], eigttypid=[1], strid=[20]
2016-09-05 09:53:55 DEBUG PersonPanel:224 - next Button PageParameters angnr=[RH1000], objid=[18], eigtid=[null], eigttypid=[1]
2016-09-05 09:53:55 DEBUG PersonPanel:563 - new PersonPanel responsepage AngebotTree PageParameters angnr=[RH1000], objid=[18], eigtid=[10]
2016-09-05 09:53:56 DEBUG PersonPanel:563 - new PersonPanel responsepage AngebotTree PageParameters angnr=[RH996], objid=[1], eigtid=[1]
2016-09-05 09:53:56 DEBUG PersonPanel:563 - new PersonPanel responsepage AngebotTree PageParameters angnr=[RH996], objid=[1], eigtid=[1]
2016-09-05 09:53:56 DEBUG PersonPanel:563 - new PersonPanel responsepage AngebotTree PageParameters angnr=[RH996], objid=[1], eigtid=[1]
2016-09-05 09:54:01 DEBUG PersonPanel:563 - new PersonPanel responsepage AngebotTree PageParameters angnr=[RH996], objid=[1], eigtid=[1]
2016-09-05 09:54:01 DEBUG PersonPanel:563 - new PersonPanel responsepage AngebotTree PageParameters angnr=[RH996], objid=[1], eigtid=[1]
2016-09-05 09:54:01 DEBUG PersonPanel:563 - new PersonPanel responsepage AngebotTree PageParameters angnr=[RH996], objid=[1], eigtid=[1]
2016-09-05 09:54:02 DEBUG PersonPanel:563 - new PersonPanel responsepage AngebotTree PageParameters angnr=[RH996], objid=[1], eigtid=[1]
2016-09-05 09:54:02 DEBUG PersonPanel:563 - new PersonPanel responsepage AngebotTree PageParameters angnr=[RH996], objid=[1], eigtid=[1]
2016-09-05 09:54:02 DEBUG PersonPanel:563 - new PersonPanel responsepage AngebotTree PageParameters angnr=[RH996], objid=[1], eigtid=[1]
2016-09-05 09:54:02 DEBUG PersonPanel:563 - new PersonPanel responsepage AngebotTree PageParameters angnr=[RH996], objid=[1], eigtid=[1]
2016-09-05 09:54:03 DEBUG PersonPanel:563 - new PersonPanel responsepage AngebotTree PageParameters angnr=[RH996], objid=[1], eigtid=[1]
2016-09-05 09:54:03 DEBUG PersonPanel:563 - new PersonPanel responsepage AngebotTree PageParameters angnr=[RH996], objid=[1], eigtid=[1]
2016-09-05 09:54:08 DEBUG PersonPanel:563 - new PersonPanel responsepage ObjektTree PageParameters objid=[1], eigtid=[1]
2016-09-05 09:54:09 DEBUG PersonPanel:563 - new PersonPanel responsepage ObjektTree PageParameters objid=[1], eigtid=[1]
2016-09-05 09:54:09 DEBUG PersonPanel:563 - new PersonPanel responsepage ObjektTree PageParameters objid=[1], eigtid=[1]
2016-09-05 09:54:11 DEBUG PersonPanel:563 - new PersonPanel responsepage ObjektTree PageParameters objid=[1], eigtid=[1]
2016-09-05 09:54:12 DEBUG PersonPanel:563 - new PersonPanel responsepage ObjektTree PageParameters objid=[1], eigtid=[1]
2016-09-05 09:54:12 DEBUG PersonPanel:563 - new PersonPanel responsepage ObjektTree PageParameters objid=[1], eigtid=[1]
2016-09-05 09:54:13 DEBUG PersonPanel:563 - new PersonPanel responsepage ObjektTree PageParameters objid=[1], eigtid=[1]
2016-09-05 09:54:15 DEBUG PersonPanel:563 - new PersonPanel responsepage PersonTree PageParameters eigtid=[1]
2016-09-05 09:54:15 DEBUG PersonPanel:563 - new PersonPanel responsepage PersonTree PageParameters eigtid=[1]
