2016-09-06 10:43:03 DEBUG PersonPanel:563 - new PersonPanel responsepage ObjektTree PageParameters objid=[1], eigtid=[1]
2016-09-06 10:43:03 DEBUG PersonPanel:563 - new PersonPanel responsepage ObjektTree PageParameters objid=[1], eigtid=[1]
2016-09-06 10:43:04 DEBUG PersonPanel:563 - new PersonPanel responsepage ObjektTree PageParameters objid=[1], eigtid=[1]
2016-09-06 10:43:04 DEBUG PersonPanel:563 - new PersonPanel responsepage ObjektTree PageParameters objid=[1], eigtid=[1]
2016-09-06 10:43:04 DEBUG PersonPanel:563 - new PersonPanel responsepage ObjektTree PageParameters objid=[1], eigtid=[1]
2016-09-06 10:43:05 DEBUG PersonPanel:563 - new PersonPanel responsepage ObjektTree PageParameters objid=[1], eigtid=[1]
2016-09-06 10:43:05 DEBUG PersonPanel:563 - new PersonPanel responsepage ObjektTree PageParameters objid=[1], eigtid=[1]
2016-09-06 10:43:05 DEBUG PersonPanel:563 - new PersonPanel responsepage ObjektTree PageParameters objid=[1], eigtid=[1]
2016-09-06 10:43:05 DEBUG PersonPanel:563 - new PersonPanel responsepage ObjektTree PageParameters objid=[1], eigtid=[1]
2016-09-06 10:43:07 DEBUG PersonPanel:563 - new PersonPanel responsepage ObjektTree PageParameters objid=[1], eigtid=[1]
2016-09-06 10:43:07 DEBUG PersonPanel:563 - new PersonPanel responsepage ObjektTree PageParameters objid=[1], eigtid=[1]
2016-09-06 10:43:07 DEBUG PersonPanel:563 - new PersonPanel responsepage ObjektTree PageParameters objid=[1], eigtid=[1]
2016-09-06 10:43:07 DEBUG PersonPanel:563 - new PersonPanel responsepage ObjektTree PageParameters objid=[1], eigtid=[1]
2016-09-06 10:43:08 DEBUG PersonPanel:563 - new PersonPanel responsepage ObjektTree PageParameters objid=[1], eigtid=[1]
2016-09-06 10:43:08 DEBUG PersonPanel:563 - new PersonPanel responsepage ObjektTree PageParameters objid=[1], eigtid=[1]
2016-09-06 10:43:08 DEBUG PersonPanel:563 - new PersonPanel responsepage ObjektTree PageParameters objid=[1], eigtid=[1]
2016-09-06 10:43:08 DEBUG PersonPanel:563 - new PersonPanel responsepage ObjektTree PageParameters objid=[1], eigtid=[1]
2016-09-06 10:43:08 DEBUG PersonPanel:563 - new PersonPanel responsepage ObjektTree PageParameters objid=[1], eigtid=[1]
2016-09-06 10:43:10 DEBUG PersonPanel:563 - new PersonPanel responsepage AngebotTree PageParameters angnr=[RH996], objid=[1], eigtid=[1]
2016-09-06 10:43:15 DEBUG PersonPanel:563 - new PersonPanel responsepage AngebotTree PageParameters angnr=[RH996], objid=[1], eigtid=[1]
2016-09-06 10:43:16 DEBUG PersonPanel:563 - new PersonPanel responsepage AngebotTree PageParameters angnr=[RH996], objid=[1], eigtid=[1]
2016-09-06 10:43:16 DEBUG PersonPanel:563 - new PersonPanel responsepage AngebotTree PageParameters angnr=[RH996], objid=[1], eigtid=[1]
2016-09-06 10:43:16 DEBUG PersonPanel:563 - new PersonPanel responsepage AngebotTree PageParameters angnr=[RH996], objid=[1], eigtid=[1]
2016-09-06 10:43:16 DEBUG PersonPanel:563 - new PersonPanel responsepage AngebotTree PageParameters angnr=[RH996], objid=[1], eigtid=[1]
2016-09-06 10:43:16 DEBUG PersonPanel:563 - new PersonPanel responsepage AngebotTree PageParameters angnr=[RH996], objid=[1], eigtid=[1]
2016-09-06 10:43:17 DEBUG PersonPanel:563 - new PersonPanel responsepage AngebotTree PageParameters angnr=[RH996], objid=[1], eigtid=[1]
2016-09-06 10:43:18 DEBUG PersonPanel:563 - new PersonPanel responsepage AngebotTree PageParameters angnr=[RH996], objid=[1], eigtid=[1]
2016-09-06 10:43:19 DEBUG PersonPanel:563 - new PersonPanel responsepage AngebotTree PageParameters angnr=[RH996], objid=[1], eigtid=[1]
2016-09-06 10:43:20 DEBUG PersonPanel:563 - new PersonPanel responsepage AngebotTree PageParameters angnr=[RH996], objid=[1], eigtid=[1]
2016-09-06 10:43:25 DEBUG PersonPanel:563 - new PersonPanel responsepage AngebotTree PageParameters angnr=[RH996], objid=[1], eigtid=[1]
2016-09-06 10:43:25 DEBUG PersonPanel:563 - new PersonPanel responsepage AngebotTree PageParameters angnr=[RH996], objid=[1], eigtid=[1]
2016-09-06 10:43:25 DEBUG PersonPanel:563 - new PersonPanel responsepage AngebotTree PageParameters angnr=[RH996], objid=[1], eigtid=[1]
2016-09-06 10:43:25 DEBUG PersonPanel:563 - new PersonPanel responsepage AngebotTree PageParameters angnr=[RH996], objid=[1], eigtid=[1]
2016-09-06 10:43:25 DEBUG PersonPanel:563 - new PersonPanel responsepage AngebotTree PageParameters angnr=[RH996], objid=[1], eigtid=[1]
2016-09-06 10:43:25 DEBUG PersonPanel:563 - new PersonPanel responsepage AngebotTree PageParameters angnr=[RH996], objid=[1], eigtid=[1]
2016-09-06 10:43:26 DEBUG PersonPanel:563 - new PersonPanel responsepage AngebotTree PageParameters angnr=[RH996], objid=[1], eigtid=[1]
2016-09-06 10:43:32 DEBUG PersonPanel:563 - new PersonPanel responsepage AngebotTree PageParameters angnr=[RH996], objid=[1], eigtid=[1]
2016-09-06 10:43:32 DEBUG PersonPanel:563 - new PersonPanel responsepage AngebotTree PageParameters angnr=[RH996], objid=[1], eigtid=[1]
2016-09-06 10:43:32 DEBUG PersonPanel:563 - new PersonPanel responsepage AngebotTree PageParameters angnr=[RH996], objid=[1], eigtid=[1]
2016-09-06 10:43:32 DEBUG PersonPanel:563 - new PersonPanel responsepage AngebotTree PageParameters angnr=[RH996], objid=[1], eigtid=[1]
2016-09-06 10:43:32 DEBUG PersonPanel:563 - new PersonPanel responsepage AngebotTree PageParameters angnr=[RH996], objid=[1], eigtid=[1]
2016-09-06 10:43:32 DEBUG PersonPanel:563 - new PersonPanel responsepage AngebotTree PageParameters angnr=[RH996], objid=[1], eigtid=[1]
2016-09-06 10:43:34 DEBUG PersonPanel:563 - new PersonPanel responsepage AngebotTree PageParameters angnr=[RH1000], objid=[13], eigtid=[null], eigttypid=[1], strid=[16]
2016-09-06 10:43:34 DEBUG PersonPanel:224 - next Button PageParameters angnr=[RH1000], objid=[13], eigtid=[null], eigttypid=[1]
2016-09-06 10:43:34 DEBUG PersonPanel:563 - new PersonPanel responsepage AngebotTree PageParameters angnr=[RH1000], objid=[13], eigtid=[9]
2016-09-06 10:43:35 DEBUG PersonPanel:563 - new PersonPanel responsepage AngebotTree PageParameters angnr=[RH996], objid=[1], eigtid=[1]
2016-09-06 10:43:35 DEBUG PersonPanel:563 - new PersonPanel responsepage AngebotTree PageParameters angnr=[RH996], objid=[1], eigtid=[1]
2016-09-06 10:43:36 DEBUG PersonPanel:563 - new PersonPanel responsepage AngebotTree PageParameters angnr=[RH996], objid=[1], eigtid=[1]
2016-09-06 10:43:41 DEBUG PersonPanel:563 - new PersonPanel responsepage AngebotTree PageParameters angnr=[RH996], objid=[1], eigtid=[1]
2016-09-06 10:43:41 DEBUG PersonPanel:563 - new PersonPanel responsepage AngebotTree PageParameters angnr=[RH996], objid=[1], eigtid=[1]
2016-09-06 10:43:41 DEBUG PersonPanel:563 - new PersonPanel responsepage AngebotTree PageParameters angnr=[RH996], objid=[1], eigtid=[1]
2016-09-06 10:43:41 DEBUG PersonPanel:563 - new PersonPanel responsepage AngebotTree PageParameters angnr=[RH996], objid=[1], eigtid=[1]
2016-09-06 10:43:41 DEBUG PersonPanel:563 - new PersonPanel responsepage AngebotTree PageParameters angnr=[RH996], objid=[1], eigtid=[1]
2016-09-06 10:43:41 DEBUG PersonPanel:563 - new PersonPanel responsepage AngebotTree PageParameters angnr=[RH996], objid=[1], eigtid=[1]
2016-09-06 10:43:42 DEBUG PersonPanel:563 - new PersonPanel responsepage AngebotTree PageParameters angnr=[RH996], objid=[1], eigtid=[1]
2016-09-06 10:43:42 DEBUG PersonPanel:563 - new PersonPanel responsepage AngebotTree PageParameters angnr=[RH996], objid=[1], eigtid=[1]
2016-09-06 10:43:42 DEBUG PersonPanel:563 - new PersonPanel responsepage AngebotTree PageParameters angnr=[RH996], objid=[1], eigtid=[1]
2016-09-06 10:43:47 DEBUG PersonPanel:563 - new PersonPanel responsepage ObjektTree PageParameters objid=[1], eigtid=[1]
2016-09-06 10:43:49 DEBUG PersonPanel:563 - new PersonPanel responsepage ObjektTree PageParameters objid=[1], eigtid=[1]
2016-09-06 10:43:49 DEBUG PersonPanel:563 - new PersonPanel responsepage ObjektTree PageParameters objid=[1], eigtid=[1]
2016-09-06 10:43:51 DEBUG PersonPanel:563 - new PersonPanel responsepage ObjektTree PageParameters objid=[1], eigtid=[1]
2016-09-06 10:43:51 DEBUG PersonPanel:563 - new PersonPanel responsepage ObjektTree PageParameters objid=[1], eigtid=[1]
2016-09-06 10:43:51 DEBUG PersonPanel:563 - new PersonPanel responsepage ObjektTree PageParameters objid=[1], eigtid=[1]
2016-09-06 10:43:52 DEBUG PersonPanel:563 - new PersonPanel responsepage ObjektTree PageParameters objid=[1], eigtid=[1]
2016-09-06 10:43:54 DEBUG PersonPanel:563 - new PersonPanel responsepage PersonTree PageParameters eigtid=[1]
2016-09-06 10:43:54 DEBUG PersonPanel:563 - new PersonPanel responsepage PersonTree PageParameters eigtid=[1]
