#
# A fatal error has been detected by the Java Runtime Environment:
#
#  SIGSEGV (0xb) at pc=0x00007fbb43f6f3f7, pid=3702, tid=140442238281472
#
# JRE version: Java(TM) SE Runtime Environment (7.0_55-b13) (build 1.7.0_55-b13)
# Java VM: Java HotSpot(TM) 64-Bit Server VM (24.55-b03 mixed mode linux-amd64 compressed oops)
# Problematic frame:
# V  [libjvm.so+0x8743f7]  MoveAndUpdateClosure::do_addr(HeapWord*, unsigned long)+0x127
#
# Failed to write core dump. Core dumps have been disabled. To enable core dumping, try "ulimit -c unlimited" before starting Java again
#
# If you would like to submit a bug report, please visit:
#   http://bugreport.sun.com/bugreport/crash.jsp
#

---------------  T H R E A D  ---------------

Current thread (0x00007fbb3c021800):  GCTaskThread [stack: 0x00007fbb41a96000,0x00007fbb41b97000] [id=3722]

siginfo:si_signo=SIGSEGV: si_errno=0, si_code=1 (SEGV_MAPERR), si_addr=0x00000000036803c0

Registers:
RAX=0x00007fbb4450d6a0, RBX=0x00007fbb41b958d0, RCX=0x0000000000000003, RDX=0x00000000036803a8
RSP=0x00007fbb41b957d0, RBP=0x00007fbb41b95810, RSI=0x0000000000000001, RDI=0x00000000036803b8
R8 =0x00007fbb44528e58, R9 =0x00007fbb3c0668e0, R10=0x00000000000396c2, R11=0x00007fbb446e9b70
R12=0x000000078593aa38, R13=0x0000000000000001, R14=0x0000000000000008, R15=0x00007fbb44536ac0
RIP=0x00007fbb43f6f3f7, EFLAGS=0x0000000000010202, CSGSFS=0x0000000000000033, ERR=0x0000000000000004
  TRAPNO=0x000000000000000e

Top of Stack: (sp=0x00007fbb41b957d0)
0x00007fbb41b957d0:   0000000785442fac 00007fbb3c0668e0
0x00007fbb41b957e0:   00007fbb44528e58 0000000000e5b060
0x00007fbb41b957f0:   0000000000039800 0000000000e60000
0x00007fbb41b95800:   0000000000e60000 00007fbb44536ac0
0x00007fbb41b95810:   00007fbb41b95860 00007fbb43f26482
0x00007fbb41b95820:   0000000785442fa0 00007fbb444fabc8
0x00007fbb41b95830:   00007fbb41b958d0 00007fbb41b95910
0x00007fbb41b95840:   0000000786480000 0000000786500000
0x00007fbb41b95850:   00007fbb41b95a04 00007fbb41b95980
0x00007fbb41b95860:   00007fbb41b95950 00007fbb43f71aee
0x00007fbb41b95870:   0000000000033800 0000000000ce0000
0x00007fbb41b95880:   00007fbb41b9591c 00007fbb41b95910
0x00007fbb41b95890:   00007fbb41b958d0 00007fbb3c0668e0
0x00007fbb41b958a0:   00007fbb4186d030 00000000000000e5
0x00007fbb41b958b0:   00007fbb41b95950 0000000000000000
0x00007fbb41b958c0:   00000007858d0d40 0000000785900000
0x00007fbb41b958d0:   00007fbb444ea070 00007fbb44536ac0
0x00007fbb41b958e0:   00007fbb3c0668e0 0000000000008ab9
0x00007fbb41b958f0:   00000007864d8300 00007fbb3c01ac00
0x00007fbb41b95900:   000000078593aa38 00007fbb41b95990
0x00007fbb41b95910:   000000078a0d1fb8 000000013c0668e0
0x00007fbb41b95920:   00007fbb4186cea0 00007fbb3c0663f0
0x00007fbb41b95930:   00007fbb44532a60 00007fbb3c0668e0
0x00007fbb41b95940:   00007fbb41b95a04 00007fbb41b95980
0x00007fbb41b95950:   00007fbb41b959d0 00007fbb43f61cae
0x00007fbb41b95960:   00007fbb3c0668e0 00007fbb41b95970
0x00007fbb41b95970:   000000078590dd30 00007fbb3c01ac00
0x00007fbb41b95980:   0000000785480000 00007fbb3c021800
0x00007fbb41b95990:   000000078a0d1fb8 0000000100000000
0x00007fbb41b959a0:   0000000300000007 0000000000000000
0x00007fbb41b959b0:   00007fbb3c0666d0 0000000000000001
0x00007fbb41b959c0:   00007fbb41b95a04 00007fbb41b959f8 

Instructions: (pc=0x00007fbb43f6f3f7)
0x00007fbb43f6f3d7:   00 41 80 38 00 74 72 48 8b 05 93 15 58 00 41 8b
0x00007fbb43f6f3e7:   54 24 08 8b 48 08 48 d3 e2 48 03 10 48 8d 7a 10
0x00007fbb43f6f3f7:   81 7f 08 ff ff ff bf 77 10 48 8b 42 10 4c 89 ce
0x00007fbb43f6f407:   4c 89 e2 ff 90 e0 00 00 00 4c 29 6b 18 4c 01 73 

Register to memory mapping:

RAX=0x00007fbb4450d6a0: <offset 0xe126a0> in /usr/lib/jvm/jdk1.7.0_55/jre/lib/amd64/server/libjvm.so at 0x00007fbb436fb000
RBX=0x00007fbb41b958d0 is an unknown value
RCX=0x0000000000000003 is an unknown value
RDX=0x00000000036803a8 is an unknown value
RSP=0x00007fbb41b957d0 is an unknown value
RBP=0x00007fbb41b95810 is an unknown value
RSI=0x0000000000000001 is an unknown value
RDI=0x00000000036803b8 is an unknown value
R8 =0x00007fbb44528e58: <offset 0xe2de58> in /usr/lib/jvm/jdk1.7.0_55/jre/lib/amd64/server/libjvm.so at 0x00007fbb436fb000
R9 =0x00007fbb3c0668e0 is an unknown value
R10=0x00000000000396c2 is an unknown value
R11=0x00007fbb446e9b70: <offset 0x188b70> in /lib/x86_64-linux-gnu/libc.so.6 at 0x00007fbb44561000
R12=
[error occurred during error reporting (printing register info), id 0xb]

Stack: [0x00007fbb41a96000,0x00007fbb41b97000],  sp=0x00007fbb41b957d0,  free space=1021k
Native frames: (J=compiled Java code, j=interpreted, Vv=VM code, C=native code)
V  [libjvm.so+0x8743f7]  MoveAndUpdateClosure::do_addr(HeapWord*, unsigned long)+0x127
V  [libjvm.so+0x82b482]  ParMarkBitMap::iterate(ParMarkBitMapClosure*, unsigned long, unsigned long) const+0x142
V  [libjvm.so+0x876aee]  PSParallelCompact::fill_region(ParCompactionManager*, unsigned long)+0x25e
V  [libjvm.so+0x866cae]  ParCompactionManager::drain_region_stacks()+0x12e
V  [libjvm.so+0x84f309]  StealRegionCompactionTask::do_it(GCTaskManager*, unsigned int)+0x139
V  [libjvm.so+0x550fbf]  GCTaskThread::run()+0x12f
V  [libjvm.so+0x815668]  java_start(Thread*)+0x108


---------------  P R O C E S S  ---------------

Java Threads: ( => current thread )
  0x00007fbb3d53d000 
[error occurred during error reporting (printing all threads), id 0xb]

VM state:at safepoint (normal execution)

VM Mutex/Monitor currently owned by a thread:  ([mutex/lock_event])
[0x00007fbb3c006140] Threads_lock - owner thread: 0x00007fbb3c069800
[0x00007fbb3c006640] Heap_lock - owner thread: 0x00007fbb3d53d000

Heap
 PSYoungGen      total 422912K, used 23299K [0x00000007d6c00000, 0x00000007f2d80000, 0x0000000800000000)
  eden space 393216K, 0% used [0x00000007d6c00000,0x00000007d6c00000,0x00000007eec00000)
  from space 29696K, 78% used [0x00000007f0b80000,0x00000007f2240d58,0x00000007f2880000)
  to   space 32256K, 0% used [0x00000007eec00000,0x00000007eec00000,0x00000007f0b80000)
 ParOldGen       total 110080K, used 95047K [0x0000000784400000, 0x000000078af80000, 0x00000007d6c00000)
  object space 110080K, 86% used [0x0000000784400000,0x000000078a0d1fb8,0x000000078af80000)
 PSPermGen       total 37376K, used 37311K [0x000000077f200000, 0x0000000781680000, 0x0000000784400000)
  object space 37376K, 99% used [0x000000077f200000,0x000000078166ff98,0x0000000781680000)

Card table byte_map: [0x00007fbb41f55000,0x00007fbb4235d000] byte_map_base: 0x00007fbb3e35c000

Polling page: 0x00007fbb4517f000

Code Cache  [0x00007fbb39000000, 0x00007fbb39480000, 0x00007fbb3c000000)
 total_blobs=1638 nmethods=1269 adapters=321 free_code_cache=44649Kb largest_free_block=45649344

Compilation events (10 events):
Event: 14,211 Thread 0x00007fbb3c091000 nmethod 1365 0x00007fbb39455c10 code [0x00007fbb39455dc0, 0x00007fbb39456388]
Event: 14,215 Thread 0x00007fbb3c094000 nmethod 1366 0x00007fbb39455250 code [0x00007fbb394553c0, 0x00007fbb39455898]
Event: 14,222 Thread 0x00007fbb3c091000 1367             org.springframework.asm.ClassReader::readUnsignedShort (26 bytes)
Event: 14,223 Thread 0x00007fbb3c091000 nmethod 1367 0x00007fbb39454f50 code [0x00007fbb394550a0, 0x00007fbb39455178]
Event: 14,235 Thread 0x00007fbb3c094000 1368   !         org.apache.xerces.impl.XMLDocumentFragmentScannerImpl$FragmentContentDispatcher::dispatch (1128 bytes)
Event: 14,236 Thread 0x00007fbb3c091000 1369             org.apache.xerces.impl.XMLNSDocumentScannerImpl::scanStartElement (873 bytes)
Event: 14,299 Thread 0x00007fbb3c091000 nmethod 1369 0x00007fbb39472110 code [0x00007fbb394725a0, 0x00007fbb39474be0]
Event: 14,299 Thread 0x00007fbb3c091000 1370             org.apache.xerces.impl.xs.opti.SchemaDOM::processElement (294 bytes)
Event: 14,313 Thread 0x00007fbb3c091000 nmethod 1370 0x00007fbb394650d0 code [0x00007fbb39465300, 0x00007fbb394660f8]
Event: 14,313 Thread 0x00007fbb3c091000 1371   !         org.apache.xerces.impl.xs.traversers.XSAttributeChecker::checkAttributes (933 bytes)

GC Heap History (10 events):
Event: 6,928 GC heap after
Heap after GC invocations=6 (full 0):
 PSYoungGen      total 138240K, used 9469K [0x00000007d6c00000, 0x00000007e0000000, 0x0000000800000000)
  eden space 128000K, 0% used [0x00000007d6c00000,0x00000007d6c00000,0x00000007de900000)
  from space 10240K, 92% used [0x00000007df400000,0x00000007dfd3f598,0x00000007dfe00000)
  to   space 11264K, 0% used [0x00000007de900000,0x00000007de900000,0x00000007df400000)
 ParOldGen       total 84480K, used 8224K [0x0000000784400000, 0x0000000789680000, 0x00000007d6c00000)
  object space 84480K, 9% used [0x0000000784400000,0x0000000784c081a0,0x0000000789680000)
 PSPermGen       total 21504K, used 18360K [0x000000077f200000, 0x0000000780700000, 0x0000000784400000)
  object space 21504K, 85% used [0x000000077f200000,0x00000007803ee170,0x0000000780700000)
}
Event: 7,994 GC heap before
{Heap before GC invocations=7 (full 0):
 PSYoungGen      total 138240K, used 137469K [0x00000007d6c00000, 0x00000007e0000000, 0x0000000800000000)
  eden space 128000K, 100% used [0x00000007d6c00000,0x00000007de900000,0x00000007de900000)
  from space 10240K, 92% used [0x00000007df400000,0x00000007dfd3f598,0x00000007dfe00000)
  to   space 11264K, 0% used [0x00000007de900000,0x00000007de900000,0x00000007df400000)
 ParOldGen       total 84480K, used 8224K [0x0000000784400000, 0x0000000789680000, 0x00000007d6c00000)
  object space 84480K, 9% used [0x0000000784400000,0x0000000784c081a0,0x0000000789680000)
 PSPermGen       total 22528K, used 22389K [0x000000077f200000, 0x0000000780800000, 0x0000000784400000)
  object space 22528K, 99% used [0x000000077f200000,0x00000007807dd6d8,0x0000000780800000)
Event: 8,011 GC heap after
Heap after GC invocations=7 (full 0):
 PSYoungGen      total 139264K, used 11237K [0x00000007d6c00000, 0x00000007e8300000, 0x0000000800000000)
  eden space 128000K, 0% used [0x00000007d6c00000,0x00000007d6c00000,0x00000007de900000)
  from space 11264K, 99% used [0x00000007de900000,0x00000007df3f96b0,0x00000007df400000)
  to   space 14848K, 0% used [0x00000007e7480000,0x00000007e7480000,0x00000007e8300000)
 ParOldGen       total 84480K, used 11963K [0x0000000784400000, 0x0000000789680000, 0x00000007d6c00000)
  object space 84480K, 14% used [0x0000000784400000,0x0000000784faec80,0x0000000789680000)
 PSPermGen       total 22528K, used 22389K [0x000000077f200000, 0x0000000780800000, 0x0000000784400000)
  object space 22528K, 99% used [0x000000077f200000,0x00000007807dd6d8,0x0000000780800000)
}
Event: 9,337 GC heap before
{Heap before GC invocations=8 (full 0):
 PSYoungGen      total 139264K, used 139237K [0x00000007d6c00000, 0x00000007e8300000, 0x0000000800000000)
  eden space 128000K, 100% used [0x00000007d6c00000,0x00000007de900000,0x00000007de900000)
  from space 11264K, 99% used [0x00000007de900000,0x00000007df3f96b0,0x00000007df400000)
  to   space 14848K, 0% used [0x00000007e7480000,0x00000007e7480000,0x00000007e8300000)
 ParOldGen       total 84480K, used 11963K [0x0000000784400000, 0x0000000789680000, 0x00000007d6c00000)
  object space 84480K, 14% used [0x0000000784400000,0x0000000784faec80,0x0000000789680000)
 PSPermGen       total 23552K, used 23518K [0x000000077f200000, 0x0000000780900000, 0x0000000784400000)
  object space 23552K, 99% used [0x000000077f200000,0x00000007808f7898,0x0000000780900000)
Event: 9,363 GC heap after
Heap after GC invocations=8 (full 0):
 PSYoungGen      total 262144K, used 14822K [0x00000007d6c00000, 0x00000007e9400000, 0x0000000800000000)
  eden space 247296K, 0% used [0x00000007d6c00000,0x00000007d6c00000,0x00000007e5d80000)
  from space 14848K, 99% used [0x00000007e7480000,0x00000007e82f9900,0x00000007e8300000)
  to   space 23552K, 0% used [0x00000007e5d80000,0x00000007e5d80000,0x00000007e7480000)
 ParOldGen       total 84480K, used 26998K [0x0000000784400000, 0x0000000789680000, 0x00000007d6c00000)
  object space 84480K, 31% used [0x0000000784400000,0x0000000785e5d900,0x0000000789680000)
 PSPermGen       total 23552K, used 23518K [0x000000077f200000, 0x0000000780900000, 0x0000000784400000)
  object space 23552K, 99% used [0x000000077f200000,0x00000007808f7898,0x0000000780900000)
}
Event: 13,674 GC heap before
{Heap before GC invocations=9 (full 0):
 PSYoungGen      total 262144K, used 262118K [0x00000007d6c00000, 0x00000007e9400000, 0x0000000800000000)
  eden space 247296K, 100% used [0x00000007d6c00000,0x00000007e5d80000,0x00000007e5d80000)
  from space 14848K, 99% used [0x00000007e7480000,0x00000007e82f9900,0x00000007e8300000)
  to   space 23552K, 0% used [0x00000007e5d80000,0x00000007e5d80000,0x00000007e7480000)
 ParOldGen       total 84480K, used 26998K [0x0000000784400000, 0x0000000789680000, 0x00000007d6c00000)
  object space 84480K, 31% used [0x0000000784400000,0x0000000785e5d900,0x0000000789680000)
 PSPermGen       total 33280K, used 32855K [0x000000077f200000, 0x0000000781280000, 0x0000000784400000)
  object space 33280K, 98% used [0x000000077f200000,0x0000000781215cf8,0x0000000781280000)
Event: 13,698 GC heap after
Heap after GC invocations=9 (full 0):
 PSYoungGen      total 270848K, used 23551K [0x00000007d6c00000, 0x00000007f2880000, 0x0000000800000000)
  eden space 247296K, 0% used [0x00000007d6c00000,0x00000007d6c00000,0x00000007e5d80000)
  from space 23552K, 99% used [0x00000007e5d80000,0x00000007e747ffa0,0x00000007e7480000)
  to   space 29696K, 0% used [0x00000007f0b80000,0x00000007f0b80000,0x00000007f2880000)
 ParOldGen       total 84480K, used 33390K [0x0000000784400000, 0x0000000789680000, 0x00000007d6c00000)
  object space 84480K, 39% used [0x0000000784400000,0x000000078649ba98,0x0000000789680000)
 PSPermGen       total 33280K, used 32855K [0x000000077f200000, 0x0000000781280000, 0x0000000784400000)
  object space 33280K, 98% used [0x000000077f200000,0x0000000781215cf8,0x0000000781280000)
}
Event: 14,318 GC heap before
{Heap before GC invocations=10 (full 0):
 PSYoungGen      total 270848K, used 270312K [0x00000007d6c00000, 0x00000007f2880000, 0x0000000800000000)
  eden space 247296K, 99% used [0x00000007d6c00000,0x00000007e5cfa108,0x00000007e5d80000)
  from space 23552K, 99% used [0x00000007e5d80000,0x00000007e747ffa0,0x00000007e7480000)
  to   space 29696K, 0% used [0x00000007f0b80000,0x00000007f0b80000,0x00000007f2880000)
 ParOldGen       total 84480K, used 33390K [0x0000000784400000, 0x0000000789680000, 0x00000007d6c00000)
  object space 84480K, 39% used [0x0000000784400000,0x000000078649ba98,0x0000000789680000)
 PSPermGen       total 37376K, used 37311K [0x000000077f200000, 0x0000000781680000, 0x0000000784400000)
  object space 37376K, 99% used [0x000000077f200000,0x000000078166ff98,0x0000000781680000)
Event: 14,342 GC heap after
Heap after GC invocations=10 (full 0):
 PSYoungGen      total 422912K, used 23299K [0x00000007d6c00000, 0x00000007f2d80000, 0x0000000800000000)
  eden space 393216K, 0% used [0x00000007d6c00000,0x00000007d6c00000,0x00000007eec00000)
  from space 29696K, 78% used [0x00000007f0b80000,0x00000007f2240d58,0x00000007f2880000)
  to   space 32256K, 0% used [0x00000007eec00000,0x00000007eec00000,0x00000007f0b80000)
 ParOldGen       total 110080K, used 95047K [0x0000000784400000, 0x000000078af80000, 0x00000007d6c00000)
  object space 110080K, 86% used [0x0000000784400000,0x000000078a0d1fb8,0x000000078af80000)
 PSPermGen       total 37376K, used 37311K [0x000000077f200000, 0x0000000781680000, 0x0000000784400000)
  object space 37376K, 99% used [0x000000077f200000,0x000000078166ff98,0x0000000781680000)
}
Event: 14,342 GC heap before
{Heap before GC invocations=11 (full 1):
 PSYoungGen      total 422912K, used 23299K [0x00000007d6c00000, 0x00000007f2d80000, 0x0000000800000000)
  eden space 393216K, 0% used [0x00000007d6c00000,0x00000007d6c00000,0x00000007eec00000)
  from space 29696K, 78% used [0x00000007f0b80000,0x00000007f2240d58,0x00000007f2880000)
  to   space 32256K, 0% used [0x00000007eec00000,0x00000007eec00000,0x00000007f0b80000)
 ParOldGen       total 110080K, used 95047K [0x0000000784400000, 0x000000078af80000, 0x00000007d6c00000)
  object space 110080K, 86% used [0x0000000784400000,0x000000078a0d1fb8,0x000000078af80000)
 PSPermGen       total 37376K, used 37311K [0x000000077f200000, 0x0000000781680000, 0x0000000784400000)
  object space 37376K, 99% used [0x000000077f200000,0x000000078166ff98,0x0000000781680000)

Deoptimization events (10 events):
Event: 14,151 Thread 0x00007fbb3c00a000 Uncommon trap: reason=bimorphic action=maybe_recompile pc=0x00007fbb3945d1d8 method=org.apache.xerces.impl.XMLNSDocumentScannerImpl.scanEndElement()I @ 164
Event: 14,176 Thread 0x00007fbb3c00a000 Uncommon trap: reason=class_check action=maybe_recompile pc=0x00007fbb39163914 method=java.util.AbstractMap.hashCode()I @ 3
Event: 14,177 Thread 0x00007fbb3c00a000 Uncommon trap: reason=class_check action=maybe_recompile pc=0x00007fbb39163914 method=java.util.AbstractMap.hashCode()I @ 3
Event: 14,177 Thread 0x00007fbb3c00a000 Uncommon trap: reason=class_check action=maybe_recompile pc=0x00007fbb39163914 method=java.util.AbstractMap.hashCode()I @ 3
Event: 14,178 Thread 0x00007fbb3c00a000 Uncommon trap: reason=class_check action=maybe_recompile pc=0x00007fbb39163914 method=java.util.AbstractMap.hashCode()I @ 3
Event: 14,214 Thread 0x00007fbb3c00a000 Uncommon trap: reason=unreached action=reinterpret pc=0x00007fbb39325fe0 method=java.lang.Class.getEnumConstantsShared()[Ljava/lang/Object; @ 4
Event: 14,230 Thread 0x00007fbb3c00a000 Uncommon trap: reason=bimorphic action=maybe_recompile pc=0x00007fbb39162c94 method=java.util.HashMap$EntrySet.iterator()Ljava/util/Iterator; @ 4
Event: 14,231 Thread 0x00007fbb3c00a000 Uncommon trap: reason=bimorphic action=maybe_recompile pc=0x00007fbb39162c94 method=java.util.HashMap$EntrySet.iterator()Ljava/util/Iterator; @ 4
Event: 14,231 Thread 0x00007fbb3c00a000 Uncommon trap: reason=bimorphic action=maybe_recompile pc=0x00007fbb39162c94 method=java.util.HashMap$EntrySet.iterator()Ljava/util/Iterator; @ 4
Event: 14,231 Thread 0x00007fbb3c00a000 Uncommon trap: reason=bimorphic action=maybe_recompile pc=0x00007fbb39162c94 method=java.util.HashMap$EntrySet.iterator()Ljava/util/Iterator; @ 4

Internal exceptions (10 events):
Event: 14,183 Thread 0x00007fbb3c00a000 Threw 0x00000007e1cb2e48 at /HUDSON/workspace/7u-2-build-linux-amd64/jdk7u55/869/hotspot/src/share/vm/prims/jvm.cpp:1244
Event: 14,183 Thread 0x00007fbb3c00a000 Threw 0x00000007e1cb3718 at /HUDSON/workspace/7u-2-build-linux-amd64/jdk7u55/869/hotspot/src/share/vm/prims/jvm.cpp:1244
Event: 14,183 Thread 0x00007fbb3c00a000 Threw 0x00000007e1cb40e8 at /HUDSON/workspace/7u-2-build-linux-amd64/jdk7u55/869/hotspot/src/share/vm/prims/jvm.cpp:1244
Event: 14,220 Thread 0x00007fbb3c00a000 Threw 0x00000007e220bb50 at /HUDSON/workspace/7u-2-build-linux-amd64/jdk7u55/869/hotspot/src/share/vm/prims/jvm.cpp:1244
Event: 14,256 Thread 0x00007fbb3c00a000 Threw 0x00000007e3769488 at /HUDSON/workspace/7u-2-build-linux-amd64/jdk7u55/869/hotspot/src/share/vm/prims/jvm.cpp:1244
Event: 14,290 Thread 0x00007fbb3c00a000 Threw 0x00000007e5327a78 at /HUDSON/workspace/7u-2-build-linux-amd64/jdk7u55/869/hotspot/src/share/vm/prims/jvm.cpp:1244
Event: 14,290 Thread 0x00007fbb3c00a000 Threw 0x00000007e5329cf8 at /HUDSON/workspace/7u-2-build-linux-amd64/jdk7u55/869/hotspot/src/share/vm/prims/jvm.cpp:1244
Event: 14,290 Thread 0x00007fbb3c00a000 Threw 0x00000007e532a610 at /HUDSON/workspace/7u-2-build-linux-amd64/jdk7u55/869/hotspot/src/share/vm/prims/jvm.cpp:1244
Event: 14,290 Thread 0x00007fbb3c00a000 Threw 0x00000007e532b050 at /HUDSON/workspace/7u-2-build-linux-amd64/jdk7u55/869/hotspot/src/share/vm/prims/jvm.cpp:1244
Event: 14,290 Thread 0x00007fbb3c00a000 Threw 0x00000007e533c0a8 at /HUDSON/workspace/7u-2-build-linux-amd64/jdk7u55/869/hotspot/src/share/vm/prims/jvm.cpp:1244

Events (10 events):
Event: 14,231 Thread 0x00007fbb3c00a000 DEOPT UNPACKING pc=0x00007fbb39039445 sp=0x00007fbb45156aa8 mode 2
Event: 14,290 loading class 0x00007fbb3d88dfe0
Event: 14,290 loading class 0x00007fbb3d88dfe0 done
Event: 14,290 loading class 0x00007fbb3d88dfe0
Event: 14,290 loading class 0x00007fbb3d88dfe0 done
Event: 14,290 loading class 0x00007fbb3d88dfe0
Event: 14,290 loading class 0x00007fbb3d88dfe0 done
Event: 14,305 loading class 0x00007fbb3d8b1b70
Event: 14,308 loading class 0x00007fbb3d8b1b70 done
Event: 14,315 Executing VM operation: ParallelGCFailedAllocation


Dynamic libraries:
00400000-00401000 r-xp 00000000 fc:01 1054472                            /usr/lib/jvm/jdk1.7.0_55/bin/java
00600000-00601000 rw-p 00000000 fc:01 1054472                            /usr/lib/jvm/jdk1.7.0_55/bin/java
018d6000-018f7000 rw-p 00000000 00:00 0                                  [heap]
77f200000-781680000 rw-p 00000000 00:00 0 
781680000-784400000 rw-p 00000000 00:00 0 
784400000-78af80000 rw-p 00000000 00:00 0 
78af80000-7d6c00000 rw-p 00000000 00:00 0 
7d6c00000-7f2d80000 rw-p 00000000 00:00 0 
7f2d80000-800000000 rw-p 00000000 00:00 0 
7fbae8000000-7fbae803b000 rw-p 00000000 00:00 0 
7fbae803b000-7fbaec000000 ---p 00000000 00:00 0 
7fbaec000000-7fbaec0a6000 rw-p 00000000 00:00 0 
7fbaec0a6000-7fbaf0000000 ---p 00000000 00:00 0 
7fbaf0000000-7fbaf0071000 rw-p 00000000 00:00 0 
7fbaf0071000-7fbaf4000000 ---p 00000000 00:00 0 
7fbaf4000000-7fbaf4080000 rw-p 00000000 00:00 0 
7fbaf4080000-7fbaf8000000 ---p 00000000 00:00 0 
7fbaf8000000-7fbaf8021000 rw-p 00000000 00:00 0 
7fbaf8021000-7fbafc000000 ---p 00000000 00:00 0 
7fbafc000000-7fbafc021000 rw-p 00000000 00:00 0 
7fbafc021000-7fbb00000000 ---p 00000000 00:00 0 
7fbb00000000-7fbb01ce8000 rw-p 00000000 00:00 0 
7fbb01ce8000-7fbb04000000 ---p 00000000 00:00 0 
7fbb04000000-7fbb05add000 rw-p 00000000 00:00 0 
7fbb05add000-7fbb08000000 ---p 00000000 00:00 0 
7fbb08000000-7fbb08021000 rw-p 00000000 00:00 0 
7fbb08021000-7fbb0c000000 ---p 00000000 00:00 0 
7fbb0c000000-7fbb0c021000 rw-p 00000000 00:00 0 
7fbb0c021000-7fbb10000000 ---p 00000000 00:00 0 
7fbb10000000-7fbb10021000 rw-p 00000000 00:00 0 
7fbb10021000-7fbb14000000 ---p 00000000 00:00 0 
7fbb17f90000-7fbb1c000000 rw-p 00000000 00:00 0 
7fbb1c000000-7fbb1c021000 rw-p 00000000 00:00 0 
7fbb1c021000-7fbb20000000 ---p 00000000 00:00 0 
7fbb20000000-7fbb20021000 rw-p 00000000 00:00 0 
7fbb20021000-7fbb24000000 ---p 00000000 00:00 0 
7fbb24000000-7fbb24021000 rw-p 00000000 00:00 0 
7fbb24021000-7fbb28000000 ---p 00000000 00:00 0 
7fbb2c000000-7fbb2c034000 rw-p 00000000 00:00 0 
7fbb2c034000-7fbb30000000 ---p 00000000 00:00 0 
7fbb3250f000-7fbb32510000 rw-p 00000000 00:00 0 
7fbb32510000-7fbb32512000 r--s 00003000 fc:01 2759571                    /home/java/.m2/repository/org/slf4j/jcl-over-slf4j/1.7.5/jcl-over-slf4j-1.7.5.jar
7fbb32512000-7fbb32518000 r--s 00039000 fc:01 2628630                    /home/java/.m2/repository/ch/qos/logback/logback-classic/1.0.11/logback-classic-1.0.11.jar
7fbb32518000-7fbb32521000 r--s 00052000 fc:01 2628629                    /home/java/.m2/repository/ch/qos/logback/logback-core/1.0.11/logback-core-1.0.11.jar
7fbb32521000-7fbb32523000 r--s 00005000 fc:01 2628163                    /home/java/.m2/repository/org/slf4j/slf4j-api/1.7.5/slf4j-api-1.7.5.jar
7fbb32523000-7fbb32525000 r--s 0000a000 fc:01 2759570                    /home/java/.m2/repository/javax/ws/rs/jsr311-api/1.1.1/jsr311-api-1.1.1.jar
7fbb32525000-7fbb32546000 r--s 0014e000 fc:01 2759569                    /home/java/.m2/repository/com/sun/jersey/jersey-bundle/1.17.1/jersey-bundle-1.17.1.jar
7fbb32546000-7fbb32547000 r--s 0000a000 fc:01 2759568                    /home/java/.m2/repository/asm/asm/3.1/asm-3.1.jar
7fbb32547000-7fbb32556000 r--s 00085000 fc:01 2759567                    /home/java/.m2/repository/com/sun/jersey/jersey-server/1.17.1/jersey-server-1.17.1.jar
7fbb32556000-7fbb32561000 r--s 00068000 fc:01 2759566                    /home/java/.m2/repository/com/sun/jersey/jersey-core/1.17.1/jersey-core-1.17.1.jar
7fbb32561000-7fbb32567000 r--s 0034f000 fc:01 2370823                    /home/java/.m2/repository/org/apache/cocoon/cocoon-serializers-charsets/1.0.2/cocoon-serializers-charsets-1.0.2.jar
7fbb32567000-7fbb32569000 r--s 00005000 fc:01 2759565                    /home/java/.m2/repository/stax/stax-api/1.0.1/stax-api-1.0.1.jar
7fbb32569000-7fbb3256b000 r--s 00012000 fc:01 2370822                    /home/java/.m2/repository/org/codehaus/jettison/jettison/1.3.3/jettison-1.3.3.jar
7fbb3256b000-7fbb3256d000 r--s 00005000 fc:01 2759564                    /home/java/.m2/repository/xpp3/xpp3_min/1.1.4c/xpp3_min-1.1.4c.jar
7fbb3256d000-7fbb3256e000 r--s 00001000 fc:01 2759563                    /home/java/.m2/repository/xmlpull/xmlpull/1.1.3.1/xmlpull-1.1.3.1.jar
7fbb3256e000-7fbb3257b000 r--s 0006a000 fc:01 2628628                    /home/java/.m2/repository/com/thoughtworks/xstream/xstream/1.4.4/xstream-1.4.4.jar
7fbb3257b000-7fbb3257d000 r--s 0000d000 fc:01 2370821                    /home/java/.m2/repository/org/apache/avalon/framework/avalon-framework-impl/4.3.1/avalon-framework-impl-4.3.1.jar
7fbb3257d000-7fbb32580000 r--s 00006000 fc:01 2370820                    /home/java/.m2/repository/org/apache/avalon/framework/avalon-framework-api/4.3.1/avalon-framework-api-4.3.1.jar
7fbb32580000-7fbb32583000 r--s 00033000 fc:01 2628627                    /home/java/.m2/repository/com/googlecode/juniversalchardet/juniversalchardet/1.0.3/juniversalchardet-1.0.3.jar
7fbb32583000-7fbb32586000 r--s 00023000 fc:01 2628626                    /home/java/.m2/repository/jdom/jdom/1.0/jdom-1.0.jar
7fbb32586000-7fbb3258a000 r--s 0002f000 fc:01 2628625                    /home/java/.m2/repository/rome/rome/0.9/rome-0.9.jar
7fbb3258a000-7fbb3258d000 r--s 00014000 fc:01 2628624                    /home/java/.m2/repository/de/l3s/boilerpipe/boilerpipe/1.1.0/boilerpipe-1.1.0.jar
7fbb3258d000-7fbb325a6000 r--s 00135000 fc:01 2628623                    /home/java/.m2/repository/xerces/xercesImpl/2.11.0/xercesImpl-2.11.0.jar
7fbb325a6000-7fbb325a8000 r--s 0001b000 fc:01 2628622                    /home/java/.m2/repository/com/adobe/xmp/xmpcore/5.1.2/xmpcore-5.1.2.jar
7fbb325a8000-7fbb325ac000 r--s 00030000 fc:01 2628621                    /home/java/.m2/repository/com/drewnoakes/metadata-extractor/2.6.2/metadata-extractor-2.6.2.jar
7fbb325ac000-7fbb325b5000 r--s 00077000 fc:01 2628620                    /home/java/.m2/repository/com/googlecode/mp4parser/isoparser/1.0-RC-1/isoparser-1.0-RC-1.jar
7fbb325b5000-7fbb325ba000 r--s 0004f000 fc:01 2628619                    /home/java/.m2/repository/org/ow2/asm/asm-debug-all/4.1/asm-debug-all-4.1.jar
7fbb325ba000-7fbb325bc000 r--s 00015000 fc:01 2628618                    /home/java/.m2/repository/org/ccil/cowan/tagsoup/tagsoup/1.2.1/tagsoup-1.2.1.jar
7fbb325bc000-7fbb325be000 r--s 00006000 fc:01 2370819                    /home/java/.m2/repository/org/apache/geronimo/specs/geronimo-stax-api_1.0_spec/1.0.1/geronimo-stax-api_1.0_spec-1.0.1.jar
7fbb325be000-7fbb325fb000 r--s 0024f000 fc:01 2370818                    /home/java/.m2/repository/org/apache/xmlbeans/xmlbeans/2.3.0/xmlbeans-2.3.0.jar
7fbb325fb000-7fbb3268f000 r--s 00401000 fc:01 2370817                    /home/java/.m2/repository/org/apache/poi/poi-ooxml-schemas/3.9/poi-ooxml-schemas-3.9.jar
7fbb3268f000-7fbb3269b000 r--s 000d9000 fc:01 2370816                    /home/java/.m2/repository/org/apache/poi/poi-ooxml/3.9/poi-ooxml-3.9.jar
7fbb3269b000-7fbb326ac000 r--s 0011b000 fc:01 2370815                    /home/java/.m2/repository/org/apache/poi/poi-scratchpad/3.9/poi-scratchpad-3.9.jar
7fbb326ac000-7fbb326cc000 r--s 001a9000 fc:01 2370814                    /home/java/.m2/repository/org/apache/poi/poi/3.9/poi-3.9.jar
7fbb326cc000-7fbb326f1000 r--s 00172000 fc:01 2628617                    /home/java/.m2/repository/org/bouncycastle/bcprov-jdk15/1.45/bcprov-jdk15-1.45.jar
7fbb326f1000-7fbb326f6000 r--s 00033000 fc:01 2628616                    /home/java/.m2/repository/org/bouncycastle/bcmail-jdk15/1.45/bcmail-jdk15-1.45.jar
7fbb326f6000-7fbb326f8000 r--s 0000b000 fc:01 2370813                    /home/java/.m2/repository/org/apache/pdfbox/jempbox/1.8.1/jempbox-1.8.1.jar
7fbb326f8000-7fbb326fc000 r--s 0002f000 fc:01 2370812                    /home/java/.m2/repository/org/apache/pdfbox/fontbox/1.8.1/fontbox-1.8.1.jar
7fbb326fc000-7fbb32712000 r--s 003b0000 fc:01 2370811                    /home/java/.m2/repository/org/apache/pdfbox/pdfbox/1.8.1/pdfbox-1.8.1.jar
7fbb32712000-7fbb32714000 r--s 00010000 fc:01 2628615                    /home/java/.m2/repository/commons-codec/commons-codec/1.5/commons-codec-1.5.jar
7fbb32714000-7fbb32719000 r--s 0003a000 fc:01 2370810                    /home/java/.m2/repository/org/apache/commons/commons-compress/1.5/commons-compress-1.5.jar
7fbb32719000-7fbb32720000 r--s 00044000 fc:01 2370809                    /home/java/.m2/repository/org/apache/james/apache-mime4j-dom/0.7.2/apache-mime4j-dom-0.7.2.jar
7fbb32720000-7fbb32751000 r--s 003f0000 fc:01 2628613                    /home/java/.m2/repository/edu/ucar/netcdf/4.2-min/netcdf-4.2-min.jar
7fbb32751000-7fbb32768000 r-xp 00000000 fc:01 5378078                    /lib/x86_64-linux-gnu/libresolv-2.19.so
7fbb32768000-7fbb32968000 ---p 00017000 fc:01 5378078                    /lib/x86_64-linux-gnu/libresolv-2.19.so
7fbb32968000-7fbb32969000 r--p 00017000 fc:01 5378078                    /lib/x86_64-linux-gnu/libresolv-2.19.so
7fbb32969000-7fbb3296a000 rw-p 00018000 fc:01 5378078                    /lib/x86_64-linux-gnu/libresolv-2.19.so
7fbb3296a000-7fbb3296c000 rw-p 00000000 00:00 0 
7fbb3296c000-7fbb32971000 r-xp 00000000 fc:01 5378025                    /lib/x86_64-linux-gnu/libnss_dns-2.19.so
7fbb32971000-7fbb32b70000 ---p 00005000 fc:01 5378025                    /lib/x86_64-linux-gnu/libnss_dns-2.19.so
7fbb32b70000-7fbb32b71000 r--p 00004000 fc:01 5378025                    /lib/x86_64-linux-gnu/libnss_dns-2.19.so
7fbb32b71000-7fbb32b72000 rw-p 00005000 fc:01 5378025                    /lib/x86_64-linux-gnu/libnss_dns-2.19.so
7fbb32b72000-7fbb32b74000 r-xp 00000000 fc:01 5378033                    /lib/x86_64-linux-gnu/libnss_mdns4_minimal.so.2
7fbb32b74000-7fbb32d73000 ---p 00002000 fc:01 5378033                    /lib/x86_64-linux-gnu/libnss_mdns4_minimal.so.2
7fbb32d73000-7fbb32d74000 r--p 00001000 fc:01 5378033                    /lib/x86_64-linux-gnu/libnss_mdns4_minimal.so.2
7fbb32d74000-7fbb32d75000 rw-p 00002000 fc:01 5378033                    /lib/x86_64-linux-gnu/libnss_mdns4_minimal.so.2
7fbb32d75000-7fbb32d78000 ---p 00000000 00:00 0 
7fbb32d78000-7fbb32e76000 rw-p 00000000 00:00 0                          [stack:3759]
7fbb32e76000-7fbb32e79000 ---p 00000000 00:00 0 
7fbb32e79000-7fbb32f77000 rw-p 00000000 00:00 0                          [stack:3760]
7fbb32f77000-7fbb32f8d000 r-xp 00000000 fc:01 5377979                    /lib/x86_64-linux-gnu/libgcc_s.so.1
7fbb32f8d000-7fbb3318c000 ---p 00016000 fc:01 5377979                    /lib/x86_64-linux-gnu/libgcc_s.so.1
7fbb3318c000-7fbb3318d000 rw-p 00015000 fc:01 5377979                    /lib/x86_64-linux-gnu/libgcc_s.so.1
7fbb3318d000-7fbb331bf000 r-xp 00000000 fc:01 1575985                    /usr/lib/jvm/jdk1.7.0_55/jre/lib/amd64/libsunec.so
7fbb331bf000-7fbb333be000 ---p 00032000 fc:01 1575985                    /usr/lib/jvm/jdk1.7.0_55/jre/lib/amd64/libsunec.so
7fbb333be000-7fbb333c4000 rw-p 00031000 fc:01 1575985                    /usr/lib/jvm/jdk1.7.0_55/jre/lib/amd64/libsunec.so
7fbb333c4000-7fbb333d4000 rw-p 00000000 00:00 0 
7fbb333d4000-7fbb333d7000 ---p 00000000 00:00 0 
7fbb333d7000-7fbb334d5000 rw-p 00000000 00:00 0                          [stack:3757]
7fbb334d5000-7fbb334d8000 ---p 00000000 00:00 0 
7fbb334d8000-7fbb335d6000 rw-p 00000000 00:00 0                          [stack:3758]
7fbb335d6000-7fbb335da000 r--s 00014000 fc:01 2628614                    /home/java/.m2/repository/org/tukaani/xz/1.2/xz-1.2.jar
7fbb335da000-7fbb335dd000 r--s 00015000 fc:01 2370808                    /home/java/.m2/repository/org/apache/james/apache-mime4j-core/0.7.2/apache-mime4j-core-0.7.2.jar
7fbb335dd000-7fbb335de000 r--s 00003000 fc:01 2628612                    /home/java/.m2/repository/org/gagravarr/vorbis-java-tika/0.1/vorbis-java-tika-0.1.jar
7fbb335de000-7fbb335e5000 r--s 00071000 fc:01 2370807                    /home/java/.m2/repository/org/apache/tika/tika-core/1.4/tika-core-1.4.jar
7fbb335e5000-7fbb335ee000 r--s 00074000 fc:01 2370806                    /home/java/.m2/repository/org/apache/tika/tika-parsers/1.4/tika-parsers-1.4.jar
7fbb335ee000-7fbb335ef000 r--s 00002000 fc:01 2370805                    /home/java/.m2/repository/org/apache/xmlgraphics/batik-ext/1.7/batik-ext-1.7.jar
7fbb335ef000-7fbb335f1000 r--s 0000f000 fc:01 2370804                    /home/java/.m2/repository/org/apache/xmlgraphics/batik-extension/1.7/batik-extension-1.7.jar
7fbb335f1000-7fbb335f6000 r--s 00030000 fc:01 2370803                    /home/java/.m2/repository/org/apache/xmlgraphics/batik-svggen/1.7/batik-svggen-1.7.jar
7fbb335f6000-7fbb335f9000 r--s 0001b000 fc:01 2370802                    /home/java/.m2/repository/org/apache/xmlgraphics/batik-transcoder/1.7/batik-transcoder-1.7.jar
7fbb335f9000-7fbb335fd000 r--s 00038000 fc:01 2370801                    /home/java/.m2/repository/org/apache/xmlgraphics/batik-gvt/1.7/batik-gvt-1.7.jar
7fbb335fd000-7fbb33605000 r--s 0005b000 fc:01 2370800                    /home/java/.m2/repository/org/apache/xmlgraphics/batik-awt-util/1.7/batik-awt-util-1.7.jar
7fbb33605000-7fbb33606000 r--s 00007000 fc:01 2370799                    /home/java/.m2/repository/org/apache/xmlgraphics/batik-xml/1.7/batik-xml-1.7.jar
7fbb33606000-7fbb3360e000 r--s 00074000 fc:01 2370798                    /home/java/.m2/repository/org/apache/xmlgraphics/batik-js/1.7/batik-js-1.7.jar
7fbb3360e000-7fbb33610000 r--s 0000d000 fc:01 2370797                    /home/java/.m2/repository/org/apache/xmlgraphics/batik-script/1.7/batik-script-1.7.jar
7fbb33610000-7fbb3361a000 r--s 0007f000 fc:01 2370796                    /home/java/.m2/repository/org/apache/xmlgraphics/batik-bridge/1.7/batik-bridge-1.7.jar
7fbb3361a000-7fbb3361f000 r--s 00010000 fc:01 2628610                    /home/java/.m2/repository/xml-apis/xml-apis-ext/1.3.04/xml-apis-ext-1.3.04.jar
7fbb3361f000-7fbb33622000 r--s 0001d000 fc:01 2370795                    /home/java/.m2/repository/org/apache/xmlgraphics/batik-util/1.7/batik-util-1.7.jar
7fbb33622000-7fbb33624000 r--s 00010000 fc:01 2370794                    /home/java/.m2/repository/org/apache/xmlgraphics/batik-parser/1.7/batik-parser-1.7.jar
7fbb33624000-7fbb33628000 r--s 00027000 fc:01 2370793                    /home/java/.m2/repository/org/apache/xmlgraphics/batik-dom/1.7/batik-dom-1.7.jar
7fbb33628000-7fbb3362f000 r--s 00045000 fc:01 2370792                    /home/java/.m2/repository/org/apache/xmlgraphics/batik-css/1.7/batik-css-1.7.jar
7fbb3362f000-7fbb33632000 r--s 00015000 fc:01 2370791                    /home/java/.m2/repository/org/apache/xmlgraphics/batik-anim/1.7/batik-anim-1.7.jar
7fbb33632000-7fbb3363f000 r--s 00086000 fc:01 2370790                    /home/java/.m2/repository/org/apache/xmlgraphics/batik-svg-dom/1.7/batik-svg-dom-1.7.jar
7fbb3363f000-7fbb33649000 r--s 00089000 fc:01 2370787                    /home/java/.m2/repository/org/apache/xmlgraphics/xmlgraphics-commons/1.5/xmlgraphics-commons-1.5.jar
7fbb33649000-7fbb33682000 r--s 00329000 fc:01 2370786                    /home/java/.m2/repository/org/apache/xmlgraphics/fop/1.1/fop-1.1.jar
7fbb33682000-7fbb33685000 r--s 00021000 fc:01 2373423                    /home/java/.m2/repository/velocity-tools/velocity-tools-generic/2.0-beta1/velocity-tools-generic-2.0-beta1.jar
7fbb33685000-7fbb3368c000 r--s 000a5000 fc:01 2628161                    /home/java/.m2/repository/mysql/mysql-connector-java/5.1.6/mysql-connector-java-5.1.6.jar
7fbb3368c000-7fbb3368e000 r--s 0000b000 fc:01 2370898                    /home/java/.m2/repository/org/apache/cocoon/stax/cocoon-stax/3.0.0-beta-1-SNAPSHOT/cocoon-stax-3.0.0-beta-1-SNAPSHOT.jar
7fbb3368e000-7fbb33691000 r--s 00012000 fc:01 2370897                    /home/java/.m2/repository/org/apache/cocoon/optional/cocoon-optional/3.0.0-beta-1-SNAPSHOT/cocoon-optional-3.0.0-beta-1-SNAPSHOT.jar
7fbb33691000-7fbb33696000 r--s 00018000 fc:01 2628606                    /home/java/.m2/repository/org/aspectj/aspectjrt/1.5.4/aspectjrt-1.5.4.jar
7fbb33696000-7fbb33699000 r--s 00014000 fc:01 2370785                    /home/java/.m2/repository/org/apache/cocoon/cocoon-servlet-service-impl/1.3.2/cocoon-servlet-service-impl-1.3.2.jar
7fbb33699000-7fbb3369a000 r--s 00004000 fc:01 2370784                    /home/java/.m2/repository/org/apache/cocoon/cocoon-configuration-api/1.0.4/cocoon-configuration-api-1.0.4.jar
7fbb3369a000-7fbb3369d000 r--s 0000d000 fc:01 2370783                    /home/java/.m2/repository/org/apache/cocoon/cocoon-spring-configurator/2.2.1/cocoon-spring-configurator-2.2.1.jar
7fbb3369d000-7fbb336b2000 r--s 000be000 fc:01 2628183                    /home/java/.m2/repository/org/springframework/spring-context/3.2.2.RELEASE/spring-context-3.2.2.RELEASE.jar
7fbb336b2000-7fbb336b4000 r--s 0000b000 fc:01 2370896                    /home/java/.m2/repository/org/apache/cocoon/monitoring/cocoon-monitoring/3.0.0-beta-1-SNAPSHOT/cocoon-monitoring-3.0.0-beta-1-SNAPSHOT.jar
7fbb336b4000-7fbb336cf000 r--s 0012e000 fc:01 2628516                    /home/java/.m2/repository/net/sf/ehcache/ehcache-core/2.6.5/ehcache-core-2.6.5.jar
7fbb336cf000-7fbb336e7000 r--s 001a7000 fc:01 2628181                    /home/java/.m2/repository/org/aspectj/aspectjweaver/1.7.2.RELEASE/aspectjweaver-1.7.2.RELEASE.jar
7fbb336e7000-7fbb336ed000 r--s 0003c000 fc:01 2370782                    /home/java/.m2/repository/org/apache/commons/commons-jexl/2.1.1/commons-jexl-2.1.1.jar
7fbb336ed000-7fbb336f0000 r--s 00014000 fc:01 2370895                    /home/java/.m2/repository/org/apache/cocoon/sitemap/cocoon-sitemap/3.0.0-beta-1-SNAPSHOT/cocoon-sitemap-3.0.0-beta-1-SNAPSHOT.jar
7fbb336f0000-7fbb336f3000 r--s 0000e000 fc:01 2370894                    /home/java/.m2/repository/org/apache/cocoon/profiling/cocoon-profiling/3.0.0-beta-1-SNAPSHOT/cocoon-profiling-3.0.0-beta-1-SNAPSHOT.jar
7fbb336f3000-7fbb336f4000 r--s 00000000 fc:01 2628520                    /home/java/.m2/repository/javax/inject/javax.inject/1/javax.inject-1.jar
7fbb336f4000-7fbb336fb000 r--s 00040000 fc:01 2628519                    /home/java/.m2/repository/cglib/cglib/2.2.2/cglib-2.2.2.jar
7fbb336fb000-7fbb336fd000 r--s 00004000 fc:01 2370325                    /home/java/.m2/repository/org/apache/wicket/wicket-ioc/6.15.0/wicket-ioc-6.15.0.jar
7fbb336fd000-7fbb336ff000 r--s 00005000 fc:01 2370324                    /home/java/.m2/repository/org/apache/wicket/wicket-spring/6.15.0/wicket-spring-6.15.0.jar
7fbb336ff000-7fbb33700000 r--s 00005000 fc:01 2370893                    /home/java/.m2/repository/org/apache/cocoon/wicket/cocoon-wicket/3.0.0-beta-1-SNAPSHOT/cocoon-wicket-3.0.0-beta-1-SNAPSHOT.jar
7fbb33700000-7fbb3370e000 r--s 0007f000 fc:01 2628164                    /home/java/.m2/repository/commons-collections/commons-collections/3.2.1/commons-collections-3.2.1.jar
7fbb3370e000-7fbb33714000 r--s 00048000 fc:01 2370781                    /home/java/.m2/repository/org/apache/commons/commons-lang3/3.1/commons-lang3-3.1.jar
7fbb33714000-7fbb33717000 r--s 00026000 fc:01 2628604                    /home/java/.m2/repository/org/antlr/antlr-runtime/3.5/antlr-runtime-3.5.jar
7fbb33717000-7fbb3371b000 r--s 00036000 fc:01 2628603                    /home/java/.m2/repository/org/antlr/ST4/4.0.7/ST4-4.0.7.jar
7fbb3371b000-7fbb3371d000 r--s 00002000 fc:01 2370892                    /home/java/.m2/repository/org/apache/cocoon/util/cocoon-util/3.0.0-beta-1-SNAPSHOT/cocoon-util-3.0.0-beta-1-SNAPSHOT.jar
7fbb3371d000-7fbb3371f000 r--s 0000d000 fc:01 2370891                    /home/java/.m2/repository/org/apache/cocoon/pipeline/cocoon-pipeline/3.0.0-beta-1-SNAPSHOT/cocoon-pipeline-3.0.0-beta-1-SNAPSHOT.jar
7fbb3371f000-7fbb33722000 r--s 0000d000 fc:01 2370779                    /home/java/.m2/repository/org/apache/cocoon/cocoon-xml/2.0.4/cocoon-xml-2.0.4.jar
7fbb33722000-7fbb33725000 r--s 00025000 fc:01 2370890                    /home/java/.m2/repository/org/apache/cocoon/sax/cocoon-sax/3.0.0-beta-1-SNAPSHOT/cocoon-sax-3.0.0-beta-1-SNAPSHOT.jar
7fbb33725000-7fbb33726000 r--s 00004000 fc:01 2370889                    /home/java/.m2/repository/org/apache/cocoon/stringtemplate/cocoon-stringtemplate/3.0.0-beta-1-SNAPSHOT/cocoon-stringtemplate-3.0.0-beta-1-SNAPSHOT.jar
7fbb33726000-7fbb33727000 r--s 00004000 fc:01 2370778                    /home/java/.m2/repository/org/apache/cocoon/cocoon-jnet/1.2.2/cocoon-jnet-1.2.2.jar
7fbb33727000-7fbb3372a000 r--s 0000b000 fc:01 2370888                    /home/java/.m2/repository/org/apache/cocoon/servlet/cocoon-servlet/3.0.0-beta-1-SNAPSHOT/cocoon-servlet-3.0.0-beta-1-SNAPSHOT.jar
7fbb3372a000-7fbb3372c000 r--s 00002000 fc:01 2370887                    /home/java/.m2/repository/org/apache/cocoon/controller/cocoon-controller/3.0.0-beta-1-SNAPSHOT/cocoon-controller-3.0.0-beta-1-SNAPSHOT.jar
7fbb3372c000-7fbb3372f000 r--s 00009000 fc:01 2370886                    /home/java/.m2/repository/org/apache/cocoon/rest/cocoon-rest/3.0.0-beta-1-SNAPSHOT/cocoon-rest-3.0.0-beta-1-SNAPSHOT.jar
7fbb3372f000-7fbb33731000 r--s 00010000 fc:01 2369767                    /home/java/.m2/repository/org/apache/neethi/neethi/3.0.2/neethi-3.0.2.jar
7fbb33731000-7fbb33736000 r--s 0002d000 fc:01 2369766                    /home/java/.m2/repository/org/apache/cxf/cxf-rt-ws-policy/2.7.0/cxf-rt-ws-policy-2.7.0.jar
7fbb33736000-7fbb33739000 r--s 00011000 fc:01 2370319                    /home/java/.m2/repository/org/apache/cxf/cxf-rt-ws-addr/2.7.0/cxf-rt-ws-addr-2.7.0.jar
7fbb33739000-7fbb3373b000 r--s 0000e000 fc:01 2369764                    /home/java/.m2/repository/org/apache/cxf/cxf-rt-frontend-simple/2.7.0/cxf-rt-frontend-simple-2.7.0.jar
7fbb3373b000-7fbb3373e000 r--s 0001a000 fc:01 2369763                    /home/java/.m2/repository/org/apache/cxf/cxf-rt-databinding-jaxb/2.7.0/cxf-rt-databinding-jaxb-2.7.0.jar
7fbb3373e000-7fbb33743000 r--s 0002c000 fc:01 2369762                    /home/java/.m2/repository/org/apache/cxf/cxf-rt-bindings-soap/2.7.0/cxf-rt-bindings-soap-2.7.0.jar
7fbb33743000-7fbb33745000 r--s 00013000 fc:01 2628223                    /home/java/.m2/repository/xml-resolver/xml-resolver/1.2/xml-resolver-1.2.jar
7fbb33745000-7fbb3374c000 r--s 00056000 fc:01 2369761                    /home/java/.m2/repository/org/apache/cxf/cxf-rt-frontend-jaxws/2.7.0/cxf-rt-frontend-jaxws-2.7.0.jar
7fbb3374c000-7fbb33751000 r--s 00035000 fc:01 2370318                    /home/java/.m2/repository/org/apache/cxf/cxf-rt-transports-http/2.7.0/cxf-rt-transports-http-2.7.0.jar
7fbb33751000-7fbb33753000 r--s 00008000 fc:01 2370317                    /home/java/.m2/repository/org/apache/cxf/cxf-rt-bindings-xml/2.7.0/cxf-rt-bindings-xml-2.7.0.jar
7fbb33753000-7fbb33757000 r--s 00018000 fc:01 2628222                    /home/java/.m2/repository/javax/ws/rs/javax.ws.rs-api/2.0-m10/javax.ws.rs-api-2.0-m10.jar
7fbb33757000-7fbb3376d000 r--s 000fa000 fc:01 2628221                    /home/java/.m2/repository/com/sun/xml/bind/jaxb-impl/2.2.6/jaxb-impl-2.2.6.jar
7fbb3376d000-7fbb33773000 r--s 00055000 fc:01 2370316                    /home/java/.m2/repository/org/apache/cxf/cxf-rt-core/2.7.0/cxf-rt-core-2.7.0.jar
7fbb33773000-7fbb33778000 r--s 00020000 fc:01 2628220                    /home/java/.m2/repository/wsdl4j/wsdl4j/1.6.2/wsdl4j-1.6.2.jar
7fbb33778000-7fbb3377d000 r--s 00032000 fc:01 2369757                    /home/java/.m2/repository/org/apache/geronimo/specs/geronimo-javamail_1.4_spec/1.7.1/geronimo-javamail_1.4_spec-1.7.1.jar
7fbb3377d000-7fbb33781000 r--s 00024000 fc:01 2369756                    /home/java/.m2/repository/org/apache/ws/xmlschema/xmlschema-core/2.0.3/xmlschema-core-2.0.3.jar
7fbb33781000-7fbb33785000 r--s 00029000 fc:01 2369755                    /home/java/.m2/repository/org/codehaus/woodstox/stax2-api/3.1.1/stax2-api-3.1.1.jar
7fbb33785000-7fbb3378b000 r--s 00070000 fc:01 2369754                    /home/java/.m2/repository/org/codehaus/woodstox/woodstox-core-asl/4.2.0/woodstox-core-asl-4.2.0.jar
7fbb3378b000-7fbb3379e000 r--s 000ec000 fc:01 2369753                    /home/java/.m2/repository/org/apache/cxf/cxf-api/2.7.0/cxf-api-2.7.0.jar
7fbb3379e000-7fbb337a6000 r--s 00088000 fc:01 2370315                    /home/java/.m2/repository/org/apache/cxf/cxf-rt-frontend-jaxrs/2.7.0/cxf-rt-frontend-jaxrs-2.7.0.jar
7fbb337a6000-7fbb337ad000 r--s 00067000 fc:01 2628218                    /home/java/.m2/repository/javax/mail/mail/1.4.1/mail-1.4.1.jar
7fbb337ad000-7fbb337b8000 r--s 00074000 fc:01 2628517                    /home/java/.m2/repository/velocity/velocity-dep/1.4/velocity-dep-1.4.jar
7fbb337b8000-7fbb337c0000 r--s 00051000 fc:01 2628216                    /home/java/.m2/repository/velocity/velocity/1.4/velocity-1.4.jar
7fbb337c0000-7fbb337c3000 r--s 00015000 fc:01 2628215                    /home/java/.m2/repository/commons-pool/commons-pool/1.5.4/commons-pool-1.5.4.jar
7fbb337c3000-7fbb337c6000 r--s 00025000 fc:01 2628214                    /home/java/.m2/repository/commons-dbcp/commons-dbcp/1.4/commons-dbcp-1.4.jar
7fbb337c6000-7fbb337cb000 r--s 00034000 fc:01 2628212                    /home/java/.m2/repository/commons-beanutils/commons-beanutils/1.8.3/commons-beanutils-1.8.3.jar
7fbb337cb000-7fbb337d2000 r--s 00037000 fc:01 2628191                    /home/java/.m2/repository/org/springframework/security/spring-security-web/3.1.3.RELEASE/spring-security-web-3.1.3.RELEASE.jar
7fbb337d2000-7fbb337d5000 r--s 00011000 fc:01 2628190                    /home/java/.m2/repository/org/springframework/security/spring-security-acl/3.1.3.RELEASE/spring-security-acl-3.1.3.RELEASE.jar
7fbb337d5000-7fbb337d7000 r--s 00004000 fc:01 2628189                    /home/java/.m2/repository/org/springframework/security/spring-security-taglibs/3.1.3.RELEASE/spring-security-taglibs-3.1.3.RELEASE.jar
7fbb337d7000-7fbb337da000 r--s 0002f000 fc:01 2628188                    /home/java/.m2/repository/org/springframework/security/spring-security-config/3.1.3.RELEASE/spring-security-config-3.1.3.RELEASE.jar
7fbb337da000-7fbb337e5000 r--s 00049000 fc:01 2628187                    /home/java/.m2/repository/org/springframework/security/spring-security-core/3.1.3.RELEASE/spring-security-core-3.1.3.RELEASE.jar
7fbb337e5000-7fbb337f3000 r--s 0008b000 fc:01 2628186                    /home/java/.m2/repository/org/springframework/spring-web/3.2.2.RELEASE/spring-web-3.2.2.RELEASE.jar
7fbb337f3000-7fbb337f7000 r--s 0002c000 fc:01 2628185                    /home/java/.m2/repository/org/springframework/spring-expression/3.2.2.RELEASE/spring-expression-3.2.2.RELEASE.jar
7fbb337f7000-7fbb33803000 r--s 00090000 fc:01 2628184                    /home/java/.m2/repository/org/springframework/spring-webmvc/3.2.2.RELEASE/spring-webmvc-3.2.2.RELEASE.jar
7fbb33803000-7fbb33807000 r--s 0001c000 fc:01 2628182                    /home/java/.m2/repository/org/springframework/spring-context-support/3.2.2.RELEASE/spring-context-support-3.2.2.RELEASE.jar
7fbb33807000-7fbb33809000 r--s 0000b000 fc:01 2628180                    /home/java/.m2/repository/org/springframework/spring-aspects/3.2.2.RELEASE/spring-aspects-3.2.2.RELEASE.jar
7fbb33809000-7fbb33812000 r--s 00056000 fc:01 2628179                    /home/java/.m2/repository/org/springframework/spring-orm/3.2.2.RELEASE/spring-orm-3.2.2.RELEASE.jar
7fbb33812000-7fbb3381a000 r--s 00034000 fc:01 2628178                    /home/java/.m2/repository/org/springframework/spring-tx/3.2.2.RELEASE/spring-tx-3.2.2.RELEASE.jar
7fbb3381a000-7fbb33823000 r--s 0005a000 fc:01 2628177                    /home/java/.m2/repository/org/springframework/spring-jdbc/3.2.2.RELEASE/spring-jdbc-3.2.2.RELEASE.jar
7fbb33823000-7fbb33835000 r--s 000c2000 fc:01 2628173                    /home/java/.m2/repository/org/springframework/spring-core/3.2.2.RELEASE/spring-core-3.2.2.RELEASE.jar
7fbb33835000-7fbb33841000 r--s 00089000 fc:01 2628176                    /home/java/.m2/repository/org/springframework/spring-beans/3.2.2.RELEASE/spring-beans-3.2.2.RELEASE.jar
7fbb33841000-7fbb33843000 r--s 00000000 fc:01 2628210                    /home/java/.m2/repository/aopalliance/aopalliance/1.0/aopalliance-1.0.jar
7fbb33843000-7fbb3384b000 r--s 0004a000 fc:01 2628174                    /home/java/.m2/repository/org/springframework/spring-aop/3.2.2.RELEASE/spring-aop-3.2.2.RELEASE.jar
7fbb3384b000-7fbb3384f000 r--s 00012000 fc:01 2370314                    /home/java/.m2/repository/org/apache/wicket/wicket-request/6.15.0/wicket-request-6.15.0.jar
7fbb3384f000-7fbb33859000 r--s 0005e000 fc:01 2370313                    /home/java/.m2/repository/org/apache/wicket/wicket-util/6.15.0/wicket-util-6.15.0.jar
7fbb33859000-7fbb3387e000 r--s 001ea000 fc:01 2370312                    /home/java/.m2/repository/org/apache/wicket/wicket-core/6.15.0/wicket-core-6.15.0.jar
7fbb3387e000-7fbb33881000 r--s 0001f000 fc:01 2628208                    /home/java/.m2/repository/org/hibernate/hibernate-ehcache/4.1.8.Final/hibernate-ehcache-4.1.8.Final.jar
7fbb33881000-7fbb33882000 r--s 0007c000 fc:01 2369748                    /home/java/.m2/repository/org/apache/lucene/lucene-stempel/3.5.0/lucene-stempel-3.5.0.jar
7fbb33882000-7fbb33884000 r--s 0036c000 fc:01 2369747                    /home/java/.m2/repository/org/apache/lucene/lucene-smartcn/3.5.0/lucene-smartcn-3.5.0.jar
7fbb33884000-7fbb33886000 r--s 00005000 fc:01 2369746                    /home/java/.m2/repository/org/apache/httpcomponents/httpmime/4.2.3/httpmime-4.2.3.jar
7fbb33886000-7fbb3388c000 r--s 00031000 fc:01 2370311                    /home/java/.m2/repository/org/apache/httpcomponents/httpcore/4.2.2/httpcore-4.2.2.jar
7fbb3388c000-7fbb33895000 r--s 00061000 fc:01 2369744                    /home/java/.m2/repository/org/apache/httpcomponents/httpclient/4.2.3/httpclient-4.2.3.jar
7fbb33895000-7fbb338b9000 r--s 001aa000 fc:01 2628515                    /home/java/.m2/repository/com/google/guava/guava/13.0.1/guava-13.0.1.jar
7fbb338b9000-7fbb338ba000 r--s 00004000 fc:01 2628295                    /home/java/.m2/repository/org/restlet/jee/org.restlet.ext.servlet/2.1.1/org.restlet.ext.servlet-2.1.1.jar
7fbb338ba000-7fbb338c4000 r--s 000a8000 fc:01 2628294                    /home/java/.m2/repository/org/restlet/jee/org.restlet/2.1.1/org.restlet-2.1.1.jar
7fbb338c4000-7fbb338c6000 r--s 00009000 fc:01 2502625                    /home/java/.m2/repository/commons-cli/commons-cli/1.2/commons-cli-1.2.jar
7fbb338c6000-7fbb338c9000 r--s 00018000 fc:01 2370310                    /home/java/.m2/repository/org/apache/lucene/lucene-grouping/4.2.0/lucene-grouping-4.2.0.jar
7fbb338c9000-7fbb338cd000 r--s 0001f000 fc:01 2370309                    /home/java/.m2/repository/org/apache/lucene/lucene-suggest/4.2.0/lucene-suggest-4.2.0.jar
7fbb338cd000-7fbb338cf000 r--s 0000f000 fc:01 2628513                    /home/java/.m2/repository/com/spatial4j/spatial4j/0.3/spatial4j-0.3.jar
7fbb338cf000-7fbb338d1000 r--s 00012000 fc:01 2369741                    /home/java/.m2/repository/org/apache/lucene/lucene-spatial/4.2.0/lucene-spatial-4.2.0.jar
7fbb338d1000-7fbb338da000 r--s 00056000 fc:01 2370308                    /home/java/.m2/repository/org/apache/lucene/lucene-queryparser/4.2.0/lucene-queryparser-4.2.0.jar
7fbb338da000-7fbb338db000 r--s 0000d000 fc:01 2370306                    /home/java/.m2/repository/org/apache/lucene/lucene-misc/4.2.0/lucene-misc-4.2.0.jar
7fbb338db000-7fbb338dc000 r--s 00008000 fc:01 2369738                    /home/java/.m2/repository/org/apache/lucene/lucene-memory/4.2.0/lucene-memory-4.2.0.jar
7fbb338dc000-7fbb338df000 r--s 0001a000 fc:01 2370305                    /home/java/.m2/repository/org/apache/lucene/lucene-highlighter/4.2.0/lucene-highlighter-4.2.0.jar
7fbb338df000-7fbb338e0000 r--s 00005000 fc:01 2369736                    /home/java/.m2/repository/org/apache/lucene/lucene-analyzers-phonetic/4.2.0/lucene-analyzers-phonetic-4.2.0.jar
7fbb338e0000-7fbb338e2000 r--s 0000c000 fc:01 2628201                    /home/java/.m2/repository/org/carrot2/morfologik-fsa/1.5.5/morfologik-fsa-1.5.5.jar
7fbb338e2000-7fbb338e4000 r--s 00003000 fc:01 2628200                    /home/java/.m2/repository/org/carrot2/morfologik-stemming/1.5.5/morfologik-stemming-1.5.5.jar
7fbb338e4000-7fbb338e5000 r--s 0039d000 fc:01 2628199                    /home/java/.m2/repository/org/carrot2/morfologik-polish/1.5.5/morfologik-polish-1.5.5.jar
7fbb338e5000-7fbb338e6000 r--s 00004000 fc:01 2369735                    /home/java/.m2/repository/org/apache/lucene/lucene-analyzers-morfologik/4.2.0/lucene-analyzers-morfologik-4.2.0.jar
7fbb338e6000-7fbb338e9000 r--s 00445000 fc:01 2369734                    /home/java/.m2/repository/org/apache/lucene/lucene-analyzers-kuromoji/4.2.0/lucene-analyzers-kuromoji-4.2.0.jar
7fbb338e9000-7fbb338f8000 r--s 00166000 fc:01 2369733                    /home/java/.m2/repository/org/apache/lucene/lucene-analyzers-common/4.2.0/lucene-analyzers-common-4.2.0.jar
7fbb338f8000-7fbb338ff000 r--s 00042000 fc:01 2369732                    /home/java/.m2/repository/org/apache/lucene/lucene-codecs/4.2.0/lucene-codecs-4.2.0.jar
7fbb338ff000-7fbb33906000 r--s 00059000 fc:01 2369731                    /home/java/.m2/repository/org/apache/solr/solr-solrj/4.2.0/solr-solrj-4.2.0.jar
7fbb33906000-7fbb33924000 r--s 001e5000 fc:01 2370304                    /home/java/.m2/repository/org/apache/solr/solr-core/4.2.0/solr-core-4.2.0.jar
7fbb33924000-7fbb33926000 r--s 00007000 fc:01 2370303                    /home/java/.m2/repository/org/apache/solr/solr-analysis-extras/3.5.0/solr-analysis-extras-3.5.0.jar
7fbb33926000-7fbb33930000 r--s 000cc000 fc:01 2370302                    /home/java/.m2/repository/org/apache/lucene/lucene-analyzers/3.5.0/lucene-analyzers-3.5.0.jar
7fbb33930000-7fbb33948000 r--s 0014e000 fc:01 2369726                    /home/java/.m2/repository/org/apache/lucene/lucene-core/3.5.0/lucene-core-3.5.0.jar
7fbb33948000-7fbb33949000 r--s 00000000 fc:01 2628198                    /home/java/.m2/repository/org/hibernate/hibernate-search-analyzers/4.1.1.Final/hibernate-search-analyzers-4.1.1.Final.jar
7fbb33949000-7fbb3394c000 r--s 00011000 fc:01 2628512                    /home/java/.m2/repository/org/hibernate/common/hibernate-commons-annotations/4.0.1.Final/hibernate-commons-annotations-4.0.1.Final.jar
7fbb3394c000-7fbb33955000 r--s 00096000 fc:01 2628511                    /home/java/.m2/repository/org/javassist/javassist/3.15.0-GA/javassist-3.15.0-GA.jar
7fbb33955000-7fbb3395a000 r--s 00015000 fc:01 2628195                    /home/java/.m2/repository/org/hibernate/javax/persistence/hibernate-jpa-2.0-api/1.0.1.Final/hibernate-jpa-2.0-api-1.0.1.Final.jar
7fbb3395a000-7fbb3395f000 r--s 00048000 fc:01 2628194                    /home/java/.m2/repository/dom4j/dom4j/1.6.1/dom4j-1.6.1.jar
7fbb3395f000-7fbb33960000 r--s 00002000 fc:01 2628193                    /home/java/.m2/repository/org/jboss/spec/javax/transaction/jboss-transaction-api_1.1_spec/1.0.0.Final/jboss-transaction-api_1.1_spec-1.0.0.Final.jar
7fbb33960000-7fbb33962000 r--s 0000d000 fc:01 2628192                    /home/java/.m2/repository/org/jboss/logging/jboss-logging/3.1.0.GA/jboss-logging-3.1.0.GA.jar
7fbb33962000-7fbb339b0000 r--s 003fc000 fc:01 2628171                    /home/java/.m2/repository/org/hibernate/hibernate-core/4.1.8.Final/hibernate-core-4.1.8.Final.jar
7fbb339b0000-7fbb339b2000 r--s 0007a000 fc:01 2628170                    /home/java/.m2/repository/org/xerial/snappy/snappy-java/1.0.1-rc3/snappy-java-1.0.1-rc3.jar
7fbb339b2000-7fbb339b4000 r--s 00006000 fc:01 2628169                    /home/java/.m2/repository/com/thoughtworks/paranamer/paranamer/2.3/paranamer-2.3.jar
7fbb339b4000-7fbb339b8000 r--s 0002f000 fc:01 2369725                    /home/java/.m2/repository/org/codehaus/jackson/jackson-core-asl/1.7.3/jackson-core-asl-1.7.3.jar
7fbb339b8000-7fbb339c4000 r--s 0008d000 fc:01 2369724                    /home/java/.m2/repository/org/codehaus/jackson/jackson-mapper-asl/1.7.3/jackson-mapper-asl-1.7.3.jar
7fbb339c4000-7fbb339c9000 r--s 0003b000 fc:01 2369723                    /home/java/.m2/repository/org/apache/avro/avro/1.5.1/avro-1.5.1.jar
7fbb339c9000-7fbb339db000 r--s 000aa000 fc:01 2628168                    /home/java/.m2/repository/org/hibernate/hibernate-search-engine/4.1.1.Final/hibernate-search-engine-4.1.1.Final.jar
7fbb339db000-7fbb339df000 r--s 0001a000 fc:01 2628167                    /home/java/.m2/repository/org/hibernate/hibernate-search-orm/4.1.1.Final/hibernate-search-orm-4.1.1.Final.jar
7fbb339df000-7fbb339e0000 r--s 00000000 fc:01 2628166                    /home/java/.m2/repository/org/hibernate/hibernate-search/4.1.1.Final/hibernate-search-4.1.1.Final.jar
7fbb339e0000-7fbb339e5000 r--s 00014000 fc:01 2628165                    /home/java/.m2/repository/org/hibernate/java-persistence/jpa-api/2.0-cr-1/jpa-api-2.0-cr-1.jar
7fbb339e5000-7fbb339ee000 r--s 0007b000 fc:01 2628162                    /home/java/.m2/repository/org/dbunit/dbunit/2.4.3/dbunit-2.4.3.jar
7fbb339ee000-7fbb339f4000 r--s 0003b000 fc:01 2628682                    /home/java/.m2/repository/braunimmobilien/model/1.0/model-1.0.jar
7fbb339f4000-7fbb339fa000 r--s 00042000 fc:01 2628602                    /home/java/.m2/repository/org/jsoup/jsoup/1.7.2/jsoup-1.7.2.jar
7fbb339fa000-7fbb339fc000 r--s 00003000 fc:01 1177                       /home/java/wicket/appfuse/braunimmobilien-eclipse-maven/project/cocoon/target/rcl/webapp/WEB-INF/lib/jcl-over-slf4j-1.6.5.jar
7fbb339fc000-7fbb33a02000 r--s 00038000 fc:01 1179                       /home/java/wicket/appfuse/braunimmobilien-eclipse-maven/project/cocoon/target/rcl/webapp/WEB-INF/lib/logback-classic-1.0.5.jar
7fbb33a02000-7fbb33a04000 r--s 00005000 fc:01 1170                       /home/java/wicket/appfuse/braunimmobilien-eclipse-maven/project/cocoon/target/rcl/webapp/WEB-INF/lib/cocoon-rcl-webapp-wrapper-1.0.2.jar
7fbb33a04000-7fbb33a0b000 r--s 00050000 fc:01 1169                       /home/java/wicket/appfuse/braunimmobilien-eclipse-maven/project/cocoon/target/rcl/webapp/WEB-INF/lib/commons-configuration-1.8.jar
7fbb33a0b000-7fbb33a0d000 r--s 00003000 fc:01 1165                       /home/java/wicket/appfuse/braunimmobilien-eclipse-maven/project/cocoon/target/rcl/webapp/WEB-INF/lib/cocoon-rcl-spring-reloader-1.0.2.jar
7fbb33a0d000-7fbb33a12000 r--s 00068000 fc:01 1176                       /home/java/wicket/appfuse/braunimmobilien-eclipse-maven/project/cocoon/target/rcl/webapp/WEB-INF/lib/antlr-2.7.7.jar
7fbb33a12000-7fbb33a15000 r--s 00041000 fc:01 1173                       /home/java/wicket/appfuse/braunimmobilien-eclipse-maven/project/cocoon/target/rcl/webapp/WEB-INF/lib/serializer-2.7.1.jar
7fbb33a15000-7fbb33a18000 r--s 00025000 fc:01 1171                       /home/java/wicket/appfuse/braunimmobilien-eclipse-maven/project/cocoon/target/rcl/webapp/WEB-INF/lib/antlr-runtime-3.3.jar
7fbb33a18000-7fbb33a19000 r--s 00004000 fc:01 1172                       /home/java/wicket/appfuse/braunimmobilien-eclipse-maven/project/cocoon/target/rcl/webapp/WEB-INF/lib/commons-jci-fam-1.0.jar
7fbb33a19000-7fbb33a1c000 r--s 00022000 fc:01 1181                       /home/java/wicket/appfuse/braunimmobilien-eclipse-maven/project/cocoon/target/rcl/webapp/WEB-INF/lib/stringtemplate-3.2.1.jar
7fbb33a1c000-7fbb33a25000 r--s 0002d000 fc:01 1164                       /home/java/wicket/appfuse/braunimmobilien-eclipse-maven/project/cocoon/target/rcl/webapp/WEB-INF/lib/xml-apis-1.4.01.jar
7fbb33a25000-7fbb33a2a000 r--s 00041000 fc:01 1178                       /home/java/wicket/appfuse/braunimmobilien-eclipse-maven/project/cocoon/target/rcl/webapp/WEB-INF/lib/commons-lang-2.6.jar
7fbb33a2a000-7fbb33a2c000 r--s 00005000 fc:01 1183                       /home/java/wicket/appfuse/braunimmobilien-eclipse-maven/project/cocoon/target/rcl/webapp/WEB-INF/lib/slf4j-api-1.6.5.jar
7fbb33a2c000-7fbb33a2e000 r--s 00008000 fc:01 1180                       /home/java/wicket/appfuse/braunimmobilien-eclipse-maven/project/cocoon/target/rcl/webapp/WEB-INF/lib/classworlds-1.1-alpha-2.jar
7fbb33a2e000-7fbb33a32000 r--s 00036000 fc:01 1168                       /home/java/wicket/appfuse/braunimmobilien-eclipse-maven/project/cocoon/target/rcl/webapp/WEB-INF/lib/ST4-4.0.4.jar
7fbb33a32000-7fbb33a34000 r--s 00006000 fc:01 1166                       /home/java/wicket/appfuse/braunimmobilien-eclipse-maven/project/cocoon/target/rcl/webapp/WEB-INF/lib/commons-jci-core-1.0.jar
7fbb33a34000-7fbb33a59000 r--s 002e3000 fc:01 1174                       /home/java/wicket/appfuse/braunimmobilien-eclipse-maven/project/cocoon/target/rcl/webapp/WEB-INF/lib/xalan-2.7.1.jar
7fbb33a59000-7fbb33a62000 r--s 0004d000 fc:01 1175                       /home/java/wicket/appfuse/braunimmobilien-eclipse-maven/project/cocoon/target/rcl/webapp/WEB-INF/lib/logback-core-1.0.5.jar
7fbb33a62000-7fbb33a66000 r--s 00029000 fc:01 1167                       /home/java/wicket/appfuse/braunimmobilien-eclipse-maven/project/cocoon/target/rcl/webapp/WEB-INF/lib/commons-io-2.3.jar
7fbb33a66000-7fbb33a68000 r--s 00016000 fc:01 1182                       /home/java/wicket/appfuse/braunimmobilien-eclipse-maven/project/cocoon/target/rcl/webapp/WEB-INF/lib/servlet-api-2.4.jar
7fbb33a68000-7fbb33a6a000 r--s 00003000 fc:01 2760846                    /home/java/.m2/repository/org/mortbay/jetty/start/6.1.26/start-6.1.26.jar
7fbb33a6a000-7fbb33a6b000 r--s 00002000 fc:01 2628808                    /home/java/.m2/repository/org/apache/geronimo/specs/geronimo-annotation_1.0_spec/1.0/geronimo-annotation_1.0_spec-1.0.jar
7fbb33a6b000-7fbb33a6d000 r--s 00002000 fc:01 2760843                    /home/java/.m2/repository/org/mortbay/jetty/jetty-annotations/6.1.26/jetty-annotations-6.1.26.jar
7fbb33a6d000-7fbb33a7c000 r--s 000ee000 fc:01 2759159                    /home/java/.m2/repository/ant/ant/1.6.5/ant-1.6.5.jar
7fbb33a7c000-7fbb33a8a000 r--s 0018b000 fc:01 2760845                    /home/java/.m2/repository/org/eclipse/jdt/core/compiler/ecj/3.5.1/ecj-3.5.1.jar
7fbb33a8a000-7fbb33a9b000 r--s 000ea000 fc:01 2760841                    /home/java/.m2/repository/org/mortbay/jetty/jsp-2.1-glassfish/2.1.v20091210/jsp-2.1-glassfish-2.1.v20091210.jar
7fbb33a9b000-7fbb33a9f000 r--s 0001e000 fc:01 2760840                    /home/java/.m2/repository/org/mortbay/jetty/jsp-api-2.1-glassfish/2.1.v20091210/jsp-api-2.1-glassfish-2.1.v20091210.jar
7fbb33a9f000-7fbb33ac2000 r--s 00344000 fc:01 2760836                    /home/java/.m2/repository/org/eclipse/jdt/core/3.1.1/core-3.1.1.jar
7fbb33ac2000-7fbb33ac4000 r--s 00000000 fc:01 2760837                    /home/java/.m2/repository/org/mortbay/jetty/jsp-2.1-jetty/6.1.26/jsp-2.1-jetty-6.1.26.jar
7fbb33ac4000-7fbb33ac6000 r--s 00007000 fc:01 2760835                    /home/java/.m2/repository/org/mortbay/jetty/jetty-management/6.1.26/jetty-management-6.1.26.jar
7fbb33ac6000-7fbb33ac8000 r--s 0000e000 fc:01 2628219                    /home/java/.m2/repository/javax/activation/activation/1.1/activation-1.1.jar
7fbb33ac8000-7fbb33ace000 r--s 00059000 fc:01 2628804                    /home/java/.m2/repository/javax/mail/mail/1.4/mail-1.4.jar
7fbb33ace000-7fbb33acf000 r--s 00006000 fc:01 2760833                    /home/java/.m2/repository/org/mortbay/jetty/jetty-naming/6.1.26/jetty-naming-6.1.26.jar
7fbb33acf000-7fbb33ad1000 r--s 00002000 fc:01 2628803                    /home/java/.m2/repository/geronimo-spec/geronimo-spec-jta/1.0.1B-rc4/geronimo-spec-jta-1.0.1B-rc4.jar
7fbb33ad1000-7fbb33ad3000 r--s 0000d000 fc:01 2760832                    /home/java/.m2/repository/org/mortbay/jetty/jetty-plus/6.1.26/jetty-plus-6.1.26.jar
7fbb33ad3000-7fbb33ad5000 r--s 00004000 fc:01 2628802                    /home/java/.m2/repository/org/apache/maven/maven-plugin-tools-api/2.0/maven-plugin-tools-api-2.0.jar
7fbb33ad5000-7fbb33ad8000 r--s 00027000 fc:01 2504514                    /home/java/.m2/repository/org/codehaus/plexus/plexus-utils/1.1/plexus-utils-1.1.jar
7fbb33ad8000-7fbb33ada000 r--s 0001f000 fc:01 2758698                    /home/java/.m2/repository/org/mortbay/jetty/servlet-api/2.5-20081211/servlet-api-2.5-20081211.jar
7fbb33ada000-7fbb33ade000 r--s 00028000 fc:01 2758697                    /home/java/.m2/repository/org/mortbay/jetty/jetty-util/6.1.26/jetty-util-6.1.26.jar
7fbb33ade000-7fbb33ae5000 r--s 0007d000 fc:01 2758696                    /home/java/.m2/repository/org/mortbay/jetty/jetty/6.1.26/jetty-6.1.26.jar
7fbb33ae5000-7fbb33ae7000 r--s 0000a000 fc:01 2760742                    /home/java/.m2/repository/org/mortbay/jetty/maven-jetty-plugin/6.1.26/maven-jetty-plugin-6.1.26.jar
7fbb33ae7000-7fbb33af0000 r--s 00251000 fc:01 1319130                    /usr/lib/jvm/jdk1.7.0_55/jre/lib/resources.jar
7fbb33af0000-7fbb33af2000 r--s 00016000 fc:01 2760675                    /home/java/.m2/repository/javax/servlet/servlet-api/2.4/servlet-api-2.4.jar
7fbb33af2000-7fbb33afb000 r--s 0002d000 fc:01 2628609                    /home/java/.m2/repository/xml-apis/xml-apis/1.4.01/xml-apis-1.4.01.jar
7fbb33afb000-7fbb33afe000 r--s 00041000 fc:01 2628608                    /home/java/.m2/repository/xalan/serializer/2.7.1/serializer-2.7.1.jar
7fbb33afe000-7fbb33b23000 r--s 002e3000 fc:01 2628607                    /home/java/.m2/repository/xalan/xalan/2.7.1/xalan-2.7.1.jar
7fbb33b23000-7fbb33b26000 r--s 00020000 fc:01 2760673                    /home/java/.m2/repository/org/codehaus/plexus/plexus-archiver/1.0-alpha-7/plexus-archiver-1.0-alpha-7.jar
7fbb33b26000-7fbb33b27000 r--s 00002000 fc:01 2760670                    /home/java/.m2/repository/org/apache/maven/maven-archiver/2.2/maven-archiver-2.2.jar
7fbb33b27000-7fbb33b28000 r--s 00006000 fc:01 2760669                    /home/java/.m2/repository/org/apache/maven/plugins/maven-war-plugin/2.0.2/maven-war-plugin-2.0.2.jar
7fbb33b28000-7fbb33b2b000 r--s 00027000 fc:01 2760667                    /home/java/.m2/repository/org/codehaus/plexus/plexus-utils/1.0.5/plexus-utils-1.0.5.jar
7fbb33b2b000-7fbb33b2d000 r--s 00003000 fc:01 2760664                    /home/java/.m2/repository/org/slf4j/jcl-over-slf4j/1.6.5/jcl-over-slf4j-1.6.5.jar
7fbb33b2d000-7fbb33b33000 r--s 00038000 fc:01 2760663                    /home/java/.m2/repository/ch/qos/logback/logback-classic/1.0.5/logback-classic-1.0.5.jar
7fbb33b33000-7fbb33b3c000 r--s 0004d000 fc:01 2760674                    /home/java/.m2/repository/ch/qos/logback/logback-core/1.0.5/logback-core-1.0.5.jar
7fbb33b3c000-7fbb33b3e000 r--s 00005000 fc:01 2760662                    /home/java/.m2/repository/org/slf4j/slf4j-api/1.6.5/slf4j-api-1.6.5.jar
7fbb33b3e000-7fbb33b40000 r--s 00006000 fc:01 2760655                    /home/java/.m2/repository/org/apache/commons/commons-jci-core/1.0/commons-jci-core-1.0.jar
7fbb33b40000-7fbb33b42000 r--s 00005000 fc:01 2760654                    /home/java/.m2/repository/org/apache/cocoon/cocoon-rcl-webapp-wrapper/1.0.2/cocoon-rcl-webapp-wrapper-1.0.2.jar
7fbb33b42000-7fbb33b44000 r--s 00003000 fc:01 2760652                    /home/java/.m2/repository/org/apache/cocoon/cocoon-rcl-spring-reloader/1.0.2/cocoon-rcl-spring-reloader-1.0.2.jar
7fbb33b44000-7fbb33b4b000 r--s 00053000 fc:01 2759072                    /home/java/.m2/repository/log4j/log4j/1.2.14/log4j-1.2.14.jar
7fbb33b4b000-7fbb33b52000 r--s 00050000 fc:01 2760650                    /home/java/.m2/repository/commons-configuration/commons-configuration/1.8/commons-configuration-1.8.jar
7fbb33b52000-7fbb33b57000 r--s 00041000 fc:01 2628211                    /home/java/.m2/repository/commons-lang/commons-lang/2.6/commons-lang-2.6.jar
7fbb33b57000-7fbb33b5b000 r--s 00029000 fc:01 2760651                    /home/java/.m2/repository/commons-io/commons-io/2.3/commons-io-2.3.jar
7fbb33b5b000-7fbb33b60000 r--s 00068000 fc:01 2628175                    /home/java/.m2/repository/antlr/antlr/2.7.7/antlr-2.7.7.jar
7fbb33b60000-7fbb33b63000 r--s 00022000 fc:01 2628605                    /home/java/.m2/repository/org/antlr/stringtemplate/3.2.1/stringtemplate-3.2.1.jar
7fbb33b63000-7fbb33b66000 r--s 00025000 fc:01 2760649                    /home/java/.m2/repository/org/antlr/antlr-runtime/3.3/antlr-runtime-3.3.jar
7fbb33b66000-7fbb33b6a000 r--s 00036000 fc:01 2628712                    /home/java/.m2/repository/org/antlr/ST4/4.0.4/ST4-4.0.4.jar
7fbb33b6a000-7fbb33b6d000 r--s 00014000 fc:01 2368947                    /home/java/.m2/repository/org/apache/cocoon/cocoon-maven-plugin/1.0.2/cocoon-maven-plugin-1.0.2.jar
7fbb33b6d000-7fbb33bd8000 r--s 00e1f000 fc:01 1054468                    /usr/lib/jvm/jdk1.7.0_55/lib/tools.jar
7fbb33bd8000-7fbb33bee000 r-xp 00000000 fc:01 1575976                    /usr/lib/jvm/jdk1.7.0_55/jre/lib/amd64/libnet.so
7fbb33bee000-7fbb33dee000 ---p 00016000 fc:01 1575976                    /usr/lib/jvm/jdk1.7.0_55/jre/lib/amd64/libnet.so
7fbb33dee000-7fbb33def000 rw-p 00016000 fc:01 1575976                    /usr/lib/jvm/jdk1.7.0_55/jre/lib/amd64/libnet.so
7fbb33def000-7fbb33dff000 r-xp 00000000 fc:01 1576025                    /usr/lib/jvm/jdk1.7.0_55/jre/lib/amd64/libnio.so
7fbb33dff000-7fbb33fff000 ---p 00010000 fc:01 1576025                    /usr/lib/jvm/jdk1.7.0_55/jre/lib/amd64/libnio.so
7fbb33fff000-7fbb34000000 rw-p 00010000 fc:01 1576025                    /usr/lib/jvm/jdk1.7.0_55/jre/lib/amd64/libnio.so
7fbb34000000-7fbb34258000 rw-p 00000000 00:00 0 
7fbb34258000-7fbb38000000 ---p 00000000 00:00 0 
7fbb38000000-7fbb38001000 r--s 00004000 fc:01 2760659                    /home/java/.m2/repository/org/apache/commons/commons-jci-fam/1.0/commons-jci-fam-1.0.jar
7fbb38001000-7fbb38002000 r--s 0000c000 fc:01 2628713                    /home/java/.m2/repository/commons-logging/commons-logging/1.1/commons-logging-1.1.jar
7fbb38002000-7fbb38009000 r--s 00000000 fc:01 5114405                    /usr/lib/x86_64-linux-gnu/gconv/gconv-modules.cache
7fbb38009000-7fbb3802f000 r--p 00000000 fc:01 5510409                    /usr/share/locale-langpack/de/LC_MESSAGES/libc.mo
7fbb3802f000-7fbb38032000 r--s 0001b000 fc:01 2502603                    /home/java/.m2/repository/junit/junit/3.8.2/junit-3.8.2.jar
7fbb38032000-7fbb38040000 r--s 0008f000 fc:01 2627448                    /home/java/.m2/repository/com/google/collections/google-collections/1.0/google-collections-1.0.jar
7fbb38040000-7fbb38041000 r--s 0000a000 fc:01 2627447                    /home/java/.m2/repository/commons-logging/commons-logging-api/1.1/commons-logging-api-1.1.jar
7fbb38041000-7fbb38048000 r--s 00051000 fc:01 2627446                    /home/java/.m2/repository/log4j/log4j/1.2.12/log4j-1.2.12.jar
7fbb38048000-7fbb3804c000 r--s 0001d000 fc:01 2369136                    /home/java/.m2/repository/org/apache/xbean/xbean-reflect/3.4/xbean-reflect-3.4.jar
7fbb3804c000-7fbb3804d000 r--s 00004000 fc:01 2627445                    /home/java/.m2/repository/org/codehaus/plexus/plexus-compiler-javac/2.0/plexus-compiler-javac-2.0.jar
7fbb3804d000-7fbb3804f000 r--s 00000000 fc:01 2627444                    /home/java/.m2/repository/org/codehaus/plexus/plexus-compiler-manager/2.0/plexus-compiler-manager-2.0.jar
7fbb3804f000-7fbb38051000 r--s 00005000 fc:01 2627443                    /home/java/.m2/repository/org/codehaus/plexus/plexus-compiler-api/2.0/plexus-compiler-api-2.0.jar
7fbb38051000-7fbb38053000 r--s 00002000 fc:01 2627441                    /home/java/.m2/repository/org/apache/maven/shared/maven-shared-incremental/1.0/maven-shared-incremental-1.0.jar
7fbb38053000-7fbb38055000 r--s 00006000 fc:01 2627440                    /home/java/.m2/repository/com/google/code/findbugs/jsr305/2.0.1/jsr305-2.0.1.jar
7fbb38055000-7fbb38058000 r--s 00023000 fc:01 2502602                    /home/java/.m2/repository/org/apache/maven/shared/maven-shared-utils/0.1/maven-shared-utils-0.1.jar
7fbb38058000-7fbb3805c000 r--s 00030000 fc:01 2369135                    /home/java/.m2/repository/org/codehaus/plexus/plexus-utils/1.5.1/plexus-utils-1.5.1.jar
7fbb3805c000-7fbb3805e000 r--s 00009000 fc:01 2368939                    /home/java/.m2/repository/org/apache/maven/plugins/maven-compiler-plugin/3.0/maven-compiler-plugin-3.0.jar
7fbb3805e000-7fbb38060000 r--s 0000b000 fc:01 2759234                    /home/java/.m2/repository/org/codehaus/plexus/plexus-interpolation/1.6/plexus-interpolation-1.6.jar
7fbb38060000-7fbb38061000 r--s 00001000 fc:01 2502659                    /home/java/.m2/repository/org/apache/maven/doxia/doxia-sink-api/1.0-alpha-7/doxia-sink-api-1.0-alpha-7.jar
7fbb38061000-7fbb38062000 r--s 00002000 fc:01 2502658                    /home/java/.m2/repository/org/apache/maven/reporting/maven-reporting-api/2.0.6/maven-reporting-api-2.0.6.jar
7fbb38062000-7fbb38064000 r--s 00007000 fc:01 2628551                    /home/java/.m2/repository/org/apache/maven/shared/maven-filtering/1.0-beta-2/maven-filtering-1.0-beta-2.jar
7fbb38064000-7fbb38069000 r--s 00039000 fc:01 2759083                    /home/java/.m2/repository/org/codehaus/plexus/plexus-utils/1.5.6/plexus-utils-1.5.6.jar
7fbb38069000-7fbb3806c000 r--s 0001b000 fc:01 2502627                    /home/java/.m2/repository/junit/junit/3.8.1/junit-3.8.1.jar
7fbb3806c000-7fbb3806e000 r--s 00004000 fc:01 2370418                    /home/java/.m2/repository/org/apache/maven/plugins/maven-resources-plugin/2.3/maven-resources-plugin-2.3.jar
7fbb3806e000-7fbb3806f000 r--s 00002000 fc:01 2758885                    /home/java/.m2/repository/org/codehaus/plexus/plexus-i18n/1.0-beta-6/plexus-i18n-1.0-beta-6.jar
7fbb3806f000-7fbb38071000 r--s 00000000 fc:01 2627442                    /home/java/.m2/repository/org/codehaus/plexus/plexus-component-annotations/1.5.5/plexus-component-annotations-1.5.5.jar
7fbb38071000-7fbb38073000 r--s 0000c000 fc:01 2758884                    /home/java/.m2/repository/org/apache/maven/shared/maven-dependency-tree/2.0/maven-dependency-tree-2.0.jar
7fbb38073000-7fbb38078000 r--s 00040000 fc:01 2758883                    /home/java/.m2/repository/org/beanshell/bsh/2.0b4/bsh-2.0b4.jar
7fbb38078000-7fbb3807a000 r--s 00006000 fc:01 2758882                    /home/java/.m2/repository/org/apache/maven/shared/maven-common-artifact-filters/1.2/maven-common-artifact-filters-1.2.jar
7fbb3807a000-7fbb3807c000 r--s 00011000 fc:01 2370362                    /home/java/.m2/repository/org/apache/maven/enforcer/enforcer-rules/1.2/enforcer-rules-1.2.jar
7fbb3807c000-7fbb3807d000 r--s 00002000 fc:01 2370361                    /home/java/.m2/repository/org/apache/maven/enforcer/enforcer-api/1.2/enforcer-api-1.2.jar
7fbb3807d000-7fbb38081000 r--s 00038000 fc:01 2758881                    /home/java/.m2/repository/commons-lang/commons-lang/2.3/commons-lang-2.3.jar
7fbb38081000-7fbb38086000 r--s 0003d000 fc:01 2758880                    /home/java/.m2/repository/org/codehaus/plexus/plexus-utils/1.5.8/plexus-utils-1.5.8.jar
7fbb38086000-7fbb38088000 r--s 00002000 fc:01 2502661                    /home/java/.m2/repository/org/codehaus/plexus/plexus-interactivity-api/1.0-alpha-4/plexus-interactivity-api-1.0-alpha-4.jar
7fbb38088000-7fbb3808a000 r--s 00006000 fc:01 2502660                    /home/java/.m2/repository/commons-cli/commons-cli/1.0/commons-cli-1.0.jar
7fbb3808a000-7fbb3808b000 r--s 00002000 fc:01 2502674                    /home/java/.m2/repository/org/apache/maven/doxia/doxia-sink-api/1.0-alpha-10/doxia-sink-api-1.0-alpha-10.jar
7fbb3808b000-7fbb3808c000 r--s 00002000 fc:01 2502673                    /home/java/.m2/repository/org/apache/maven/reporting/maven-reporting-api/2.0.9/maven-reporting-api-2.0.9.jar
7fbb3808c000-7fbb3808e000 r--s 00005000 fc:01 2368574                    /home/java/.m2/repository/org/apache/maven/plugins/maven-enforcer-plugin/1.2/maven-enforcer-plugin-1.2.jar
7fbb3808e000-7fbb38092000 r--s 0002d000 fc:01 1575949                    /usr/lib/jvm/jdk1.7.0_55/jre/lib/ext/sunjce_provider.jar
7fbb38092000-7fbb38095000 r--s 00037000 fc:01 1575952                    /usr/lib/jvm/jdk1.7.0_55/jre/lib/ext/sunpkcs11.jar
7fbb38095000-7fbb38097000 r--s 00019000 fc:01 1319122                    /usr/lib/jvm/jdk1.7.0_55/jre/lib/jce.jar
7fbb38097000-7fbb3809b000 r--s 0008a000 fc:01 1319137                    /usr/lib/jvm/jdk1.7.0_55/jre/lib/jsse.jar
7fbb3809b000-7fbb380a1000 r--s 0003e000 fc:01 5258865                    /usr/share/java/maven3-compat-3.0.5.jar
7fbb380a1000-7fbb380a3000 r--s 00025000 fc:01 5258858                    /usr/share/java/maven3-model-3.0.5.jar
7fbb380a3000-7fbb380a4000 ---p 00000000 00:00 0 
7fbb380a4000-7fbb381a4000 rw-p 00000000 00:00 0                          [stack:3732]
7fbb381a4000-7fbb381a7000 ---p 00000000 00:00 0 
7fbb381a7000-7fbb382a5000 rw-p 00000000 00:00 0                          [stack:3731]
7fbb382a5000-7fbb382a8000 ---p 00000000 00:00 0 
7fbb382a8000-7fbb383a6000 rw-p 00000000 00:00 0                          [stack:3730]
7fbb383a6000-7fbb383a9000 ---p 00000000 00:00 0 
7fbb383a9000-7fbb384a7000 rw-p 00000000 00:00 0                          [stack:3729]
7fbb384a7000-7fbb384aa000 ---p 00000000 00:00 0 
7fbb384aa000-7fbb385a8000 rw-p 00000000 00:00 0                          [stack:3728]
7fbb385a8000-7fbb38dfe000 r--p 00000000 fc:01 4856831                    /usr/lib/locale/locale-archive
7fbb38dfe000-7fbb38e01000 ---p 00000000 00:00 0 
7fbb38e01000-7fbb38eff000 rw-p 00000000 00:00 0                          [stack:3727]
7fbb38eff000-7fbb38f02000 ---p 00000000 00:00 0 
7fbb38f02000-7fbb39000000 rw-p 00000000 00:00 0                          [stack:3726]
7fbb39000000-7fbb39480000 rwxp 00000000 00:00 0 
7fbb39480000-7fbb3da08000 rw-p 00000000 00:00 0 
7fbb3da08000-7fbb40000000 ---p 00000000 00:00 0 
7fbb40000000-7fbb40001000 r--s 00003000 fc:01 1575947                    /usr/lib/jvm/jdk1.7.0_55/jre/lib/ext/sunec.jar
7fbb40001000-7fbb40032000 rw-p 00000000 00:00 0 
7fbb40032000-7fbb40034000 r--s 00007000 fc:01 5258405                    /usr/share/java/commons-cli-1.2.jar
7fbb40034000-7fbb40050000 r--s 00110000 fc:01 5258837                    /usr/share/java/wagon-http-shaded-2.x.jar
7fbb40050000-7fbb40054000 r--s 00020000 fc:01 5258867                    /usr/share/java/maven3-model-builder-3.0.5.jar
7fbb40054000-7fbb40056000 r--s 00006000 fc:01 1578534                    /usr/share/maven-repo/org/sonatype/aether/aether-connector-wagon/1.13.1/aether-connector-wagon-1.13.1.jar
7fbb40056000-7fbb40059000 r--s 00013000 fc:01 1578516                    /usr/share/maven-repo/org/sonatype/aether/aether-api/1.13.1/aether-api-1.13.1.jar
7fbb40059000-7fbb4005b000 r--s 00009000 fc:01 5258861                    /usr/share/java/maven3-settings-3.0.5.jar
7fbb4005b000-7fbb4005f000 r--s 00033000 fc:01 5258699                    /usr/share/java/plexus-utils2-2.0.5.jar
7fbb4005f000-7fbb40066000 r--s 00040000 fc:01 5258726                    /usr/share/java/sisu-inject-bean.jar
7fbb40066000-7fbb40068000 r--s 00000000 fc:01 5258706                    /usr/share/java/plexus-component-annotations-1.5-1.5.5.jar
7fbb40068000-7fbb40074000 r--s 0007c000 fc:01 5258859                    /usr/share/java/maven3-core-3.0.5.jar
7fbb40074000-7fbb40076000 r--s 0000a000 fc:01 5258829                    /usr/share/java/wagon-provider-api-2.x.jar
7fbb40076000-7fbb40078000 r--s 00008000 fc:01 5258860                    /usr/share/java/maven3-embedder-3.0.5.jar
7fbb40078000-7fbb40084000 r--s 00082000 fc:01 5258717                    /usr/share/java/sisu-guice.jar
7fbb40084000-7fbb400ad000 r--s 001e9000 fc:01 5258413                    /usr/share/java/guava.jar
7fbb400ad000-7fbb400ae000 ---p 00000000 00:00 0 
7fbb400ae000-7fbb411ad000 rw-p 00000000 00:00 0                          [stack:3725]
7fbb411ad000-7fbb4136b000 r--s 039d0000 fc:01 1319117                    /usr/lib/jvm/jdk1.7.0_55/jre/lib/rt.jar
7fbb4136b000-7fbb41894000 rw-p 00000000 00:00 0 
7fbb41894000-7fbb41895000 ---p 00000000 00:00 0 
7fbb41895000-7fbb41995000 rw-p 00000000 00:00 0                          [stack:3724]
7fbb41995000-7fbb41996000 ---p 00000000 00:00 0 
7fbb41996000-7fbb41a96000 rw-p 00000000 00:00 0                          [stack:3723]
7fbb41a96000-7fbb41a97000 ---p 00000000 00:00 0 
7fbb41a97000-7fbb41b97000 rw-p 00000000 00:00 0                          [stack:3722]
7fbb41b97000-7fbb41b98000 ---p 00000000 00:00 0 
7fbb41b98000-7fbb41cab000 rw-p 00000000 00:00 0                          [stack:3721]
7fbb41cab000-7fbb41cc1000 rw-p 00000000 00:00 0 
7fbb41cc1000-7fbb41cf7000 rw-p 00000000 00:00 0 
7fbb41cf7000-7fbb41f55000 rw-p 00000000 00:00 0 
7fbb41f55000-7fbb41f68000 rw-p 00000000 00:00 0 
7fbb41f68000-7fbb41f7e000 rw-p 00000000 00:00 0 
7fbb41f7e000-7fbb41fb4000 rw-p 00000000 00:00 0 
7fbb41fb4000-7fbb42212000 rw-p 00000000 00:00 0 
7fbb42212000-7fbb422f3000 rw-p 00000000 00:00 0 
7fbb422f3000-7fbb4235c000 rw-p 00000000 00:00 0 
7fbb4235c000-7fbb4235d000 rw-p 00000000 00:00 0 
7fbb4235d000-7fbb42377000 r-xp 00000000 fc:01 1576001                    /usr/lib/jvm/jdk1.7.0_55/jre/lib/amd64/libzip.so
7fbb42377000-7fbb42577000 ---p 0001a000 fc:01 1576001                    /usr/lib/jvm/jdk1.7.0_55/jre/lib/amd64/libzip.so
7fbb42577000-7fbb42578000 rw-p 0001a000 fc:01 1576001                    /usr/lib/jvm/jdk1.7.0_55/jre/lib/amd64/libzip.so
7fbb42578000-7fbb42583000 r-xp 00000000 fc:01 5378027                    /lib/x86_64-linux-gnu/libnss_files-2.19.so
7fbb42583000-7fbb42782000 ---p 0000b000 fc:01 5378027                    /lib/x86_64-linux-gnu/libnss_files-2.19.so
7fbb42782000-7fbb42783000 r--p 0000a000 fc:01 5378027                    /lib/x86_64-linux-gnu/libnss_files-2.19.so
7fbb42783000-7fbb42784000 rw-p 0000b000 fc:01 5378027                    /lib/x86_64-linux-gnu/libnss_files-2.19.so
7fbb42784000-7fbb4278f000 r-xp 00000000 fc:01 5378037                    /lib/x86_64-linux-gnu/libnss_nis-2.19.so
7fbb4278f000-7fbb4298e000 ---p 0000b000 fc:01 5378037                    /lib/x86_64-linux-gnu/libnss_nis-2.19.so
7fbb4298e000-7fbb4298f000 r--p 0000a000 fc:01 5378037                    /lib/x86_64-linux-gnu/libnss_nis-2.19.so
7fbb4298f000-7fbb42990000 rw-p 0000b000 fc:01 5378037                    /lib/x86_64-linux-gnu/libnss_nis-2.19.so
7fbb42990000-7fbb429a7000 r-xp 00000000 fc:01 5378021                    /lib/x86_64-linux-gnu/libnsl-2.19.so
7fbb429a7000-7fbb42ba6000 ---p 00017000 fc:01 5378021                    /lib/x86_64-linux-gnu/libnsl-2.19.so
7fbb42ba6000-7fbb42ba7000 r--p 00016000 fc:01 5378021                    /lib/x86_64-linux-gnu/libnsl-2.19.so
7fbb42ba7000-7fbb42ba8000 rw-p 00017000 fc:01 5378021                    /lib/x86_64-linux-gnu/libnsl-2.19.so
7fbb42ba8000-7fbb42baa000 rw-p 00000000 00:00 0 
7fbb42baa000-7fbb42bb3000 r-xp 00000000 fc:01 5378023                    /lib/x86_64-linux-gnu/libnss_compat-2.19.so
7fbb42bb3000-7fbb42db2000 ---p 00009000 fc:01 5378023                    /lib/x86_64-linux-gnu/libnss_compat-2.19.so
7fbb42db2000-7fbb42db3000 r--p 00008000 fc:01 5378023                    /lib/x86_64-linux-gnu/libnss_compat-2.19.so
7fbb42db3000-7fbb42db4000 rw-p 00009000 fc:01 5378023                    /lib/x86_64-linux-gnu/libnss_compat-2.19.so
7fbb42db4000-7fbb42ddd000 r-xp 00000000 fc:01 1575992                    /usr/lib/jvm/jdk1.7.0_55/jre/lib/amd64/libjava.so
7fbb42ddd000-7fbb42fdd000 ---p 00029000 fc:01 1575992                    /usr/lib/jvm/jdk1.7.0_55/jre/lib/amd64/libjava.so
7fbb42fdd000-7fbb42fdf000 rw-p 00029000 fc:01 1575992                    /usr/lib/jvm/jdk1.7.0_55/jre/lib/amd64/libjava.so
7fbb42fdf000-7fbb42fec000 r-xp 00000000 fc:01 1575981                    /usr/lib/jvm/jdk1.7.0_55/jre/lib/amd64/libverify.so
7fbb42fec000-7fbb431eb000 ---p 0000d000 fc:01 1575981                    /usr/lib/jvm/jdk1.7.0_55/jre/lib/amd64/libverify.so
7fbb431eb000-7fbb431ed000 rw-p 0000c000 fc:01 1575981                    /usr/lib/jvm/jdk1.7.0_55/jre/lib/amd64/libverify.so
7fbb431ed000-7fbb431f4000 r-xp 00000000 fc:01 5378080                    /lib/x86_64-linux-gnu/librt-2.19.so
7fbb431f4000-7fbb433f3000 ---p 00007000 fc:01 5378080                    /lib/x86_64-linux-gnu/librt-2.19.so
7fbb433f3000-7fbb433f4000 r--p 00006000 fc:01 5378080                    /lib/x86_64-linux-gnu/librt-2.19.so
7fbb433f4000-7fbb433f5000 rw-p 00007000 fc:01 5378080                    /lib/x86_64-linux-gnu/librt-2.19.so
7fbb433f5000-7fbb434fa000 r-xp 00000000 fc:01 5378002                    /lib/x86_64-linux-gnu/libm-2.19.so
7fbb434fa000-7fbb436f9000 ---p 00105000 fc:01 5378002                    /lib/x86_64-linux-gnu/libm-2.19.so
7fbb436f9000-7fbb436fa000 r--p 00104000 fc:01 5378002                    /lib/x86_64-linux-gnu/libm-2.19.so
7fbb436fa000-7fbb436fb000 rw-p 00105000 fc:01 5378002                    /lib/x86_64-linux-gnu/libm-2.19.so
7fbb436fb000-7fbb4425d000 r-xp 00000000 fc:01 1575999                    /usr/lib/jvm/jdk1.7.0_55/jre/lib/amd64/server/libjvm.so
7fbb4425d000-7fbb4445d000 ---p 00b62000 fc:01 1575999                    /usr/lib/jvm/jdk1.7.0_55/jre/lib/amd64/server/libjvm.so
7fbb4445d000-7fbb44520000 rw-p 00b62000 fc:01 1575999                    /usr/lib/jvm/jdk1.7.0_55/jre/lib/amd64/server/libjvm.so
7fbb44520000-7fbb44561000 rw-p 00000000 00:00 0 
7fbb44561000-7fbb4471d000 r-xp 00000000 fc:01 5377952                    /lib/x86_64-linux-gnu/libc-2.19.so
7fbb4471d000-7fbb4491c000 ---p 001bc000 fc:01 5377952                    /lib/x86_64-linux-gnu/libc-2.19.so
7fbb4491c000-7fbb44920000 r--p 001bb000 fc:01 5377952                    /lib/x86_64-linux-gnu/libc-2.19.so
7fbb44920000-7fbb44922000 rw-p 001bf000 fc:01 5377952                    /lib/x86_64-linux-gnu/libc-2.19.so
7fbb44922000-7fbb44927000 rw-p 00000000 00:00 0 
7fbb44927000-7fbb4492a000 r-xp 00000000 fc:01 5377969                    /lib/x86_64-linux-gnu/libdl-2.19.so
7fbb4492a000-7fbb44b29000 ---p 00003000 fc:01 5377969                    /lib/x86_64-linux-gnu/libdl-2.19.so
7fbb44b29000-7fbb44b2a000 r--p 00002000 fc:01 5377969                    /lib/x86_64-linux-gnu/libdl-2.19.so
7fbb44b2a000-7fbb44b2b000 rw-p 00003000 fc:01 5377969                    /lib/x86_64-linux-gnu/libdl-2.19.so
7fbb44b2b000-7fbb44b41000 r-xp 00000000 fc:01 1574962                    /usr/lib/jvm/jdk1.7.0_55/lib/amd64/jli/libjli.so
7fbb44b41000-7fbb44d41000 ---p 00016000 fc:01 1574962                    /usr/lib/jvm/jdk1.7.0_55/lib/amd64/jli/libjli.so
7fbb44d41000-7fbb44d42000 rw-p 00016000 fc:01 1574962                    /usr/lib/jvm/jdk1.7.0_55/lib/amd64/jli/libjli.so
7fbb44d42000-7fbb44d5b000 r-xp 00000000 fc:01 5378072                    /lib/x86_64-linux-gnu/libpthread-2.19.so
7fbb44d5b000-7fbb44f5a000 ---p 00019000 fc:01 5378072                    /lib/x86_64-linux-gnu/libpthread-2.19.so
7fbb44f5a000-7fbb44f5b000 r--p 00018000 fc:01 5378072                    /lib/x86_64-linux-gnu/libpthread-2.19.so
7fbb44f5b000-7fbb44f5c000 rw-p 00019000 fc:01 5378072                    /lib/x86_64-linux-gnu/libpthread-2.19.so
7fbb44f5c000-7fbb44f60000 rw-p 00000000 00:00 0 
7fbb44f60000-7fbb44f83000 r-xp 00000000 fc:01 5377928                    /lib/x86_64-linux-gnu/ld-2.19.so
7fbb44f83000-7fbb44f86000 r--s 0001d000 fc:01 1578528                    /usr/share/maven-repo/org/sonatype/aether/aether-impl/1.13.1/aether-impl-1.13.1.jar
7fbb44f86000-7fbb44f87000 r--s 0000d000 fc:01 5258277                    /usr/share/java/commons-logging-1.1.3.jar
7fbb44f87000-7fbb44f8e000 r--s 0003b000 fc:01 5258429                    /usr/share/java/commons-codec-1.9.jar
7fbb44f8e000-7fbb44f94000 r--s 00046000 fc:01 5258548                    /usr/share/java/commons-httpclient-3.1.jar
7fbb44f94000-7fbb44f98000 r--s 0001c000 fc:01 1186874                    /usr/share/maven-repo/org/sonatype/aether/aether-util/1.13.1/aether-util-1.13.1.jar
7fbb44f98000-7fbb44f9a000 r--s 00002000 fc:01 5258544                    /usr/share/java/plexus-cipher.jar
7fbb44f9a000-7fbb44fac000 rw-p 00000000 00:00 0 
7fbb44fac000-7fbb4505a000 rw-p 00000000 00:00 0 
7fbb4505a000-7fbb4505d000 ---p 00000000 00:00 0 
7fbb4505d000-7fbb4515f000 rw-p 00000000 00:00 0                          [stack:3720]
7fbb4515f000-7fbb45160000 r--s 00006000 fc:01 5258546                    /usr/share/java/plexus-sec-dispatcher.jar
7fbb45160000-7fbb45162000 r--s 0000b000 fc:01 5258857                    /usr/share/java/maven3-aether-provider-3.0.5.jar
7fbb45162000-7fbb45164000 r--s 00009000 fc:01 5258866                    /usr/share/java/maven3-plugin-api-3.0.5.jar
7fbb45164000-7fbb45166000 r--s 0000e000 fc:01 5258441                    /usr/share/java/plexus-interpolation.jar
7fbb45166000-7fbb45167000 r--s 00003000 fc:01 1578511                    /usr/share/maven-repo/org/sonatype/aether/aether-spi/1.13.1/aether-spi-1.13.1.jar
7fbb45167000-7fbb45169000 r--s 0000a000 fc:01 5258863                    /usr/share/java/maven3-artifact-3.0.5.jar
7fbb45169000-7fbb4516b000 r--s 00005000 fc:01 5258862                    /usr/share/java/maven3-repository-metadata-3.0.5.jar
7fbb4516b000-7fbb4516d000 r--s 00007000 fc:01 5258864                    /usr/share/java/maven3-settings-builder-3.0.5.jar
7fbb4516d000-7fbb4516e000 r--s 00001000 fc:01 5258830                    /usr/share/java/wagon-file-2.x.jar
7fbb4516e000-7fbb45174000 r--s 0002c000 fc:01 5258721                    /usr/share/java/sisu-inject-plexus.jar
7fbb45174000-7fbb45176000 r--s 0000a000 fc:01 5258385                    /usr/share/java/plexus-classworlds2-2.5.1.jar
7fbb45176000-7fbb4517e000 rw-s 00000000 fc:01 393844                     /tmp/hsperfdata_java/3702
7fbb4517e000-7fbb4517f000 rw-p 00000000 00:00 0 
7fbb4517f000-7fbb45180000 ---p 00000000 00:00 0 
7fbb45180000-7fbb45182000 rw-p 00000000 00:00 0 
7fbb45182000-7fbb45183000 r--p 00022000 fc:01 5377928                    /lib/x86_64-linux-gnu/ld-2.19.so
7fbb45183000-7fbb45184000 rw-p 00023000 fc:01 5377928                    /lib/x86_64-linux-gnu/ld-2.19.so
7fbb45184000-7fbb45185000 rw-p 00000000 00:00 0 
7fff6851d000-7fff6853e000 rw-p 00000000 00:00 0                          [stack]
7fff685fe000-7fff68600000 r-xp 00000000 00:00 0                          [vdso]
ffffffffff600000-ffffffffff601000 r-xp 00000000 00:00 0                  [vsyscall]

VM Arguments:
jvm_args: -Dclassworlds.conf=/usr/share/maven/bin/m2.conf -Dmaven.home=/usr/share/maven 
java_command: org.codehaus.plexus.classworlds.launcher.Launcher jetty:run
Launcher Type: SUN_STANDARD

Environment Variables:
JAVA_HOME=/usr/lib/jvm/jdk1.7.0_55
PATH=/home/java/googlecloud/google-cloud-sdk/bin:/usr/local/sbin:/usr/local/bin:/usr/sbin:/usr/bin:/sbin:/bin:/usr/games:/usr/local/games
SHELL=/bin/bash
DISPLAY=:0

Signal Handlers:
SIGSEGV: [libjvm.so+0x993980], sa_mask[0]=0x7ffbfeff, sa_flags=0x10000004
SIGBUS: [libjvm.so+0x993980], sa_mask[0]=0x7ffbfeff, sa_flags=0x10000004
SIGFPE: [libjvm.so+0x8106e0], sa_mask[0]=0x7ffbfeff, sa_flags=0x10000004
SIGPIPE: [libjvm.so+0x8106e0], sa_mask[0]=0x7ffbfeff, sa_flags=0x10000004
SIGXFSZ: [libjvm.so+0x8106e0], sa_mask[0]=0x7ffbfeff, sa_flags=0x10000004
SIGILL: [libjvm.so+0x8106e0], sa_mask[0]=0x7ffbfeff, sa_flags=0x10000004
SIGUSR1: SIG_DFL, sa_mask[0]=0x00000000, sa_flags=0x00000000
SIGUSR2: [libjvm.so+0x811bd0], sa_mask[0]=0x00000000, sa_flags=0x10000004
SIGHUP: [libjvm.so+0x812b40], sa_mask[0]=0x7ffbfeff, sa_flags=0x10000004
SIGINT: [libjvm.so+0x812b40], sa_mask[0]=0x7ffbfeff, sa_flags=0x10000004
SIGTERM: [libjvm.so+0x812b40], sa_mask[0]=0x7ffbfeff, sa_flags=0x10000004
SIGQUIT: [libjvm.so+0x812b40], sa_mask[0]=0x7ffbfeff, sa_flags=0x10000004


---------------  S Y S T E M  ---------------

OS:jessie/sid

uname:Linux 3.13.0-24-generic #47-Ubuntu SMP Fri May 2 23:30:00 UTC 2014 x86_64
libc:glibc 2.19 NPTL 2.19 
rlimit: STACK 8192k, CORE 0k, NPROC 63089, NOFILE 4096, AS infinity
load average:0,46 0,18 0,08

/proc/meminfo:
MemTotal:        8106360 kB
MemFree:         4187348 kB
Buffers:           81280 kB
Cached:          1212652 kB
SwapCached:            0 kB
Active:          2798756 kB
Inactive:         883984 kB
Active(anon):    2390816 kB
Inactive(anon):    17364 kB
Active(file):     407940 kB
Inactive(file):   866620 kB
Unevictable:          48 kB
Mlocked:              48 kB
SwapTotal:       8318972 kB
SwapFree:        8318972 kB
Dirty:              1468 kB
Writeback:             0 kB
AnonPages:       2393844 kB
Mapped:           243424 kB
Shmem:             18496 kB
Slab:              87372 kB
SReclaimable:      54420 kB
SUnreclaim:        32952 kB
KernelStack:        4248 kB
PageTables:        36364 kB
NFS_Unstable:          0 kB
Bounce:                0 kB
WritebackTmp:          0 kB
CommitLimit:    12372152 kB
Committed_AS:    5971224 kB
VmallocTotal:   34359738367 kB
VmallocUsed:      128156 kB
VmallocChunk:   34359606780 kB
HardwareCorrupted:     0 kB
AnonHugePages:   1363968 kB
HugePages_Total:       0
HugePages_Free:        0
HugePages_Rsvd:        0
HugePages_Surp:        0
Hugepagesize:       2048 kB
DirectMap4k:      156796 kB
DirectMap2M:     3966976 kB
DirectMap1G:     4194304 kB


CPU:total 4 (4 cores per cpu, 1 threads per core) family 6 model 60 stepping 3, cmov, cx8, fxsr, mmx, sse, sse2, sse3, ssse3, sse4.1, sse4.2, popcnt, avx, avx2, aes, erms, tsc, tscinvbit

/proc/cpuinfo:
processor	: 0
vendor_id	: GenuineIntel
cpu family	: 6
model		: 60
model name	: Intel(R) Core(TM) i5-4570 CPU @ 3.20GHz
stepping	: 3
microcode	: 0x9
cpu MHz		: 3201.000
cache size	: 6144 KB
physical id	: 0
siblings	: 4
core id		: 0
cpu cores	: 4
apicid		: 0
initial apicid	: 0
fpu		: yes
fpu_exception	: yes
cpuid level	: 13
wp		: yes
flags		: fpu vme de pse tsc msr pae mce cx8 apic sep mtrr pge mca cmov pat pse36 clflush dts acpi mmx fxsr sse sse2 ss ht tm pbe syscall nx pdpe1gb rdtscp lm constant_tsc arch_perfmon pebs bts rep_good nopl xtopology nonstop_tsc aperfmperf eagerfpu pni pclmulqdq dtes64 monitor ds_cpl vmx smx est tm2 ssse3 fma cx16 xtpr pdcm pcid sse4_1 sse4_2 x2apic movbe popcnt tsc_deadline_timer aes xsave avx f16c rdrand lahf_lm abm ida arat epb xsaveopt pln pts dtherm tpr_shadow vnmi flexpriority ept vpid fsgsbase tsc_adjust bmi1 hle avx2 smep bmi2 erms invpcid rtm
bogomips	: 6397.56
clflush size	: 64
cache_alignment	: 64
address sizes	: 39 bits physical, 48 bits virtual
power management:

processor	: 1
vendor_id	: GenuineIntel
cpu family	: 6
model		: 60
model name	: Intel(R) Core(TM) i5-4570 CPU @ 3.20GHz
stepping	: 3
microcode	: 0x9
cpu MHz		: 3201.000
cache size	: 6144 KB
physical id	: 0
siblings	: 4
core id		: 1
cpu cores	: 4
apicid		: 2
initial apicid	: 2
fpu		: yes
fpu_exception	: yes
cpuid level	: 13
wp		: yes
flags		: fpu vme de pse tsc msr pae mce cx8 apic sep mtrr pge mca cmov pat pse36 clflush dts acpi mmx fxsr sse sse2 ss ht tm pbe syscall nx pdpe1gb rdtscp lm constant_tsc arch_perfmon pebs bts rep_good nopl xtopology nonstop_tsc aperfmperf eagerfpu pni pclmulqdq dtes64 monitor ds_cpl vmx smx est tm2 ssse3 fma cx16 xtpr pdcm pcid sse4_1 sse4_2 x2apic movbe popcnt tsc_deadline_timer aes xsave avx f16c rdrand lahf_lm abm ida arat epb xsaveopt pln pts dtherm tpr_shadow vnmi flexpriority ept vpid fsgsbase tsc_adjust bmi1 hle avx2 smep bmi2 erms invpcid rtm
bogomips	: 6397.56
clflush size	: 64
cache_alignment	: 64
address sizes	: 39 bits physical, 48 bits virtual
power management:

processor	: 2
vendor_id	: GenuineIntel
cpu family	: 6
model		: 60
model name	: Intel(R) Core(TM) i5-4570 CPU @ 3.20GHz
stepping	: 3
microcode	: 0x9
cpu MHz		: 3201.000
cache size	: 6144 KB
physical id	: 0
siblings	: 4
core id		: 2
cpu cores	: 4
apicid		: 4
initial apicid	: 4
fpu		: yes
fpu_exception	: yes
cpuid level	: 13
wp		: yes
flags		: fpu vme de pse tsc msr pae mce cx8 apic sep mtrr pge mca cmov pat pse36 clflush dts acpi mmx fxsr sse sse2 ss ht tm pbe syscall nx pdpe1gb rdtscp lm constant_tsc arch_perfmon pebs bts rep_good nopl xtopology nonstop_tsc aperfmperf eagerfpu pni pclmulqdq dtes64 monitor ds_cpl vmx smx est tm2 ssse3 fma cx16 xtpr pdcm pcid sse4_1 sse4_2 x2apic movbe popcnt tsc_deadline_timer aes xsave avx f16c rdrand lahf_lm abm ida arat epb xsaveopt pln pts dtherm tpr_shadow vnmi flexpriority ept vpid fsgsbase tsc_adjust bmi1 hle avx2 smep bmi2 erms invpcid rtm
bogomips	: 6397.56
clflush size	: 64
cache_alignment	: 64
address sizes	: 39 bits physical, 48 bits virtual
power management:

processor	: 3
vendor_id	: GenuineIntel
cpu family	: 6
model		: 60
model name	: Intel(R) Core(TM) i5-4570 CPU @ 3.20GHz
stepping	: 3
microcode	: 0x9
cpu MHz		: 3201.000
cache size	: 6144 KB
physical id	: 0
siblings	: 4
core id		: 3
cpu cores	: 4
apicid		: 6
initial apicid	: 6
fpu		: yes
fpu_exception	: yes
cpuid level	: 13
wp		: yes
flags		: fpu vme de pse tsc msr pae mce cx8 apic sep mtrr pge mca cmov pat pse36 clflush dts acpi mmx fxsr sse sse2 ss ht tm pbe syscall nx pdpe1gb rdtscp lm constant_tsc arch_perfmon pebs bts rep_good nopl xtopology nonstop_tsc aperfmperf eagerfpu pni pclmulqdq dtes64 monitor ds_cpl vmx smx est tm2 ssse3 fma cx16 xtpr pdcm pcid sse4_1 sse4_2 x2apic movbe popcnt tsc_deadline_timer aes xsave avx f16c rdrand lahf_lm abm ida arat epb xsaveopt pln pts dtherm tpr_shadow vnmi flexpriority ept vpid fsgsbase tsc_adjust bmi1 hle avx2 smep bmi2 erms invpcid rtm
bogomips	: 6397.56
clflush size	: 64
cache_alignment	: 64
address sizes	: 39 bits physical, 48 bits virtual
power management:



Memory: 4k page, physical 8106360k(4187348k free), swap 8318972k(8318972k free)

vm_info: Java HotSpot(TM) 64-Bit Server VM (24.55-b03) for linux-amd64 JRE (1.7.0_55-b13), built on Mar 17 2014 19:43:58 by "java_re" with gcc 4.3.0 20080428 (Red Hat 4.3.0-8)

time: Wed Dec  3 05:37:04 2014
elapsed time: 14 seconds

